[0.017s] Invoking command in '/home/songwoo/colcon_ws/build/dclaw_interfaces': CMAKE_PREFIX_PATH=${CMAKE_PREFIX_PATH}:/home/songwoo/colcon_ws/install/dclaw:/opt/ros/foxy /usr/bin/cmake --build /home/songwoo/colcon_ws/build/dclaw_interfaces -- -j8 -l8
[0.038s] -- Found ament_cmake: 0.9.11 (/opt/ros/foxy/share/ament_cmake/cmake)
[0.058s] -- Found PythonInterp: /usr/bin/python3 (found suitable version "3.8.10", minimum required is "3") 
[0.058s] -- Using PYTHON_EXECUTABLE: /usr/bin/python3
[0.186s] -- Override CMake install command with custom implementation using symlinks instead of copying resources
[0.191s] -- Found rosidl_default_generators: 1.0.1 (/opt/ros/foxy/share/rosidl_default_generators/cmake)
[0.193s] -- Using all available rosidl_typesupport_c: rosidl_typesupport_fastrtps_c;rosidl_typesupport_introspection_c
[0.196s] -- Found rosidl_adapter: 1.3.0 (/opt/ros/foxy/share/rosidl_adapter/cmake)
[0.291s] -- Using all available rosidl_typesupport_cpp: rosidl_typesupport_fastrtps_cpp;rosidl_typesupport_introspection_cpp
[0.341s] -- Found PythonInterp: /usr/bin/python3 (found version "3.8.10") 
[0.437s] -- Found ament_cmake_ros: 0.9.2 (/opt/ros/foxy/share/ament_cmake_ros/cmake)
[0.506s] -- Using all available rosidl_typesupport_c: rosidl_typesupport_fastrtps_c;rosidl_typesupport_introspection_c
[0.512s] -- Using all available rosidl_typesupport_cpp: rosidl_typesupport_fastrtps_cpp;rosidl_typesupport_introspection_cpp
[0.533s] -- Found PythonInterp: /usr/bin/python3 (found suitable version "3.8.10", minimum required is "3.5") 
[0.533s] -- Found python_cmake_module: 0.8.1 (/opt/ros/foxy/share/python_cmake_module/cmake)
[0.553s] -- Using PYTHON_EXECUTABLE: /usr/bin/python3
[0.553s] -- Using PYTHON_INCLUDE_DIRS: /usr/include/python3.8
[0.553s] -- Using PYTHON_LIBRARIES: /usr/lib/x86_64-linux-gnu/libpython3.8.so
[0.566s] -- Found ament_lint_auto: 0.9.8 (/opt/ros/foxy/share/ament_lint_auto/cmake)
[0.574s] -- Added test 'copyright' to check source files copyright and LICENSE
[0.575s] -- Added test 'flake8' to check Python code syntax and style conventions
[0.575s] -- Added test 'lint_cmake' to check CMake code style
[0.575s] -- Added test 'pep257' to check Python code against some of the style conventions in PEP 257
[0.576s] -- Added test 'xmllint' to check XML markup files
[0.579s] -- Configuring done
[0.601s] -- Generating done
[0.608s] -- Build files have been written to: /home/songwoo/colcon_ws/build/dclaw_interfaces
[0.629s] [  2%] [34m[1mGenerating C code for ROS interfaces[0m
[0.629s] [35m[1mScanning dependencies of target dclaw_interfaces__cpp[0m
[0.639s] [  4%] [34m[1mGenerating C++ code for ROS interfaces[0m
[0.903s] [  4%] Built target dclaw_interfaces__cpp
[0.913s] [  6%] [34m[1mGenerating C++ type support dispatch for ROS interfaces[0m
[0.914s] [ 10%] [34m[1mGenerating C++ introspection for ROS interfaces[0m
[0.914s] [ 10%] [34m[1mGenerating C++ type support for eProsima Fast-RTPS[0m
[0.928s] [35m[1mScanning dependencies of target dclaw_interfaces__rosidl_generator_c[0m
[0.940s] [ 17%] [32mBuilding C object CMakeFiles/dclaw_interfaces__rosidl_generator_c.dir/rosidl_generator_c/dclaw_interfaces/msg/detail/set_position__functions.c.o[0m
[0.940s] [ 17%] [32mBuilding C object CMakeFiles/dclaw_interfaces__rosidl_generator_c.dir/rosidl_generator_c/dclaw_interfaces/srv/detail/set_positions__functions.c.o[0m
[0.940s] [ 17%] [32mBuilding C object CMakeFiles/dclaw_interfaces__rosidl_generator_c.dir/rosidl_generator_c/dclaw_interfaces/srv/detail/get_position__functions.c.o[0m
[0.985s] [ 19%] [32m[1mLinking C shared library libdclaw_interfaces__rosidl_generator_c.so[0m
[1.015s] [ 19%] Built target dclaw_interfaces__rosidl_generator_c
[1.025s] [ 23%] [34m[1mGenerating C type support dispatch for ROS interfaces[0m
[1.025s] [ 23%] [34m[1mGenerating C introspection for ROS interfaces[0m
[1.130s] [35m[1mScanning dependencies of target dclaw_interfaces__rosidl_typesupport_cpp[0m
[1.143s] [ 29%] [32mBuilding CXX object CMakeFiles/dclaw_interfaces__rosidl_typesupport_cpp.dir/rosidl_typesupport_cpp/dclaw_interfaces/msg/set_position__type_support.cpp.o[0m
[1.143s] [ 29%] [32mBuilding CXX object CMakeFiles/dclaw_interfaces__rosidl_typesupport_cpp.dir/rosidl_typesupport_cpp/dclaw_interfaces/srv/get_position__type_support.cpp.o[0m
[1.143s] [ 29%] [32mBuilding CXX object CMakeFiles/dclaw_interfaces__rosidl_typesupport_cpp.dir/rosidl_typesupport_cpp/dclaw_interfaces/srv/set_positions__type_support.cpp.o[0m
[1.170s] [35m[1mScanning dependencies of target dclaw_interfaces__rosidl_typesupport_introspection_cpp[0m
[1.197s] [ 31%] [32mBuilding CXX object CMakeFiles/dclaw_interfaces__rosidl_typesupport_introspection_cpp.dir/rosidl_typesupport_introspection_cpp/dclaw_interfaces/msg/detail/set_position__type_support.cpp.o[0m
[1.197s] [ 34%] [32mBuilding CXX object CMakeFiles/dclaw_interfaces__rosidl_typesupport_introspection_cpp.dir/rosidl_typesupport_introspection_cpp/dclaw_interfaces/srv/detail/get_position__type_support.cpp.o[0m
[1.204s] [35m[1mScanning dependencies of target dclaw_interfaces__rosidl_typesupport_fastrtps_cpp[0m
[1.218s] [ 36%] [32mBuilding CXX object CMakeFiles/dclaw_interfaces__rosidl_typesupport_fastrtps_cpp.dir/rosidl_typesupport_fastrtps_cpp/dclaw_interfaces/msg/detail/dds_fastrtps/set_position__type_support.cpp.o[0m
[1.264s] [35m[1mScanning dependencies of target dclaw_interfaces__rosidl_typesupport_c[0m
[1.276s] [ 38%] [32mBuilding CXX object CMakeFiles/dclaw_interfaces__rosidl_typesupport_c.dir/rosidl_typesupport_c/dclaw_interfaces/msg/set_position__type_support.cpp.o[0m
[1.311s] [ 40%] [32mBuilding CXX object CMakeFiles/dclaw_interfaces__rosidl_typesupport_c.dir/rosidl_typesupport_c/dclaw_interfaces/srv/get_position__type_support.cpp.o[0m
[1.316s] [35m[1mScanning dependencies of target dclaw_interfaces__rosidl_typesupport_introspection_c[0m
[1.328s] [ 42%] [32mBuilding C object CMakeFiles/dclaw_interfaces__rosidl_typesupport_introspection_c.dir/rosidl_typesupport_introspection_c/dclaw_interfaces/msg/detail/set_position__type_support.c.o[0m
[1.340s] [ 44%] [32mBuilding CXX object CMakeFiles/dclaw_interfaces__rosidl_typesupport_c.dir/rosidl_typesupport_c/dclaw_interfaces/srv/set_positions__type_support.cpp.o[0m
[1.358s] [ 46%] [32mBuilding C object CMakeFiles/dclaw_interfaces__rosidl_typesupport_introspection_c.dir/rosidl_typesupport_introspection_c/dclaw_interfaces/srv/detail/get_position__type_support.c.o[0m
[1.362s] [ 48%] [32mBuilding C object CMakeFiles/dclaw_interfaces__rosidl_typesupport_introspection_c.dir/rosidl_typesupport_introspection_c/dclaw_interfaces/srv/detail/set_positions__type_support.c.o[0m
[1.369s] [ 51%] [32m[1mLinking CXX shared library libdclaw_interfaces__rosidl_typesupport_c.so[0m
[1.391s] [ 55%] [32mBuilding CXX object CMakeFiles/dclaw_interfaces__rosidl_typesupport_fastrtps_cpp.dir/rosidl_typesupport_fastrtps_cpp/dclaw_interfaces/srv/detail/dds_fastrtps/get_position__type_support.cpp.o[0m
[1.391s] [ 55%] [32mBuilding CXX object CMakeFiles/dclaw_interfaces__rosidl_typesupport_introspection_cpp.dir/rosidl_typesupport_introspection_cpp/dclaw_interfaces/srv/detail/set_positions__type_support.cpp.o[0m
[1.393s] [ 57%] [32m[1mLinking C shared library libdclaw_interfaces__rosidl_typesupport_introspection_c.so[0m
[1.416s] [ 57%] Built target dclaw_interfaces__rosidl_typesupport_c
[1.418s] [ 59%] [32mBuilding CXX object CMakeFiles/dclaw_interfaces__rosidl_typesupport_fastrtps_cpp.dir/rosidl_typesupport_fastrtps_cpp/dclaw_interfaces/srv/detail/dds_fastrtps/set_positions__type_support.cpp.o[0m
[1.418s] [ 61%] [32m[1mLinking CXX shared library libdclaw_interfaces__rosidl_typesupport_cpp.so[0m
[1.430s] [ 61%] Built target dclaw_interfaces__rosidl_typesupport_introspection_c
[1.455s] [ 61%] Built target dclaw_interfaces__rosidl_typesupport_cpp
[1.601s] [ 63%] [32m[1mLinking CXX shared library libdclaw_interfaces__rosidl_typesupport_introspection_cpp.so[0m
[1.636s] [ 63%] Built target dclaw_interfaces__rosidl_typesupport_introspection_cpp
[1.718s] [ 65%] [32m[1mLinking CXX shared library libdclaw_interfaces__rosidl_typesupport_fastrtps_cpp.so[0m
[1.779s] [ 65%] Built target dclaw_interfaces__rosidl_typesupport_fastrtps_cpp
[1.789s] [ 68%] [34m[1mGenerating C type support for eProsima Fast-RTPS[0m
[2.031s] [35m[1mScanning dependencies of target dclaw_interfaces__rosidl_typesupport_fastrtps_c[0m
[2.044s] [ 74%] [32mBuilding CXX object CMakeFiles/dclaw_interfaces__rosidl_typesupport_fastrtps_c.dir/rosidl_typesupport_fastrtps_c/dclaw_interfaces/srv/detail/get_position__type_support_c.cpp.o[0m
[2.044s] [ 74%] [32mBuilding CXX object CMakeFiles/dclaw_interfaces__rosidl_typesupport_fastrtps_c.dir/rosidl_typesupport_fastrtps_c/dclaw_interfaces/msg/detail/set_position__type_support_c.cpp.o[0m
[2.044s] [ 74%] [32mBuilding CXX object CMakeFiles/dclaw_interfaces__rosidl_typesupport_fastrtps_c.dir/rosidl_typesupport_fastrtps_c/dclaw_interfaces/srv/detail/set_positions__type_support_c.cpp.o[0m
[2.300s] [ 76%] [32m[1mLinking CXX shared library libdclaw_interfaces__rosidl_typesupport_fastrtps_c.so[0m
[2.361s] [ 76%] Built target dclaw_interfaces__rosidl_typesupport_fastrtps_c
[2.380s] [ 76%] Built target dclaw_interfaces
[2.389s] [35m[1mScanning dependencies of target dclaw_interfaces__py[0m
[2.399s] [ 78%] [34m[1mGenerating Python code for ROS interfaces[0m
[2.866s] [ 78%] Built target dclaw_interfaces__py
[2.877s] [35m[1mScanning dependencies of target dclaw_interfaces__python[0m
[2.892s] [ 85%] [32mBuilding C object CMakeFiles/dclaw_interfaces__python.dir/rosidl_generator_py/dclaw_interfaces/srv/_get_position_s.c.o[0m
[2.892s] [ 85%] [32mBuilding C object CMakeFiles/dclaw_interfaces__python.dir/rosidl_generator_py/dclaw_interfaces/srv/_set_positions_s.c.o[0m
[2.892s] [ 85%] [32mBuilding C object CMakeFiles/dclaw_interfaces__python.dir/rosidl_generator_py/dclaw_interfaces/msg/_set_position_s.c.o[0m
[2.960s] [ 87%] [32m[1mLinking C shared library rosidl_generator_py/dclaw_interfaces/libdclaw_interfaces__python.so[0m
[2.992s] [ 87%] Built target dclaw_interfaces__python
[3.003s] [35m[1mScanning dependencies of target dclaw_interfaces__rosidl_typesupport_introspection_c__pyext[0m
[3.003s] [35m[1mScanning dependencies of target dclaw_interfaces__rosidl_typesupport_fastrtps_c__pyext[0m
[3.003s] [35m[1mScanning dependencies of target dclaw_interfaces__rosidl_typesupport_c__pyext[0m
[3.016s] [ 93%] [32mBuilding C object CMakeFiles/dclaw_interfaces__rosidl_typesupport_c__pyext.dir/rosidl_generator_py/dclaw_interfaces/_dclaw_interfaces_s.ep.rosidl_typesupport_c.c.o[0m
[3.016s] [ 93%] [32mBuilding C object CMakeFiles/dclaw_interfaces__rosidl_typesupport_fastrtps_c__pyext.dir/rosidl_generator_py/dclaw_interfaces/_dclaw_interfaces_s.ep.rosidl_typesupport_fastrtps_c.c.o[0m
[3.016s] [ 93%] [32mBuilding C object CMakeFiles/dclaw_interfaces__rosidl_typesupport_introspection_c__pyext.dir/rosidl_generator_py/dclaw_interfaces/_dclaw_interfaces_s.ep.rosidl_typesupport_introspection_c.c.o[0m
[3.084s] [100%] [32m[1mLinking CXX shared library rosidl_generator_py/dclaw_interfaces/dclaw_interfaces_s__rosidl_typesupport_fastrtps_c.cpython-38-x86_64-linux-gnu.so[0m
[3.084s] [100%] [32m[1mLinking C shared library rosidl_generator_py/dclaw_interfaces/dclaw_interfaces_s__rosidl_typesupport_introspection_c.cpython-38-x86_64-linux-gnu.so[0m
[3.084s] [100%] [32m[1mLinking C shared library rosidl_generator_py/dclaw_interfaces/dclaw_interfaces_s__rosidl_typesupport_c.cpython-38-x86_64-linux-gnu.so[0m
[3.114s] [100%] Built target dclaw_interfaces__rosidl_typesupport_c__pyext
[3.114s] [100%] Built target dclaw_interfaces__rosidl_typesupport_introspection_c__pyext
[3.133s] [100%] Built target dclaw_interfaces__rosidl_typesupport_fastrtps_c__pyext
[3.144s] Invoked command in '/home/songwoo/colcon_ws/build/dclaw_interfaces' returned '0': CMAKE_PREFIX_PATH=${CMAKE_PREFIX_PATH}:/home/songwoo/colcon_ws/install/dclaw:/opt/ros/foxy /usr/bin/cmake --build /home/songwoo/colcon_ws/build/dclaw_interfaces -- -j8 -l8
[3.274s] Invoking command in '/home/songwoo/colcon_ws/build/dclaw_interfaces': CMAKE_PREFIX_PATH=${CMAKE_PREFIX_PATH}:/home/songwoo/colcon_ws/install/dclaw:/opt/ros/foxy /usr/bin/cmake --install /home/songwoo/colcon_ws/build/dclaw_interfaces
[3.281s] -- Install configuration: ""
[3.282s] -- Execute custom install script
[3.282s] -- Up-to-date symlink: /home/songwoo/colcon_ws/install/dclaw_interfaces/share/ament_index/resource_index/rosidl_interfaces/dclaw_interfaces
[3.282s] -- Up-to-date symlink: /home/songwoo/colcon_ws/install/dclaw_interfaces/include/dclaw_interfaces/msg/detail/set_position__functions.h
[3.282s] -- Up-to-date symlink: /home/songwoo/colcon_ws/install/dclaw_interfaces/include/dclaw_interfaces/msg/detail/set_position__struct.h
[3.283s] -- Up-to-date symlink: /home/songwoo/colcon_ws/install/dclaw_interfaces/include/dclaw_interfaces/msg/detail/set_position__type_support.h
[3.283s] -- Up-to-date symlink: /home/songwoo/colcon_ws/install/dclaw_interfaces/include/dclaw_interfaces/msg/rosidl_generator_c__visibility_control.h
[3.283s] -- Up-to-date symlink: /home/songwoo/colcon_ws/install/dclaw_interfaces/include/dclaw_interfaces/msg/set_position.h
[3.283s] -- Up-to-date symlink: /home/songwoo/colcon_ws/install/dclaw_interfaces/include/dclaw_interfaces/srv/detail/get_position__functions.h
[3.283s] -- Up-to-date symlink: /home/songwoo/colcon_ws/install/dclaw_interfaces/include/dclaw_interfaces/srv/detail/get_position__struct.h
[3.283s] -- Up-to-date symlink: /home/songwoo/colcon_ws/install/dclaw_interfaces/include/dclaw_interfaces/srv/detail/get_position__type_support.h
[3.283s] -- Up-to-date symlink: /home/songwoo/colcon_ws/install/dclaw_interfaces/include/dclaw_interfaces/srv/detail/get_positions__functions.h
[3.283s] -- Up-to-date symlink: /home/songwoo/colcon_ws/install/dclaw_interfaces/include/dclaw_interfaces/srv/detail/get_positions__struct.h
[3.283s] -- Up-to-date symlink: /home/songwoo/colcon_ws/install/dclaw_interfaces/include/dclaw_interfaces/srv/detail/get_positions__type_support.h
[3.283s] -- Up-to-date symlink: /home/songwoo/colcon_ws/install/dclaw_interfaces/include/dclaw_interfaces/srv/detail/set_position__functions.h
[3.283s] -- Up-to-date symlink: /home/songwoo/colcon_ws/install/dclaw_interfaces/include/dclaw_interfaces/srv/detail/set_position__struct.h
[3.283s] -- Up-to-date symlink: /home/songwoo/colcon_ws/install/dclaw_interfaces/include/dclaw_interfaces/srv/detail/set_position__type_support.h
[3.284s] -- Symlinking: /home/songwoo/colcon_ws/install/dclaw_interfaces/include/dclaw_interfaces/srv/detail/set_positions__functions.h
[3.291s] -- Symlinking: /home/songwoo/colcon_ws/install/dclaw_interfaces/include/dclaw_interfaces/srv/detail/set_positions__struct.h
[3.298s] -- Symlinking: /home/songwoo/colcon_ws/install/dclaw_interfaces/include/dclaw_interfaces/srv/detail/set_positions__type_support.h
[3.306s] -- Up-to-date symlink: /home/songwoo/colcon_ws/install/dclaw_interfaces/include/dclaw_interfaces/srv/get_position.h
[3.306s] -- Up-to-date symlink: /home/songwoo/colcon_ws/install/dclaw_interfaces/include/dclaw_interfaces/srv/get_positions.h
[3.306s] -- Up-to-date symlink: /home/songwoo/colcon_ws/install/dclaw_interfaces/include/dclaw_interfaces/srv/set_position.h
[3.306s] -- Symlinking: /home/songwoo/colcon_ws/install/dclaw_interfaces/include/dclaw_interfaces/srv/set_positions.h
[3.313s] -- Up-to-date symlink: /home/songwoo/colcon_ws/install/dclaw_interfaces/share/dclaw_interfaces/environment/library_path.sh
[3.313s] -- Up-to-date symlink: /home/songwoo/colcon_ws/install/dclaw_interfaces/share/dclaw_interfaces/environment/library_path.dsv
[3.314s] -- Up-to-date symlink: /home/songwoo/colcon_ws/install/dclaw_interfaces/include/dclaw_interfaces/msg/detail/set_position__rosidl_typesupport_fastrtps_c.h
[3.314s] -- Up-to-date symlink: /home/songwoo/colcon_ws/install/dclaw_interfaces/include/dclaw_interfaces/msg/rosidl_typesupport_fastrtps_c__visibility_control.h
[3.314s] -- Up-to-date symlink: /home/songwoo/colcon_ws/install/dclaw_interfaces/include/dclaw_interfaces/srv/detail/get_position__rosidl_typesupport_fastrtps_c.h
[3.314s] -- Up-to-date symlink: /home/songwoo/colcon_ws/install/dclaw_interfaces/include/dclaw_interfaces/srv/detail/get_positions__rosidl_typesupport_fastrtps_c.h
[3.314s] -- Up-to-date symlink: /home/songwoo/colcon_ws/install/dclaw_interfaces/include/dclaw_interfaces/srv/detail/set_position__rosidl_typesupport_fastrtps_c.h
[3.314s] -- Symlinking: /home/songwoo/colcon_ws/install/dclaw_interfaces/include/dclaw_interfaces/srv/detail/set_positions__rosidl_typesupport_fastrtps_c.h
[3.322s] -- Up-to-date symlink: /home/songwoo/colcon_ws/install/dclaw_interfaces/lib/libdclaw_interfaces__rosidl_typesupport_fastrtps_c.so
[3.322s] -- Up-to-date symlink: /home/songwoo/colcon_ws/install/dclaw_interfaces/include/dclaw_interfaces/msg/detail/set_position__rosidl_typesupport_fastrtps_cpp.hpp
[3.323s] -- Up-to-date symlink: /home/songwoo/colcon_ws/install/dclaw_interfaces/include/dclaw_interfaces/msg/rosidl_typesupport_fastrtps_cpp__visibility_control.h
[3.323s] -- Up-to-date symlink: /home/songwoo/colcon_ws/install/dclaw_interfaces/include/dclaw_interfaces/srv/detail/get_position__rosidl_typesupport_fastrtps_cpp.hpp
[3.323s] -- Up-to-date symlink: /home/songwoo/colcon_ws/install/dclaw_interfaces/include/dclaw_interfaces/srv/detail/get_positions__rosidl_typesupport_fastrtps_cpp.hpp
[3.323s] -- Up-to-date symlink: /home/songwoo/colcon_ws/install/dclaw_interfaces/include/dclaw_interfaces/srv/detail/set_position__rosidl_typesupport_fastrtps_cpp.hpp
[3.323s] -- Symlinking: /home/songwoo/colcon_ws/install/dclaw_interfaces/include/dclaw_interfaces/srv/detail/set_positions__rosidl_typesupport_fastrtps_cpp.hpp
[3.331s] -- Up-to-date symlink: /home/songwoo/colcon_ws/install/dclaw_interfaces/lib/libdclaw_interfaces__rosidl_typesupport_fastrtps_cpp.so
[3.331s] -- Up-to-date symlink: /home/songwoo/colcon_ws/install/dclaw_interfaces/include/dclaw_interfaces/msg/detail/set_position__rosidl_typesupport_introspection_c.h
[3.331s] -- Up-to-date symlink: /home/songwoo/colcon_ws/install/dclaw_interfaces/include/dclaw_interfaces/msg/rosidl_typesupport_introspection_c__visibility_control.h
[3.331s] -- Up-to-date symlink: /home/songwoo/colcon_ws/install/dclaw_interfaces/include/dclaw_interfaces/srv/detail/get_position__rosidl_typesupport_introspection_c.h
[3.331s] -- Up-to-date symlink: /home/songwoo/colcon_ws/install/dclaw_interfaces/include/dclaw_interfaces/srv/detail/get_positions__rosidl_typesupport_introspection_c.h
[3.331s] -- Up-to-date symlink: /home/songwoo/colcon_ws/install/dclaw_interfaces/include/dclaw_interfaces/srv/detail/set_position__rosidl_typesupport_introspection_c.h
[3.332s] -- Symlinking: /home/songwoo/colcon_ws/install/dclaw_interfaces/include/dclaw_interfaces/srv/detail/set_positions__rosidl_typesupport_introspection_c.h
[3.339s] -- Up-to-date symlink: /home/songwoo/colcon_ws/install/dclaw_interfaces/include/dclaw_interfaces/msg/detail/set_position__builder.hpp
[3.340s] -- Up-to-date symlink: /home/songwoo/colcon_ws/install/dclaw_interfaces/include/dclaw_interfaces/msg/detail/set_position__struct.hpp
[3.340s] -- Up-to-date symlink: /home/songwoo/colcon_ws/install/dclaw_interfaces/include/dclaw_interfaces/msg/detail/set_position__traits.hpp
[3.340s] -- Up-to-date symlink: /home/songwoo/colcon_ws/install/dclaw_interfaces/include/dclaw_interfaces/msg/set_position.hpp
[3.340s] -- Up-to-date symlink: /home/songwoo/colcon_ws/install/dclaw_interfaces/include/dclaw_interfaces/srv/detail/get_position__builder.hpp
[3.340s] -- Up-to-date symlink: /home/songwoo/colcon_ws/install/dclaw_interfaces/include/dclaw_interfaces/srv/detail/get_position__struct.hpp
[3.340s] -- Up-to-date symlink: /home/songwoo/colcon_ws/install/dclaw_interfaces/include/dclaw_interfaces/srv/detail/get_position__traits.hpp
[3.340s] -- Up-to-date symlink: /home/songwoo/colcon_ws/install/dclaw_interfaces/include/dclaw_interfaces/srv/detail/get_positions__builder.hpp
[3.340s] -- Up-to-date symlink: /home/songwoo/colcon_ws/install/dclaw_interfaces/include/dclaw_interfaces/srv/detail/get_positions__struct.hpp
[3.340s] -- Up-to-date symlink: /home/songwoo/colcon_ws/install/dclaw_interfaces/include/dclaw_interfaces/srv/detail/get_positions__traits.hpp
[3.340s] -- Up-to-date symlink: /home/songwoo/colcon_ws/install/dclaw_interfaces/include/dclaw_interfaces/srv/detail/set_position__builder.hpp
[3.340s] -- Up-to-date symlink: /home/songwoo/colcon_ws/install/dclaw_interfaces/include/dclaw_interfaces/srv/detail/set_position__struct.hpp
[3.340s] -- Up-to-date symlink: /home/songwoo/colcon_ws/install/dclaw_interfaces/include/dclaw_interfaces/srv/detail/set_position__traits.hpp
[3.340s] -- Symlinking: /home/songwoo/colcon_ws/install/dclaw_interfaces/include/dclaw_interfaces/srv/detail/set_positions__builder.hpp
[3.348s] -- Symlinking: /home/songwoo/colcon_ws/install/dclaw_interfaces/include/dclaw_interfaces/srv/detail/set_positions__struct.hpp
[3.355s] -- Symlinking: /home/songwoo/colcon_ws/install/dclaw_interfaces/include/dclaw_interfaces/srv/detail/set_positions__traits.hpp
[3.362s] -- Up-to-date symlink: /home/songwoo/colcon_ws/install/dclaw_interfaces/include/dclaw_interfaces/srv/get_position.hpp
[3.362s] -- Up-to-date symlink: /home/songwoo/colcon_ws/install/dclaw_interfaces/include/dclaw_interfaces/srv/get_positions.hpp
[3.363s] -- Up-to-date symlink: /home/songwoo/colcon_ws/install/dclaw_interfaces/include/dclaw_interfaces/srv/set_position.hpp
[3.363s] -- Symlinking: /home/songwoo/colcon_ws/install/dclaw_interfaces/include/dclaw_interfaces/srv/set_positions.hpp
[3.370s] -- Up-to-date symlink: /home/songwoo/colcon_ws/install/dclaw_interfaces/include/dclaw_interfaces/msg/detail/set_position__rosidl_typesupport_introspection_cpp.hpp
[3.370s] -- Up-to-date symlink: /home/songwoo/colcon_ws/install/dclaw_interfaces/include/dclaw_interfaces/srv/detail/get_position__rosidl_typesupport_introspection_cpp.hpp
[3.371s] -- Up-to-date symlink: /home/songwoo/colcon_ws/install/dclaw_interfaces/include/dclaw_interfaces/srv/detail/get_positions__rosidl_typesupport_introspection_cpp.hpp
[3.371s] -- Up-to-date symlink: /home/songwoo/colcon_ws/install/dclaw_interfaces/include/dclaw_interfaces/srv/detail/set_position__rosidl_typesupport_introspection_cpp.hpp
[3.371s] -- Symlinking: /home/songwoo/colcon_ws/install/dclaw_interfaces/include/dclaw_interfaces/srv/detail/set_positions__rosidl_typesupport_introspection_cpp.hpp
[3.378s] -- Up-to-date symlink: /home/songwoo/colcon_ws/install/dclaw_interfaces/share/dclaw_interfaces/environment/pythonpath.sh
[3.378s] -- Up-to-date symlink: /home/songwoo/colcon_ws/install/dclaw_interfaces/share/dclaw_interfaces/environment/pythonpath.dsv
[3.379s] -- Up-to-date symlink: /home/songwoo/colcon_ws/install/dclaw_interfaces/lib/python3.8/site-packages/dclaw_interfaces/__init__.py
[3.379s] -- Up-to-date symlink: /home/songwoo/colcon_ws/install/dclaw_interfaces/lib/python3.8/site-packages/dclaw_interfaces/msg/__init__.py
[3.379s] -- Up-to-date symlink: /home/songwoo/colcon_ws/install/dclaw_interfaces/lib/python3.8/site-packages/dclaw_interfaces/msg/_set_position.py
[3.379s] -- Up-to-date symlink: /home/songwoo/colcon_ws/install/dclaw_interfaces/lib/python3.8/site-packages/dclaw_interfaces/srv/__init__.py
[3.379s] -- Up-to-date symlink: /home/songwoo/colcon_ws/install/dclaw_interfaces/lib/python3.8/site-packages/dclaw_interfaces/srv/_get_position.py
[3.380s] -- Up-to-date symlink: /home/songwoo/colcon_ws/install/dclaw_interfaces/lib/python3.8/site-packages/dclaw_interfaces/srv/_get_positions.py
[3.380s] -- Up-to-date symlink: /home/songwoo/colcon_ws/install/dclaw_interfaces/lib/python3.8/site-packages/dclaw_interfaces/srv/_set_position.py
[3.380s] -- Symlinking: /home/songwoo/colcon_ws/install/dclaw_interfaces/lib/python3.8/site-packages/dclaw_interfaces/srv/_set_positions.py
[3.387s] -- Up-to-date symlink: /home/songwoo/colcon_ws/install/dclaw_interfaces/lib/python3.8/site-packages/dclaw_interfaces/dclaw_interfaces_s__rosidl_typesupport_fastrtps_c.cpython-38-x86_64-linux-gnu.so
[3.388s] -- Up-to-date symlink: /home/songwoo/colcon_ws/install/dclaw_interfaces/lib/python3.8/site-packages/dclaw_interfaces/dclaw_interfaces_s__rosidl_typesupport_introspection_c.cpython-38-x86_64-linux-gnu.so
[3.388s] -- Up-to-date symlink: /home/songwoo/colcon_ws/install/dclaw_interfaces/lib/python3.8/site-packages/dclaw_interfaces/dclaw_interfaces_s__rosidl_typesupport_c.cpython-38-x86_64-linux-gnu.so
[3.388s] -- Up-to-date symlink: /home/songwoo/colcon_ws/install/dclaw_interfaces/lib/libdclaw_interfaces__python.so
[3.388s] -- Up-to-date symlink: /home/songwoo/colcon_ws/install/dclaw_interfaces/share/dclaw_interfaces/msg/SetPosition.idl
[3.388s] -- Up-to-date symlink: /home/songwoo/colcon_ws/install/dclaw_interfaces/share/dclaw_interfaces/srv/GetPosition.idl
[3.389s] -- Symlinking: /home/songwoo/colcon_ws/install/dclaw_interfaces/share/dclaw_interfaces/srv/SetPositions.idl
[3.396s] -- Up-to-date symlink: /home/songwoo/colcon_ws/install/dclaw_interfaces/share/dclaw_interfaces/msg/SetPosition.msg
[3.396s] -- Up-to-date symlink: /home/songwoo/colcon_ws/install/dclaw_interfaces/share/dclaw_interfaces/srv/GetPosition.srv
[3.397s] -- Up-to-date symlink: /home/songwoo/colcon_ws/install/dclaw_interfaces/share/dclaw_interfaces/srv/GetPosition_Request.msg
[3.397s] -- Up-to-date symlink: /home/songwoo/colcon_ws/install/dclaw_interfaces/share/dclaw_interfaces/srv/GetPosition_Response.msg
[3.397s] -- Symlinking: /home/songwoo/colcon_ws/install/dclaw_interfaces/share/dclaw_interfaces/srv/SetPositions.srv
[3.405s] -- Symlinking: /home/songwoo/colcon_ws/install/dclaw_interfaces/share/dclaw_interfaces/srv/SetPositions_Request.msg
[3.412s] -- Symlinking: /home/songwoo/colcon_ws/install/dclaw_interfaces/share/dclaw_interfaces/srv/SetPositions_Response.msg
[3.421s] -- Up-to-date symlink: /home/songwoo/colcon_ws/install/dclaw_interfaces/share/ament_index/resource_index/package_run_dependencies/dclaw_interfaces
[3.421s] -- Up-to-date symlink: /home/songwoo/colcon_ws/install/dclaw_interfaces/share/ament_index/resource_index/parent_prefix_path/dclaw_interfaces
[3.421s] -- Up-to-date symlink: /home/songwoo/colcon_ws/install/dclaw_interfaces/share/dclaw_interfaces/environment/ament_prefix_path.sh
[3.421s] -- Up-to-date symlink: /home/songwoo/colcon_ws/install/dclaw_interfaces/share/dclaw_interfaces/environment/ament_prefix_path.dsv
[3.421s] -- Up-to-date symlink: /home/songwoo/colcon_ws/install/dclaw_interfaces/share/dclaw_interfaces/environment/path.sh
[3.421s] -- Up-to-date symlink: /home/songwoo/colcon_ws/install/dclaw_interfaces/share/dclaw_interfaces/environment/path.dsv
[3.421s] -- Up-to-date symlink: /home/songwoo/colcon_ws/install/dclaw_interfaces/share/dclaw_interfaces/local_setup.bash
[3.422s] -- Up-to-date symlink: /home/songwoo/colcon_ws/install/dclaw_interfaces/share/dclaw_interfaces/local_setup.sh
[3.422s] -- Up-to-date symlink: /home/songwoo/colcon_ws/install/dclaw_interfaces/share/dclaw_interfaces/local_setup.zsh
[3.422s] -- Up-to-date symlink: /home/songwoo/colcon_ws/install/dclaw_interfaces/share/dclaw_interfaces/local_setup.dsv
[3.422s] -- Symlinking: /home/songwoo/colcon_ws/install/dclaw_interfaces/share/dclaw_interfaces/package.dsv
[3.430s] -- Up-to-date symlink: /home/songwoo/colcon_ws/install/dclaw_interfaces/share/ament_index/resource_index/packages/dclaw_interfaces
[3.430s] -- Up-to-date symlink: /home/songwoo/colcon_ws/install/dclaw_interfaces/share/dclaw_interfaces/cmake/rosidl_cmake-extras.cmake
[3.430s] -- Up-to-date symlink: /home/songwoo/colcon_ws/install/dclaw_interfaces/share/dclaw_interfaces/cmake/ament_cmake_export_dependencies-extras.cmake
[3.431s] -- Up-to-date symlink: /home/songwoo/colcon_ws/install/dclaw_interfaces/share/dclaw_interfaces/cmake/ament_cmake_export_libraries-extras.cmake
[3.431s] -- Up-to-date symlink: /home/songwoo/colcon_ws/install/dclaw_interfaces/share/dclaw_interfaces/cmake/ament_cmake_export_targets-extras.cmake
[3.431s] -- Up-to-date symlink: /home/songwoo/colcon_ws/install/dclaw_interfaces/share/dclaw_interfaces/cmake/ament_cmake_export_include_directories-extras.cmake
[3.431s] -- Up-to-date symlink: /home/songwoo/colcon_ws/install/dclaw_interfaces/share/dclaw_interfaces/cmake/rosidl_cmake_export_typesupport_libraries-extras.cmake
[3.431s] -- Up-to-date symlink: /home/songwoo/colcon_ws/install/dclaw_interfaces/share/dclaw_interfaces/cmake/rosidl_cmake_export_typesupport_targets-extras.cmake
[3.431s] -- Up-to-date symlink: /home/songwoo/colcon_ws/install/dclaw_interfaces/share/dclaw_interfaces/cmake/dclaw_interfacesConfig.cmake
[3.431s] -- Up-to-date symlink: /home/songwoo/colcon_ws/install/dclaw_interfaces/share/dclaw_interfaces/cmake/dclaw_interfacesConfig-version.cmake
[3.432s] -- Up-to-date symlink: /home/songwoo/colcon_ws/install/dclaw_interfaces/share/dclaw_interfaces/package.xml
[3.432s] -- Installing: /home/songwoo/colcon_ws/install/dclaw_interfaces/lib/libdclaw_interfaces__rosidl_generator_c.so
[3.432s] -- Set runtime path of "/home/songwoo/colcon_ws/install/dclaw_interfaces/lib/libdclaw_interfaces__rosidl_generator_c.so" to ""
[3.432s] -- Installing: /home/songwoo/colcon_ws/install/dclaw_interfaces/lib/libdclaw_interfaces__rosidl_typesupport_introspection_c.so
[3.432s] -- Set runtime path of "/home/songwoo/colcon_ws/install/dclaw_interfaces/lib/libdclaw_interfaces__rosidl_typesupport_introspection_c.so" to ""
[3.433s] -- Installing: /home/songwoo/colcon_ws/install/dclaw_interfaces/lib/libdclaw_interfaces__rosidl_typesupport_c.so
[3.433s] -- Set runtime path of "/home/songwoo/colcon_ws/install/dclaw_interfaces/lib/libdclaw_interfaces__rosidl_typesupport_c.so" to ""
[3.433s] -- Installing: /home/songwoo/colcon_ws/install/dclaw_interfaces/lib/libdclaw_interfaces__rosidl_typesupport_introspection_cpp.so
[3.433s] -- Set runtime path of "/home/songwoo/colcon_ws/install/dclaw_interfaces/lib/libdclaw_interfaces__rosidl_typesupport_introspection_cpp.so" to ""
[3.433s] -- Installing: /home/songwoo/colcon_ws/install/dclaw_interfaces/lib/libdclaw_interfaces__rosidl_typesupport_cpp.so
[3.433s] -- Set runtime path of "/home/songwoo/colcon_ws/install/dclaw_interfaces/lib/libdclaw_interfaces__rosidl_typesupport_cpp.so" to ""
[3.457s] Compiling '/home/songwoo/colcon_ws/install/dclaw_interfaces/lib/python3.8/site-packages/dclaw_interfaces/__init__.py'...
[3.460s] -- Up-to-date: /home/songwoo/colcon_ws/install/dclaw_interfaces/share/dclaw_interfaces/cmake/dclaw_interfaces__rosidl_generator_cExport.cmake
[3.460s] -- Installing: /home/songwoo/colcon_ws/install/dclaw_interfaces/share/dclaw_interfaces/cmake/dclaw_interfaces__rosidl_generator_cExport-noconfig.cmake
[3.460s] -- Up-to-date: /home/songwoo/colcon_ws/install/dclaw_interfaces/share/dclaw_interfaces/cmake/dclaw_interfaces__rosidl_typesupport_introspection_cExport.cmake
[3.460s] -- Installing: /home/songwoo/colcon_ws/install/dclaw_interfaces/share/dclaw_interfaces/cmake/dclaw_interfaces__rosidl_typesupport_introspection_cExport-noconfig.cmake
[3.460s] -- Up-to-date: /home/songwoo/colcon_ws/install/dclaw_interfaces/share/dclaw_interfaces/cmake/dclaw_interfaces__rosidl_typesupport_cExport.cmake
[3.460s] -- Installing: /home/songwoo/colcon_ws/install/dclaw_interfaces/share/dclaw_interfaces/cmake/dclaw_interfaces__rosidl_typesupport_cExport-noconfig.cmake
[3.461s] -- Up-to-date: /home/songwoo/colcon_ws/install/dclaw_interfaces/share/dclaw_interfaces/cmake/dclaw_interfaces__rosidl_generator_cppExport.cmake
[3.461s] -- Up-to-date: /home/songwoo/colcon_ws/install/dclaw_interfaces/share/dclaw_interfaces/cmake/dclaw_interfaces__rosidl_typesupport_introspection_cppExport.cmake
[3.461s] -- Installing: /home/songwoo/colcon_ws/install/dclaw_interfaces/share/dclaw_interfaces/cmake/dclaw_interfaces__rosidl_typesupport_introspection_cppExport-noconfig.cmake
[3.461s] -- Up-to-date: /home/songwoo/colcon_ws/install/dclaw_interfaces/share/dclaw_interfaces/cmake/dclaw_interfaces__rosidl_typesupport_cppExport.cmake
[3.461s] -- Installing: /home/songwoo/colcon_ws/install/dclaw_interfaces/share/dclaw_interfaces/cmake/dclaw_interfaces__rosidl_typesupport_cppExport-noconfig.cmake
[3.465s] Invoked command in '/home/songwoo/colcon_ws/build/dclaw_interfaces' returned '0': CMAKE_PREFIX_PATH=${CMAKE_PREFIX_PATH}:/home/songwoo/colcon_ws/install/dclaw:/opt/ros/foxy /usr/bin/cmake --install /home/songwoo/colcon_ws/build/dclaw_interfaces
