[0.222s] DEBUG:colcon:Command line arguments: ['/usr/bin/colcon', 'build', '--symlink-install']
[0.222s] DEBUG:colcon:Parsed command line arguments: Namespace(allow_overriding=[], ament_cmake_args=None, base_paths=['.'], build_base='build', catkin_cmake_args=None, catkin_skip_building_tests=False, cmake_args=None, cmake_clean_cache=False, cmake_clean_first=False, cmake_force_configure=False, cmake_target=None, cmake_target_skip_unavailable=False, continue_on_error=False, event_handlers=None, executor='parallel', ignore_user_meta=False, install_base='install', log_base=None, log_level=None, main=<bound method BuildVerb.main of <colcon_core.verb.build.BuildVerb object at 0x7f23c709bb20>>, merge_install=False, metas=['./colcon.meta'], packages_above=None, packages_above_and_dependencies=None, packages_above_depth=None, packages_end=None, packages_ignore=None, packages_ignore_regex=None, packages_select=None, packages_select_build_failed=False, packages_select_by_dep=None, packages_select_regex=None, packages_select_test_failures=False, packages_skip=None, packages_skip_build_finished=False, packages_skip_by_dep=None, packages_skip_regex=None, packages_skip_test_passed=False, packages_skip_up_to=None, packages_start=None, packages_up_to=None, packages_up_to_regex=None, parallel_workers=8, paths=None, symlink_install=True, test_result_base=None, verb_extension=<colcon_core.verb.build.BuildVerb object at 0x7f23c709bb20>, verb_name='build', verb_parser=<colcon_defaults.argument_parser.defaults.DefaultArgumentsDecorator object at 0x7f23c70a40d0>)
[0.240s] Level 1:colcon.colcon_core.package_discovery:discover_packages(colcon_meta) check parameters
[0.240s] Level 1:colcon.colcon_core.package_discovery:discover_packages(recursive) check parameters
[0.240s] Level 1:colcon.colcon_core.package_discovery:discover_packages(ignore) check parameters
[0.241s] Level 1:colcon.colcon_core.package_discovery:discover_packages(path) check parameters
[0.241s] Level 1:colcon.colcon_core.package_discovery:discover_packages(colcon_meta) discover
[0.241s] Level 1:colcon.colcon_core.package_discovery:discover_packages(recursive) discover
[0.241s] INFO:colcon.colcon_core.package_discovery:Crawling recursively for packages in '/home/songwoo/colcon_ws'
[0.241s] Level 1:colcon.colcon_core.package_identification:_identify(.) by extensions ['ignore', 'ignore_ament_install']
[0.241s] Level 1:colcon.colcon_core.package_identification:_identify(.) by extension 'ignore'
[0.241s] Level 1:colcon.colcon_core.package_identification:_identify(.) by extension 'ignore_ament_install'
[0.241s] Level 1:colcon.colcon_core.package_identification:_identify(.) by extensions ['colcon_pkg']
[0.241s] Level 1:colcon.colcon_core.package_identification:_identify(.) by extension 'colcon_pkg'
[0.241s] Level 1:colcon.colcon_core.package_identification:_identify(.) by extensions ['colcon_meta']
[0.241s] Level 1:colcon.colcon_core.package_identification:_identify(.) by extension 'colcon_meta'
[0.241s] Level 1:colcon.colcon_core.package_identification:_identify(.) by extensions ['ros']
[0.241s] Level 1:colcon.colcon_core.package_identification:_identify(.) by extension 'ros'
[0.254s] Level 1:colcon.colcon_core.package_identification:_identify(.) by extensions ['cmake', 'python']
[0.254s] Level 1:colcon.colcon_core.package_identification:_identify(.) by extension 'cmake'
[0.254s] Level 1:colcon.colcon_core.package_identification:_identify(.) by extension 'python'
[0.254s] Level 1:colcon.colcon_core.package_identification:_identify(.) by extensions ['python_setup_py']
[0.254s] Level 1:colcon.colcon_core.package_identification:_identify(.) by extension 'python_setup_py'
[0.254s] Level 1:colcon.colcon_core.package_identification:_identify(build) by extensions ['ignore', 'ignore_ament_install']
[0.254s] Level 1:colcon.colcon_core.package_identification:_identify(build) by extension 'ignore'
[0.254s] Level 1:colcon.colcon_core.package_identification:_identify(build) ignored
[0.254s] Level 1:colcon.colcon_core.package_identification:_identify(install) by extensions ['ignore', 'ignore_ament_install']
[0.254s] Level 1:colcon.colcon_core.package_identification:_identify(install) by extension 'ignore'
[0.254s] Level 1:colcon.colcon_core.package_identification:_identify(install) ignored
[0.255s] Level 1:colcon.colcon_core.package_identification:_identify(log) by extensions ['ignore', 'ignore_ament_install']
[0.255s] Level 1:colcon.colcon_core.package_identification:_identify(log) by extension 'ignore'
[0.255s] Level 1:colcon.colcon_core.package_identification:_identify(log) ignored
[0.255s] Level 1:colcon.colcon_core.package_identification:_identify(src) by extensions ['ignore', 'ignore_ament_install']
[0.255s] Level 1:colcon.colcon_core.package_identification:_identify(src) by extension 'ignore'
[0.255s] Level 1:colcon.colcon_core.package_identification:_identify(src) by extension 'ignore_ament_install'
[0.255s] Level 1:colcon.colcon_core.package_identification:_identify(src) by extensions ['colcon_pkg']
[0.255s] Level 1:colcon.colcon_core.package_identification:_identify(src) by extension 'colcon_pkg'
[0.255s] Level 1:colcon.colcon_core.package_identification:_identify(src) by extensions ['colcon_meta']
[0.255s] Level 1:colcon.colcon_core.package_identification:_identify(src) by extension 'colcon_meta'
[0.255s] Level 1:colcon.colcon_core.package_identification:_identify(src) by extensions ['ros']
[0.255s] Level 1:colcon.colcon_core.package_identification:_identify(src) by extension 'ros'
[0.255s] Level 1:colcon.colcon_core.package_identification:_identify(src) by extensions ['cmake', 'python']
[0.255s] Level 1:colcon.colcon_core.package_identification:_identify(src) by extension 'cmake'
[0.255s] Level 1:colcon.colcon_core.package_identification:_identify(src) by extension 'python'
[0.255s] Level 1:colcon.colcon_core.package_identification:_identify(src) by extensions ['python_setup_py']
[0.255s] Level 1:colcon.colcon_core.package_identification:_identify(src) by extension 'python_setup_py'
[0.255s] Level 1:colcon.colcon_core.package_identification:_identify(src/dclaw_interfaces) by extensions ['ignore', 'ignore_ament_install']
[0.255s] Level 1:colcon.colcon_core.package_identification:_identify(src/dclaw_interfaces) by extension 'ignore'
[0.255s] Level 1:colcon.colcon_core.package_identification:_identify(src/dclaw_interfaces) by extension 'ignore_ament_install'
[0.255s] Level 1:colcon.colcon_core.package_identification:_identify(src/dclaw_interfaces) by extensions ['colcon_pkg']
[0.255s] Level 1:colcon.colcon_core.package_identification:_identify(src/dclaw_interfaces) by extension 'colcon_pkg'
[0.255s] Level 1:colcon.colcon_core.package_identification:_identify(src/dclaw_interfaces) by extensions ['colcon_meta']
[0.255s] Level 1:colcon.colcon_core.package_identification:_identify(src/dclaw_interfaces) by extension 'colcon_meta'
[0.256s] Level 1:colcon.colcon_core.package_identification:_identify(src/dclaw_interfaces) by extensions ['ros']
[0.256s] Level 1:colcon.colcon_core.package_identification:_identify(src/dclaw_interfaces) by extension 'ros'
[0.257s] DEBUG:colcon.colcon_core.package_identification:Package 'src/dclaw_interfaces' with type 'ros.ament_cmake' and name 'dclaw_interfaces'
[0.257s] Level 1:colcon.colcon_core.package_identification:_identify(src/dclaw_ros) by extensions ['ignore', 'ignore_ament_install']
[0.257s] Level 1:colcon.colcon_core.package_identification:_identify(src/dclaw_ros) by extension 'ignore'
[0.257s] Level 1:colcon.colcon_core.package_identification:_identify(src/dclaw_ros) by extension 'ignore_ament_install'
[0.257s] Level 1:colcon.colcon_core.package_identification:_identify(src/dclaw_ros) by extensions ['colcon_pkg']
[0.257s] Level 1:colcon.colcon_core.package_identification:_identify(src/dclaw_ros) by extension 'colcon_pkg'
[0.257s] Level 1:colcon.colcon_core.package_identification:_identify(src/dclaw_ros) by extensions ['colcon_meta']
[0.258s] Level 1:colcon.colcon_core.package_identification:_identify(src/dclaw_ros) by extension 'colcon_meta'
[0.258s] Level 1:colcon.colcon_core.package_identification:_identify(src/dclaw_ros) by extensions ['ros']
[0.258s] Level 1:colcon.colcon_core.package_identification:_identify(src/dclaw_ros) by extension 'ros'
[0.258s] DEBUG:colcon.colcon_core.package_identification:Package 'src/dclaw_ros' with type 'ros.ament_cmake' and name 'dclaw_ros'
[0.258s] Level 1:colcon.colcon_core.package_identification:_identify(src/test) by extensions ['ignore', 'ignore_ament_install']
[0.258s] Level 1:colcon.colcon_core.package_identification:_identify(src/test) by extension 'ignore'
[0.258s] Level 1:colcon.colcon_core.package_identification:_identify(src/test) by extension 'ignore_ament_install'
[0.258s] Level 1:colcon.colcon_core.package_identification:_identify(src/test) by extensions ['colcon_pkg']
[0.258s] Level 1:colcon.colcon_core.package_identification:_identify(src/test) by extension 'colcon_pkg'
[0.258s] Level 1:colcon.colcon_core.package_identification:_identify(src/test) by extensions ['colcon_meta']
[0.258s] Level 1:colcon.colcon_core.package_identification:_identify(src/test) by extension 'colcon_meta'
[0.258s] Level 1:colcon.colcon_core.package_identification:_identify(src/test) by extensions ['ros']
[0.258s] Level 1:colcon.colcon_core.package_identification:_identify(src/test) by extension 'ros'
[0.259s] DEBUG:colcon.colcon_core.package_identification:Package 'src/test' with type 'ros.ament_cmake' and name 'test'
[0.259s] Level 1:colcon.colcon_core.package_discovery:discover_packages(recursive) using defaults
[0.259s] Level 1:colcon.colcon_core.package_discovery:discover_packages(ignore) discover
[0.259s] Level 1:colcon.colcon_core.package_discovery:discover_packages(ignore) using defaults
[0.259s] Level 1:colcon.colcon_core.package_discovery:discover_packages(path) discover
[0.259s] Level 1:colcon.colcon_core.package_discovery:discover_packages(path) using defaults
[0.273s] Level 1:colcon.colcon_core.package_discovery:discover_packages(prefix_path) check parameters
[0.273s] Level 1:colcon.colcon_core.package_discovery:discover_packages(prefix_path) discover
[0.275s] DEBUG:colcon.colcon_installed_package_information.package_discovery:Found 257 installed packages in /opt/ros/foxy
[0.276s] Level 1:colcon.colcon_core.package_discovery:discover_packages(prefix_path) using defaults
[0.324s] Level 5:colcon.colcon_core.verb:set package 'dclaw_interfaces' build argument 'cmake_args' from command line to 'None'
[0.324s] Level 5:colcon.colcon_core.verb:set package 'dclaw_interfaces' build argument 'cmake_target' from command line to 'None'
[0.324s] Level 5:colcon.colcon_core.verb:set package 'dclaw_interfaces' build argument 'cmake_target_skip_unavailable' from command line to 'False'
[0.324s] Level 5:colcon.colcon_core.verb:set package 'dclaw_interfaces' build argument 'cmake_clean_cache' from command line to 'False'
[0.324s] Level 5:colcon.colcon_core.verb:set package 'dclaw_interfaces' build argument 'cmake_clean_first' from command line to 'False'
[0.324s] Level 5:colcon.colcon_core.verb:set package 'dclaw_interfaces' build argument 'cmake_force_configure' from command line to 'False'
[0.324s] Level 5:colcon.colcon_core.verb:set package 'dclaw_interfaces' build argument 'ament_cmake_args' from command line to 'None'
[0.325s] Level 5:colcon.colcon_core.verb:set package 'dclaw_interfaces' build argument 'catkin_cmake_args' from command line to 'None'
[0.325s] Level 5:colcon.colcon_core.verb:set package 'dclaw_interfaces' build argument 'catkin_skip_building_tests' from command line to 'False'
[0.325s] DEBUG:colcon.colcon_core.verb:Building package 'dclaw_interfaces' with the following arguments: {'ament_cmake_args': None, 'build_base': '/home/songwoo/colcon_ws/build/dclaw_interfaces', 'catkin_cmake_args': None, 'catkin_skip_building_tests': False, 'cmake_args': None, 'cmake_clean_cache': False, 'cmake_clean_first': False, 'cmake_force_configure': False, 'cmake_target': None, 'cmake_target_skip_unavailable': False, 'install_base': '/home/songwoo/colcon_ws/install/dclaw_interfaces', 'merge_install': False, 'path': '/home/songwoo/colcon_ws/src/dclaw_interfaces', 'symlink_install': True, 'test_result_base': None}
[0.325s] Level 5:colcon.colcon_core.verb:set package 'dclaw_ros' build argument 'cmake_args' from command line to 'None'
[0.325s] Level 5:colcon.colcon_core.verb:set package 'dclaw_ros' build argument 'cmake_target' from command line to 'None'
[0.325s] Level 5:colcon.colcon_core.verb:set package 'dclaw_ros' build argument 'cmake_target_skip_unavailable' from command line to 'False'
[0.325s] Level 5:colcon.colcon_core.verb:set package 'dclaw_ros' build argument 'cmake_clean_cache' from command line to 'False'
[0.325s] Level 5:colcon.colcon_core.verb:set package 'dclaw_ros' build argument 'cmake_clean_first' from command line to 'False'
[0.325s] Level 5:colcon.colcon_core.verb:set package 'dclaw_ros' build argument 'cmake_force_configure' from command line to 'False'
[0.325s] Level 5:colcon.colcon_core.verb:set package 'dclaw_ros' build argument 'ament_cmake_args' from command line to 'None'
[0.325s] Level 5:colcon.colcon_core.verb:set package 'dclaw_ros' build argument 'catkin_cmake_args' from command line to 'None'
[0.325s] Level 5:colcon.colcon_core.verb:set package 'dclaw_ros' build argument 'catkin_skip_building_tests' from command line to 'False'
[0.325s] DEBUG:colcon.colcon_core.verb:Building package 'dclaw_ros' with the following arguments: {'ament_cmake_args': None, 'build_base': '/home/songwoo/colcon_ws/build/dclaw_ros', 'catkin_cmake_args': None, 'catkin_skip_building_tests': False, 'cmake_args': None, 'cmake_clean_cache': False, 'cmake_clean_first': False, 'cmake_force_configure': False, 'cmake_target': None, 'cmake_target_skip_unavailable': False, 'install_base': '/home/songwoo/colcon_ws/install/dclaw_ros', 'merge_install': False, 'path': '/home/songwoo/colcon_ws/src/dclaw_ros', 'symlink_install': True, 'test_result_base': None}
[0.326s] Level 5:colcon.colcon_core.verb:set package 'test' build argument 'cmake_args' from command line to 'None'
[0.326s] Level 5:colcon.colcon_core.verb:set package 'test' build argument 'cmake_target' from command line to 'None'
[0.326s] Level 5:colcon.colcon_core.verb:set package 'test' build argument 'cmake_target_skip_unavailable' from command line to 'False'
[0.326s] Level 5:colcon.colcon_core.verb:set package 'test' build argument 'cmake_clean_cache' from command line to 'False'
[0.326s] Level 5:colcon.colcon_core.verb:set package 'test' build argument 'cmake_clean_first' from command line to 'False'
[0.326s] Level 5:colcon.colcon_core.verb:set package 'test' build argument 'cmake_force_configure' from command line to 'False'
[0.326s] Level 5:colcon.colcon_core.verb:set package 'test' build argument 'ament_cmake_args' from command line to 'None'
[0.326s] Level 5:colcon.colcon_core.verb:set package 'test' build argument 'catkin_cmake_args' from command line to 'None'
[0.326s] Level 5:colcon.colcon_core.verb:set package 'test' build argument 'catkin_skip_building_tests' from command line to 'False'
[0.326s] DEBUG:colcon.colcon_core.verb:Building package 'test' with the following arguments: {'ament_cmake_args': None, 'build_base': '/home/songwoo/colcon_ws/build/test', 'catkin_cmake_args': None, 'catkin_skip_building_tests': False, 'cmake_args': None, 'cmake_clean_cache': False, 'cmake_clean_first': False, 'cmake_force_configure': False, 'cmake_target': None, 'cmake_target_skip_unavailable': False, 'install_base': '/home/songwoo/colcon_ws/install/test', 'merge_install': False, 'path': '/home/songwoo/colcon_ws/src/test', 'symlink_install': True, 'test_result_base': None}
[0.327s] INFO:colcon.colcon_core.executor:Executing jobs using 'parallel' executor
[0.329s] DEBUG:colcon.colcon_parallel_executor.executor.parallel:run_until_complete
[0.329s] INFO:colcon.colcon_ros.task.ament_cmake.build:Building ROS package in '/home/songwoo/colcon_ws/src/dclaw_interfaces' with build type 'ament_cmake'
[0.329s] INFO:colcon.colcon_cmake.task.cmake.build:Building CMake package in '/home/songwoo/colcon_ws/src/dclaw_interfaces'
[0.333s] INFO:colcon.colcon_core.plugin_system:Skipping extension 'colcon_core.shell.bat': Not used on non-Windows systems
[0.333s] INFO:colcon.colcon_core.shell:Skip shell extension 'powershell' for command environment: Not usable outside of PowerShell
[0.333s] DEBUG:colcon.colcon_core.shell:Skip shell extension 'dsv' for command environment
[0.336s] INFO:colcon.colcon_ros.task.ament_cmake.build:Building ROS package in '/home/songwoo/colcon_ws/src/dclaw_ros' with build type 'ament_cmake'
[0.336s] INFO:colcon.colcon_cmake.task.cmake.build:Building CMake package in '/home/songwoo/colcon_ws/src/dclaw_ros'
[0.337s] INFO:colcon.colcon_core.shell:Skip shell extension 'powershell' for command environment: Not usable outside of PowerShell
[0.337s] DEBUG:colcon.colcon_core.shell:Skip shell extension 'dsv' for command environment
[0.341s] INFO:colcon.colcon_ros.task.ament_cmake.build:Building ROS package in '/home/songwoo/colcon_ws/src/test' with build type 'ament_cmake'
[0.341s] INFO:colcon.colcon_cmake.task.cmake.build:Building CMake package in '/home/songwoo/colcon_ws/src/test'
[0.342s] INFO:colcon.colcon_core.shell:Skip shell extension 'powershell' for command environment: Not usable outside of PowerShell
[0.342s] DEBUG:colcon.colcon_core.shell:Skip shell extension 'dsv' for command environment
[0.350s] DEBUG:colcon.colcon_core.event_handler.log_command:Invoking command in '/home/songwoo/colcon_ws/build/dclaw_interfaces': CMAKE_PREFIX_PATH=/opt/ros/foxy /usr/bin/cmake /home/songwoo/colcon_ws/src/dclaw_interfaces -DAMENT_CMAKE_SYMLINK_INSTALL=1 -DCMAKE_INSTALL_PREFIX=/home/songwoo/colcon_ws/install/dclaw_interfaces
[0.354s] DEBUG:colcon.colcon_core.event_handler.log_command:Invoking command in '/home/songwoo/colcon_ws/build/dclaw_ros': CMAKE_PREFIX_PATH=/opt/ros/foxy /usr/bin/cmake --build /home/songwoo/colcon_ws/build/dclaw_ros -- -j8 -l8
[0.356s] DEBUG:colcon.colcon_core.event_handler.log_command:Invoking command in '/home/songwoo/colcon_ws/build/test': CMAKE_PREFIX_PATH=/opt/ros/foxy /usr/bin/cmake --build /home/songwoo/colcon_ws/build/test -- -j8 -l8
[0.378s] DEBUG:colcon.colcon_core.event_handler.log_command:Invoked command in '/home/songwoo/colcon_ws/build/dclaw_ros' returned '0': CMAKE_PREFIX_PATH=/opt/ros/foxy /usr/bin/cmake --build /home/songwoo/colcon_ws/build/dclaw_ros -- -j8 -l8
[0.384s] DEBUG:colcon.colcon_core.event_handler.log_command:Invoked command in '/home/songwoo/colcon_ws/build/test' returned '0': CMAKE_PREFIX_PATH=/opt/ros/foxy /usr/bin/cmake --build /home/songwoo/colcon_ws/build/test -- -j8 -l8
[0.400s] DEBUG:colcon.colcon_core.event_handler.log_command:Invoking command in '/home/songwoo/colcon_ws/build/dclaw_ros': CMAKE_PREFIX_PATH=/opt/ros/foxy /usr/bin/cmake --install /home/songwoo/colcon_ws/build/dclaw_ros
[0.403s] DEBUG:colcon.colcon_core.event_handler.log_command:Invoking command in '/home/songwoo/colcon_ws/build/test': CMAKE_PREFIX_PATH=/opt/ros/foxy /usr/bin/cmake --install /home/songwoo/colcon_ws/build/test
[0.416s] Level 1:colcon.colcon_core.environment:create_environment_scripts_only(dclaw_ros)
[0.417s] DEBUG:colcon.colcon_core.event_handler.log_command:Invoked command in '/home/songwoo/colcon_ws/build/dclaw_ros' returned '0': CMAKE_PREFIX_PATH=/opt/ros/foxy /usr/bin/cmake --install /home/songwoo/colcon_ws/build/dclaw_ros
[0.421s] Level 1:colcon.colcon_core.environment:checking '/home/songwoo/colcon_ws/install/dclaw_ros' for CMake module files
[0.421s] Level 1:colcon.colcon_core.environment:checking '/home/songwoo/colcon_ws/install/dclaw_ros' for CMake config files
[0.421s] Level 1:colcon.colcon_core.shell:create_environment_hook('dclaw_ros', 'cmake_prefix_path')
[0.423s] INFO:colcon.colcon_core.shell:Creating environment hook '/home/songwoo/colcon_ws/install/dclaw_ros/share/dclaw_ros/hook/cmake_prefix_path.ps1'
[0.423s] INFO:colcon.colcon_core.shell:Creating environment descriptor '/home/songwoo/colcon_ws/install/dclaw_ros/share/dclaw_ros/hook/cmake_prefix_path.dsv'
[0.423s] INFO:colcon.colcon_core.shell:Creating environment hook '/home/songwoo/colcon_ws/install/dclaw_ros/share/dclaw_ros/hook/cmake_prefix_path.sh'
[0.424s] Level 1:colcon.colcon_core.environment:checking '/home/songwoo/colcon_ws/install/dclaw_ros/bin'
[0.424s] Level 1:colcon.colcon_core.environment:checking '/home/songwoo/colcon_ws/install/dclaw_ros/lib/pkgconfig/dclaw_ros.pc'
[0.424s] Level 1:colcon.colcon_core.environment:checking '/home/songwoo/colcon_ws/install/dclaw_ros/lib/python3.8/site-packages'
[0.424s] Level 1:colcon.colcon_core.environment:checking '/home/songwoo/colcon_ws/install/dclaw_ros/bin'
[0.425s] INFO:colcon.colcon_core.shell:Creating package script '/home/songwoo/colcon_ws/install/dclaw_ros/share/dclaw_ros/package.ps1'
[0.426s] INFO:colcon.colcon_core.shell:Creating package descriptor '/home/songwoo/colcon_ws/install/dclaw_ros/share/dclaw_ros/package.dsv'
[0.426s] INFO:colcon.colcon_core.shell:Creating package script '/home/songwoo/colcon_ws/install/dclaw_ros/share/dclaw_ros/package.sh'
[0.427s] INFO:colcon.colcon_core.shell:Creating package script '/home/songwoo/colcon_ws/install/dclaw_ros/share/dclaw_ros/package.bash'
[0.427s] INFO:colcon.colcon_core.shell:Creating package script '/home/songwoo/colcon_ws/install/dclaw_ros/share/dclaw_ros/package.zsh'
[0.428s] Level 1:colcon.colcon_core.environment:create_file_with_runtime_dependencies(/home/songwoo/colcon_ws/install/dclaw_ros/share/colcon-core/packages/dclaw_ros)
[0.430s] Level 1:colcon.colcon_core.environment:create_environment_scripts_only(test)
[0.432s] Level 1:colcon.colcon_core.environment:checking '/home/songwoo/colcon_ws/install/test' for CMake module files
[0.432s] DEBUG:colcon.colcon_core.event_handler.log_command:Invoked command in '/home/songwoo/colcon_ws/build/test' returned '0': CMAKE_PREFIX_PATH=/opt/ros/foxy /usr/bin/cmake --install /home/songwoo/colcon_ws/build/test
[0.432s] Level 1:colcon.colcon_core.environment:checking '/home/songwoo/colcon_ws/install/test' for CMake config files
[0.433s] Level 1:colcon.colcon_core.shell:create_environment_hook('test', 'cmake_prefix_path')
[0.434s] INFO:colcon.colcon_core.shell:Creating environment hook '/home/songwoo/colcon_ws/install/test/share/test/hook/cmake_prefix_path.ps1'
[0.434s] INFO:colcon.colcon_core.shell:Creating environment descriptor '/home/songwoo/colcon_ws/install/test/share/test/hook/cmake_prefix_path.dsv'
[0.434s] INFO:colcon.colcon_core.shell:Creating environment hook '/home/songwoo/colcon_ws/install/test/share/test/hook/cmake_prefix_path.sh'
[0.435s] Level 1:colcon.colcon_core.environment:checking '/home/songwoo/colcon_ws/install/test/bin'
[0.435s] Level 1:colcon.colcon_core.environment:checking '/home/songwoo/colcon_ws/install/test/lib/pkgconfig/test.pc'
[0.435s] Level 1:colcon.colcon_core.environment:checking '/home/songwoo/colcon_ws/install/test/lib/python3.8/site-packages'
[0.435s] Level 1:colcon.colcon_core.environment:checking '/home/songwoo/colcon_ws/install/test/bin'
[0.436s] INFO:colcon.colcon_core.shell:Creating package script '/home/songwoo/colcon_ws/install/test/share/test/package.ps1'
[0.436s] INFO:colcon.colcon_core.shell:Creating package descriptor '/home/songwoo/colcon_ws/install/test/share/test/package.dsv'
[0.437s] INFO:colcon.colcon_core.shell:Creating package script '/home/songwoo/colcon_ws/install/test/share/test/package.sh'
[0.437s] INFO:colcon.colcon_core.shell:Creating package script '/home/songwoo/colcon_ws/install/test/share/test/package.bash'
[0.437s] INFO:colcon.colcon_core.shell:Creating package script '/home/songwoo/colcon_ws/install/test/share/test/package.zsh'
[0.437s] Level 1:colcon.colcon_core.environment:create_file_with_runtime_dependencies(/home/songwoo/colcon_ws/install/test/share/colcon-core/packages/test)
[0.442s] Level 1:colcon.colcon_core.environment:create_environment_scripts_only(dclaw_ros)
[0.443s] Level 1:colcon.colcon_core.environment:checking '/home/songwoo/colcon_ws/install/dclaw_ros' for CMake module files
[0.444s] Level 1:colcon.colcon_core.environment:checking '/home/songwoo/colcon_ws/install/dclaw_ros' for CMake config files
[0.444s] Level 1:colcon.colcon_core.shell:create_environment_hook('dclaw_ros', 'cmake_prefix_path')
[0.445s] INFO:colcon.colcon_core.shell:Creating environment hook '/home/songwoo/colcon_ws/install/dclaw_ros/share/dclaw_ros/hook/cmake_prefix_path.ps1'
[0.445s] INFO:colcon.colcon_core.shell:Creating environment descriptor '/home/songwoo/colcon_ws/install/dclaw_ros/share/dclaw_ros/hook/cmake_prefix_path.dsv'
[0.445s] INFO:colcon.colcon_core.shell:Creating environment hook '/home/songwoo/colcon_ws/install/dclaw_ros/share/dclaw_ros/hook/cmake_prefix_path.sh'
[0.446s] Level 1:colcon.colcon_core.environment:checking '/home/songwoo/colcon_ws/install/dclaw_ros/bin'
[0.446s] Level 1:colcon.colcon_core.environment:checking '/home/songwoo/colcon_ws/install/dclaw_ros/lib/pkgconfig/dclaw_ros.pc'
[0.446s] Level 1:colcon.colcon_core.environment:checking '/home/songwoo/colcon_ws/install/dclaw_ros/lib/python3.8/site-packages'
[0.446s] Level 1:colcon.colcon_core.environment:checking '/home/songwoo/colcon_ws/install/dclaw_ros/bin'
[0.447s] INFO:colcon.colcon_core.shell:Creating package script '/home/songwoo/colcon_ws/install/dclaw_ros/share/dclaw_ros/package.ps1'
[0.448s] INFO:colcon.colcon_core.shell:Creating package descriptor '/home/songwoo/colcon_ws/install/dclaw_ros/share/dclaw_ros/package.dsv'
[0.448s] INFO:colcon.colcon_core.shell:Creating package script '/home/songwoo/colcon_ws/install/dclaw_ros/share/dclaw_ros/package.sh'
[0.448s] INFO:colcon.colcon_core.shell:Creating package script '/home/songwoo/colcon_ws/install/dclaw_ros/share/dclaw_ros/package.bash'
[0.448s] INFO:colcon.colcon_core.shell:Creating package script '/home/songwoo/colcon_ws/install/dclaw_ros/share/dclaw_ros/package.zsh'
[0.449s] Level 1:colcon.colcon_core.environment:create_file_with_runtime_dependencies(/home/songwoo/colcon_ws/install/dclaw_ros/share/colcon-core/packages/dclaw_ros)
[0.451s] Level 1:colcon.colcon_core.environment:create_environment_scripts_only(test)
[0.452s] Level 1:colcon.colcon_core.environment:checking '/home/songwoo/colcon_ws/install/test' for CMake module files
[0.453s] Level 1:colcon.colcon_core.environment:checking '/home/songwoo/colcon_ws/install/test' for CMake config files
[0.453s] Level 1:colcon.colcon_core.shell:create_environment_hook('test', 'cmake_prefix_path')
[0.454s] INFO:colcon.colcon_core.shell:Creating environment hook '/home/songwoo/colcon_ws/install/test/share/test/hook/cmake_prefix_path.ps1'
[0.454s] INFO:colcon.colcon_core.shell:Creating environment descriptor '/home/songwoo/colcon_ws/install/test/share/test/hook/cmake_prefix_path.dsv'
[0.454s] INFO:colcon.colcon_core.shell:Creating environment hook '/home/songwoo/colcon_ws/install/test/share/test/hook/cmake_prefix_path.sh'
[0.455s] Level 1:colcon.colcon_core.environment:checking '/home/songwoo/colcon_ws/install/test/bin'
[0.455s] Level 1:colcon.colcon_core.environment:checking '/home/songwoo/colcon_ws/install/test/lib/pkgconfig/test.pc'
[0.455s] Level 1:colcon.colcon_core.environment:checking '/home/songwoo/colcon_ws/install/test/lib/python3.8/site-packages'
[0.455s] Level 1:colcon.colcon_core.environment:checking '/home/songwoo/colcon_ws/install/test/bin'
[0.456s] INFO:colcon.colcon_core.shell:Creating package script '/home/songwoo/colcon_ws/install/test/share/test/package.ps1'
[0.456s] INFO:colcon.colcon_core.shell:Creating package descriptor '/home/songwoo/colcon_ws/install/test/share/test/package.dsv'
[0.457s] INFO:colcon.colcon_core.shell:Creating package script '/home/songwoo/colcon_ws/install/test/share/test/package.sh'
[0.457s] INFO:colcon.colcon_core.shell:Creating package script '/home/songwoo/colcon_ws/install/test/share/test/package.bash'
[0.457s] INFO:colcon.colcon_core.shell:Creating package script '/home/songwoo/colcon_ws/install/test/share/test/package.zsh'
[0.457s] Level 1:colcon.colcon_core.environment:create_file_with_runtime_dependencies(/home/songwoo/colcon_ws/install/test/share/colcon-core/packages/test)
[1.034s] DEBUG:colcon.colcon_core.event_handler.log_command:Invoked command in '/home/songwoo/colcon_ws/build/dclaw_interfaces' returned '1': CMAKE_PREFIX_PATH=/opt/ros/foxy /usr/bin/cmake /home/songwoo/colcon_ws/src/dclaw_interfaces -DAMENT_CMAKE_SYMLINK_INSTALL=1 -DCMAKE_INSTALL_PREFIX=/home/songwoo/colcon_ws/install/dclaw_interfaces
[1.042s] Level 1:colcon.colcon_core.environment:create_environment_scripts_only(dclaw_interfaces)
[1.044s] Level 1:colcon.colcon_core.environment:checking '/home/songwoo/colcon_ws/install/dclaw_interfaces' for CMake module files
[1.044s] Level 1:colcon.colcon_core.environment:checking '/home/songwoo/colcon_ws/install/dclaw_interfaces' for CMake config files
[1.044s] Level 1:colcon.colcon_core.environment:checking '/home/songwoo/colcon_ws/install/dclaw_interfaces/bin'
[1.044s] Level 1:colcon.colcon_core.environment:checking '/home/songwoo/colcon_ws/install/dclaw_interfaces/lib/pkgconfig/dclaw_interfaces.pc'
[1.045s] Level 1:colcon.colcon_core.environment:checking '/home/songwoo/colcon_ws/install/dclaw_interfaces/lib/python3.8/site-packages'
[1.045s] Level 1:colcon.colcon_core.environment:checking '/home/songwoo/colcon_ws/install/dclaw_interfaces/bin'
[1.046s] INFO:colcon.colcon_core.shell:Creating package script '/home/songwoo/colcon_ws/install/dclaw_interfaces/share/dclaw_interfaces/package.ps1'
[1.046s] INFO:colcon.colcon_core.shell:Creating package descriptor '/home/songwoo/colcon_ws/install/dclaw_interfaces/share/dclaw_interfaces/package.dsv'
[1.046s] INFO:colcon.colcon_core.shell:Creating package script '/home/songwoo/colcon_ws/install/dclaw_interfaces/share/dclaw_interfaces/package.sh'
[1.046s] INFO:colcon.colcon_core.shell:Creating package script '/home/songwoo/colcon_ws/install/dclaw_interfaces/share/dclaw_interfaces/package.bash'
[1.047s] INFO:colcon.colcon_core.shell:Creating package script '/home/songwoo/colcon_ws/install/dclaw_interfaces/share/dclaw_interfaces/package.zsh'
[1.047s] Level 1:colcon.colcon_core.environment:create_file_with_runtime_dependencies(/home/songwoo/colcon_ws/install/dclaw_interfaces/share/colcon-core/packages/dclaw_interfaces)
[1.057s] DEBUG:colcon.colcon_parallel_executor.executor.parallel:closing loop
[1.057s] DEBUG:colcon.colcon_parallel_executor.executor.parallel:loop closed
[1.057s] DEBUG:colcon.colcon_parallel_executor.executor.parallel:run_until_complete finished with '1'
[1.057s] DEBUG:colcon.colcon_core.event_reactor:joining thread
[1.061s] INFO:colcon.colcon_core.plugin_system:Skipping extension 'colcon_notification.desktop_notification.terminal_notifier': Not used on non-Darwin systems
[1.061s] INFO:colcon.colcon_core.plugin_system:Skipping extension 'colcon_notification.desktop_notification.win32': Not used on non-Windows systems
[1.061s] INFO:colcon.colcon_notification.desktop_notification:Sending desktop notification using 'notify2'
[1.073s] DEBUG:colcon.colcon_core.event_reactor:joined thread
[1.074s] INFO:colcon.colcon_core.shell:Creating prefix script '/home/songwoo/colcon_ws/install/local_setup.ps1'
[1.075s] INFO:colcon.colcon_core.shell:Creating prefix util module '/home/songwoo/colcon_ws/install/_local_setup_util_ps1.py'
[1.076s] INFO:colcon.colcon_core.shell:Creating prefix chain script '/home/songwoo/colcon_ws/install/setup.ps1'
[1.077s] INFO:colcon.colcon_core.shell:Creating prefix script '/home/songwoo/colcon_ws/install/local_setup.sh'
[1.077s] INFO:colcon.colcon_core.shell:Creating prefix util module '/home/songwoo/colcon_ws/install/_local_setup_util_sh.py'
[1.077s] INFO:colcon.colcon_core.shell:Creating prefix chain script '/home/songwoo/colcon_ws/install/setup.sh'
[1.078s] INFO:colcon.colcon_core.shell:Creating prefix script '/home/songwoo/colcon_ws/install/local_setup.bash'
[1.078s] INFO:colcon.colcon_core.shell:Creating prefix chain script '/home/songwoo/colcon_ws/install/setup.bash'
[1.080s] INFO:colcon.colcon_core.shell:Creating prefix script '/home/songwoo/colcon_ws/install/local_setup.zsh'
[1.080s] INFO:colcon.colcon_core.shell:Creating prefix chain script '/home/songwoo/colcon_ws/install/setup.zsh'
