[0.055s] Invoking command in '/home/songwoo/colcon_ws/build/dclaw_interfaces': CMAKE_PREFIX_PATH=${CMAKE_PREFIX_PATH}:/home/songwoo/colcon_ws/install/dclaw:/opt/ros/foxy /usr/bin/cmake --build /home/songwoo/colcon_ws/build/dclaw_interfaces -- -j8 -l8
[0.306s] -- Found ament_cmake: 0.9.11 (/opt/ros/foxy/share/ament_cmake/cmake)
[0.370s] -- Found PythonInterp: /usr/bin/python3 (found suitable version "3.8.10", minimum required is "3") 
[0.370s] -- Using PYTHON_EXECUTABLE: /usr/bin/python3
[0.580s] -- Override CMake install command with custom implementation using symlinks instead of copying resources
[0.761s] -- Found rosidl_default_generators: 1.0.1 (/opt/ros/foxy/share/rosidl_default_generators/cmake)
[0.823s] -- Using all available rosidl_typesupport_c: rosidl_typesupport_fastrtps_c;rosidl_typesupport_introspection_c
[0.878s] -- Found rosidl_adapter: 1.3.0 (/opt/ros/foxy/share/rosidl_adapter/cmake)
[1.438s] -- Using all available rosidl_typesupport_cpp: rosidl_typesupport_fastrtps_cpp;rosidl_typesupport_introspection_cpp
[1.481s] CMake Error at /opt/ros/foxy/share/rosidl_cmake/cmake/rosidl_generate_interfaces.cmake:93 (message):
[1.481s]   rosidl_generate_interfaces() the passed file 'srv/GetPosition.srv' doesn't
[1.481s]   exist relative to the CMAKE_CURRENT_SOURCE_DIR
[1.481s]   '/home/songwoo/colcon_ws/src/dclaw_interfaces'
[1.481s] Call Stack (most recent call first):
[1.481s]   CMakeLists.txt:29 (rosidl_generate_interfaces)
[1.481s] 
[1.481s] 
[1.482s] -- Configuring incomplete, errors occurred!
[1.482s] See also "/home/songwoo/colcon_ws/build/dclaw_interfaces/CMakeFiles/CMakeOutput.log".
[1.485s] make: *** [Makefile:988: cmake_check_build_system] Error 1
[1.487s] Invoked command in '/home/songwoo/colcon_ws/build/dclaw_interfaces' returned '2': CMAKE_PREFIX_PATH=${CMAKE_PREFIX_PATH}:/home/songwoo/colcon_ws/install/dclaw:/opt/ros/foxy /usr/bin/cmake --build /home/songwoo/colcon_ws/build/dclaw_interfaces -- -j8 -l8
