[0.081s] Invoking command in '/home/songwoo/colcon_ws/build/dclaw_interfaces': CMAKE_PREFIX_PATH=${CMAKE_PREFIX_PATH}:/home/songwoo/colcon_ws/install/dclaw:/opt/ros/foxy /usr/bin/cmake --build /home/songwoo/colcon_ws/build/dclaw_interfaces -- -j8 -l8
[0.587s] [  2%] Built target dclaw_interfaces__cpp
[0.675s] [ 12%] Built target dclaw_interfaces__rosidl_generator_c
[0.680s] [ 23%] Built target dclaw_interfaces__rosidl_typesupport_introspection_cpp
[0.686s] [ 33%] Built target dclaw_interfaces__rosidl_typesupport_cpp
[0.707s] [ 43%] Built target dclaw_interfaces__rosidl_typesupport_fastrtps_cpp
[0.730s] [ 53%] Built target dclaw_interfaces__rosidl_typesupport_c
[0.740s] [ 64%] Built target dclaw_interfaces__rosidl_typesupport_introspection_c
[0.744s] [ 74%] Built target dclaw_interfaces__rosidl_typesupport_fastrtps_c
[0.762s] [ 74%] Built target dclaw_interfaces
[0.779s] [ 76%] Built target dclaw_interfaces__py
[0.874s] [ 84%] Built target dclaw_interfaces__python
[0.956s] [100%] Built target dclaw_interfaces__rosidl_typesupport_fastrtps_c__pyext
[0.956s] [100%] Built target dclaw_interfaces__rosidl_typesupport_c__pyext
[0.957s] [100%] Built target dclaw_interfaces__rosidl_typesupport_introspection_c__pyext
[0.967s] Invoked command in '/home/songwoo/colcon_ws/build/dclaw_interfaces' returned '0': CMAKE_PREFIX_PATH=${CMAKE_PREFIX_PATH}:/home/songwoo/colcon_ws/install/dclaw:/opt/ros/foxy /usr/bin/cmake --build /home/songwoo/colcon_ws/build/dclaw_interfaces -- -j8 -l8
[1.020s] Invoking command in '/home/songwoo/colcon_ws/build/dclaw_interfaces': CMAKE_PREFIX_PATH=${CMAKE_PREFIX_PATH}:/home/songwoo/colcon_ws/install/dclaw:/opt/ros/foxy /usr/bin/cmake --install /home/songwoo/colcon_ws/build/dclaw_interfaces
[1.028s] -- Install configuration: ""
[1.058s] -- Execute custom install script
[1.060s] -- Up-to-date symlink: /home/songwoo/colcon_ws/install/dclaw_interfaces/share/ament_index/resource_index/rosidl_interfaces/dclaw_interfaces
[1.063s] -- Up-to-date symlink: /home/songwoo/colcon_ws/install/dclaw_interfaces/include/dclaw_interfaces/msg/detail/set_position__functions.h
[1.064s] -- Up-to-date symlink: /home/songwoo/colcon_ws/install/dclaw_interfaces/include/dclaw_interfaces/msg/detail/set_position__struct.h
[1.065s] -- Up-to-date symlink: /home/songwoo/colcon_ws/install/dclaw_interfaces/include/dclaw_interfaces/msg/detail/set_position__type_support.h
[1.065s] -- Up-to-date symlink: /home/songwoo/colcon_ws/install/dclaw_interfaces/include/dclaw_interfaces/msg/rosidl_generator_c__visibility_control.h
[1.066s] -- Up-to-date symlink: /home/songwoo/colcon_ws/install/dclaw_interfaces/include/dclaw_interfaces/msg/set_position.h
[1.067s] -- Up-to-date symlink: /home/songwoo/colcon_ws/install/dclaw_interfaces/include/dclaw_interfaces/srv/detail/get_position__functions.h
[1.068s] -- Up-to-date symlink: /home/songwoo/colcon_ws/install/dclaw_interfaces/include/dclaw_interfaces/srv/detail/get_position__struct.h
[1.069s] -- Up-to-date symlink: /home/songwoo/colcon_ws/install/dclaw_interfaces/include/dclaw_interfaces/srv/detail/get_position__type_support.h
[1.070s] -- Up-to-date symlink: /home/songwoo/colcon_ws/install/dclaw_interfaces/include/dclaw_interfaces/srv/get_position.h
[1.071s] -- Up-to-date symlink: /home/songwoo/colcon_ws/install/dclaw_interfaces/share/dclaw_interfaces/environment/library_path.sh
[1.072s] -- Up-to-date symlink: /home/songwoo/colcon_ws/install/dclaw_interfaces/share/dclaw_interfaces/environment/library_path.dsv
[1.074s] -- Up-to-date symlink: /home/songwoo/colcon_ws/install/dclaw_interfaces/include/dclaw_interfaces/msg/detail/set_position__rosidl_typesupport_fastrtps_c.h
[1.075s] -- Up-to-date symlink: /home/songwoo/colcon_ws/install/dclaw_interfaces/include/dclaw_interfaces/msg/rosidl_typesupport_fastrtps_c__visibility_control.h
[1.076s] -- Up-to-date symlink: /home/songwoo/colcon_ws/install/dclaw_interfaces/include/dclaw_interfaces/srv/detail/get_position__rosidl_typesupport_fastrtps_c.h
[1.078s] -- Up-to-date symlink: /home/songwoo/colcon_ws/install/dclaw_interfaces/lib/libdclaw_interfaces__rosidl_typesupport_fastrtps_c.so
[1.081s] -- Up-to-date symlink: /home/songwoo/colcon_ws/install/dclaw_interfaces/include/dclaw_interfaces/msg/detail/set_position__rosidl_typesupport_fastrtps_cpp.hpp
[1.081s] -- Up-to-date symlink: /home/songwoo/colcon_ws/install/dclaw_interfaces/include/dclaw_interfaces/msg/rosidl_typesupport_fastrtps_cpp__visibility_control.h
[1.082s] -- Up-to-date symlink: /home/songwoo/colcon_ws/install/dclaw_interfaces/include/dclaw_interfaces/srv/detail/get_position__rosidl_typesupport_fastrtps_cpp.hpp
[1.084s] -- Up-to-date symlink: /home/songwoo/colcon_ws/install/dclaw_interfaces/lib/libdclaw_interfaces__rosidl_typesupport_fastrtps_cpp.so
[1.086s] -- Up-to-date symlink: /home/songwoo/colcon_ws/install/dclaw_interfaces/include/dclaw_interfaces/msg/detail/set_position__rosidl_typesupport_introspection_c.h
[1.087s] -- Up-to-date symlink: /home/songwoo/colcon_ws/install/dclaw_interfaces/include/dclaw_interfaces/msg/rosidl_typesupport_introspection_c__visibility_control.h
[1.088s] -- Up-to-date symlink: /home/songwoo/colcon_ws/install/dclaw_interfaces/include/dclaw_interfaces/srv/detail/get_position__rosidl_typesupport_introspection_c.h
[1.090s] -- Up-to-date symlink: /home/songwoo/colcon_ws/install/dclaw_interfaces/include/dclaw_interfaces/msg/detail/set_position__builder.hpp
[1.090s] -- Up-to-date symlink: /home/songwoo/colcon_ws/install/dclaw_interfaces/include/dclaw_interfaces/msg/detail/set_position__struct.hpp
[1.091s] -- Up-to-date symlink: /home/songwoo/colcon_ws/install/dclaw_interfaces/include/dclaw_interfaces/msg/detail/set_position__traits.hpp
[1.092s] -- Up-to-date symlink: /home/songwoo/colcon_ws/install/dclaw_interfaces/include/dclaw_interfaces/msg/set_position.hpp
[1.092s] -- Up-to-date symlink: /home/songwoo/colcon_ws/install/dclaw_interfaces/include/dclaw_interfaces/srv/detail/get_position__builder.hpp
[1.093s] -- Up-to-date symlink: /home/songwoo/colcon_ws/install/dclaw_interfaces/include/dclaw_interfaces/srv/detail/get_position__struct.hpp
[1.093s] -- Up-to-date symlink: /home/songwoo/colcon_ws/install/dclaw_interfaces/include/dclaw_interfaces/srv/detail/get_position__traits.hpp
[1.094s] -- Up-to-date symlink: /home/songwoo/colcon_ws/install/dclaw_interfaces/include/dclaw_interfaces/srv/get_position.hpp
[1.095s] -- Up-to-date symlink: /home/songwoo/colcon_ws/install/dclaw_interfaces/include/dclaw_interfaces/msg/detail/set_position__rosidl_typesupport_introspection_cpp.hpp
[1.096s] -- Up-to-date symlink: /home/songwoo/colcon_ws/install/dclaw_interfaces/include/dclaw_interfaces/srv/detail/get_position__rosidl_typesupport_introspection_cpp.hpp
[1.096s] -- Up-to-date symlink: /home/songwoo/colcon_ws/install/dclaw_interfaces/share/dclaw_interfaces/environment/pythonpath.sh
[1.097s] -- Up-to-date symlink: /home/songwoo/colcon_ws/install/dclaw_interfaces/share/dclaw_interfaces/environment/pythonpath.dsv
[1.098s] -- Up-to-date symlink: /home/songwoo/colcon_ws/install/dclaw_interfaces/lib/python3.8/site-packages/dclaw_interfaces/__init__.py
[1.132s] -- Up-to-date symlink: /home/songwoo/colcon_ws/install/dclaw_interfaces/lib/python3.8/site-packages/dclaw_interfaces/msg/__init__.py
[1.133s] -- Up-to-date symlink: /home/songwoo/colcon_ws/install/dclaw_interfaces/lib/python3.8/site-packages/dclaw_interfaces/msg/_set_position.py
[1.148s] -- Up-to-date symlink: /home/songwoo/colcon_ws/install/dclaw_interfaces/lib/python3.8/site-packages/dclaw_interfaces/srv/__init__.py
[1.148s] -- Up-to-date symlink: /home/songwoo/colcon_ws/install/dclaw_interfaces/lib/python3.8/site-packages/dclaw_interfaces/srv/_get_position.py
[1.151s] -- Up-to-date symlink: /home/songwoo/colcon_ws/install/dclaw_interfaces/lib/python3.8/site-packages/dclaw_interfaces/dclaw_interfaces_s__rosidl_typesupport_fastrtps_c.cpython-38-x86_64-linux-gnu.so
[1.153s] -- Up-to-date symlink: /home/songwoo/colcon_ws/install/dclaw_interfaces/lib/python3.8/site-packages/dclaw_interfaces/dclaw_interfaces_s__rosidl_typesupport_introspection_c.cpython-38-x86_64-linux-gnu.so
[1.154s] -- Up-to-date symlink: /home/songwoo/colcon_ws/install/dclaw_interfaces/lib/python3.8/site-packages/dclaw_interfaces/dclaw_interfaces_s__rosidl_typesupport_c.cpython-38-x86_64-linux-gnu.so
[1.156s] -- Up-to-date symlink: /home/songwoo/colcon_ws/install/dclaw_interfaces/lib/libdclaw_interfaces__python.so
[1.158s] -- Up-to-date symlink: /home/songwoo/colcon_ws/install/dclaw_interfaces/share/dclaw_interfaces/msg/SetPosition.idl
[1.159s] -- Up-to-date symlink: /home/songwoo/colcon_ws/install/dclaw_interfaces/share/dclaw_interfaces/srv/GetPosition.idl
[1.160s] -- Up-to-date symlink: /home/songwoo/colcon_ws/install/dclaw_interfaces/share/dclaw_interfaces/msg/SetPosition.msg
[1.161s] -- Up-to-date symlink: /home/songwoo/colcon_ws/install/dclaw_interfaces/share/dclaw_interfaces/srv/GetPosition.srv
[1.162s] -- Up-to-date symlink: /home/songwoo/colcon_ws/install/dclaw_interfaces/share/dclaw_interfaces/srv/GetPosition_Request.msg
[1.164s] -- Up-to-date symlink: /home/songwoo/colcon_ws/install/dclaw_interfaces/share/dclaw_interfaces/srv/GetPosition_Response.msg
[1.165s] -- Up-to-date symlink: /home/songwoo/colcon_ws/install/dclaw_interfaces/share/ament_index/resource_index/package_run_dependencies/dclaw_interfaces
[1.166s] -- Up-to-date symlink: /home/songwoo/colcon_ws/install/dclaw_interfaces/share/ament_index/resource_index/parent_prefix_path/dclaw_interfaces
[1.167s] -- Up-to-date symlink: /home/songwoo/colcon_ws/install/dclaw_interfaces/share/dclaw_interfaces/environment/ament_prefix_path.sh
[1.168s] -- Up-to-date symlink: /home/songwoo/colcon_ws/install/dclaw_interfaces/share/dclaw_interfaces/environment/ament_prefix_path.dsv
[1.169s] -- Up-to-date symlink: /home/songwoo/colcon_ws/install/dclaw_interfaces/share/dclaw_interfaces/environment/path.sh
[1.170s] -- Up-to-date symlink: /home/songwoo/colcon_ws/install/dclaw_interfaces/share/dclaw_interfaces/environment/path.dsv
[1.171s] -- Up-to-date symlink: /home/songwoo/colcon_ws/install/dclaw_interfaces/share/dclaw_interfaces/local_setup.bash
[1.173s] -- Up-to-date symlink: /home/songwoo/colcon_ws/install/dclaw_interfaces/share/dclaw_interfaces/local_setup.sh
[1.174s] -- Up-to-date symlink: /home/songwoo/colcon_ws/install/dclaw_interfaces/share/dclaw_interfaces/local_setup.zsh
[1.175s] -- Up-to-date symlink: /home/songwoo/colcon_ws/install/dclaw_interfaces/share/dclaw_interfaces/local_setup.dsv
[1.175s] -- Symlinking: /home/songwoo/colcon_ws/install/dclaw_interfaces/share/dclaw_interfaces/package.dsv
[1.185s] -- Up-to-date symlink: /home/songwoo/colcon_ws/install/dclaw_interfaces/share/ament_index/resource_index/packages/dclaw_interfaces
[1.186s] -- Up-to-date symlink: /home/songwoo/colcon_ws/install/dclaw_interfaces/share/dclaw_interfaces/cmake/rosidl_cmake-extras.cmake
[1.186s] -- Up-to-date symlink: /home/songwoo/colcon_ws/install/dclaw_interfaces/share/dclaw_interfaces/cmake/ament_cmake_export_dependencies-extras.cmake
[1.186s] -- Up-to-date symlink: /home/songwoo/colcon_ws/install/dclaw_interfaces/share/dclaw_interfaces/cmake/ament_cmake_export_libraries-extras.cmake
[1.186s] -- Up-to-date symlink: /home/songwoo/colcon_ws/install/dclaw_interfaces/share/dclaw_interfaces/cmake/ament_cmake_export_targets-extras.cmake
[1.187s] -- Up-to-date symlink: /home/songwoo/colcon_ws/install/dclaw_interfaces/share/dclaw_interfaces/cmake/ament_cmake_export_include_directories-extras.cmake
[1.187s] -- Up-to-date symlink: /home/songwoo/colcon_ws/install/dclaw_interfaces/share/dclaw_interfaces/cmake/rosidl_cmake_export_typesupport_libraries-extras.cmake
[1.187s] -- Up-to-date symlink: /home/songwoo/colcon_ws/install/dclaw_interfaces/share/dclaw_interfaces/cmake/rosidl_cmake_export_typesupport_targets-extras.cmake
[1.187s] -- Up-to-date symlink: /home/songwoo/colcon_ws/install/dclaw_interfaces/share/dclaw_interfaces/cmake/dclaw_interfacesConfig.cmake
[1.187s] -- Up-to-date symlink: /home/songwoo/colcon_ws/install/dclaw_interfaces/share/dclaw_interfaces/cmake/dclaw_interfacesConfig-version.cmake
[1.188s] -- Up-to-date symlink: /home/songwoo/colcon_ws/install/dclaw_interfaces/share/dclaw_interfaces/package.xml
[1.188s] -- Up-to-date: /home/songwoo/colcon_ws/install/dclaw_interfaces/lib/libdclaw_interfaces__rosidl_generator_c.so
[1.188s] -- Up-to-date: /home/songwoo/colcon_ws/install/dclaw_interfaces/lib/libdclaw_interfaces__rosidl_typesupport_introspection_c.so
[1.189s] -- Up-to-date: /home/songwoo/colcon_ws/install/dclaw_interfaces/lib/libdclaw_interfaces__rosidl_typesupport_c.so
[1.189s] -- Up-to-date: /home/songwoo/colcon_ws/install/dclaw_interfaces/lib/libdclaw_interfaces__rosidl_typesupport_introspection_cpp.so
[1.190s] -- Up-to-date: /home/songwoo/colcon_ws/install/dclaw_interfaces/lib/libdclaw_interfaces__rosidl_typesupport_cpp.so
[1.214s] -- Up-to-date: /home/songwoo/colcon_ws/install/dclaw_interfaces/share/dclaw_interfaces/cmake/dclaw_interfaces__rosidl_generator_cExport.cmake
[1.214s] -- Up-to-date: /home/songwoo/colcon_ws/install/dclaw_interfaces/share/dclaw_interfaces/cmake/dclaw_interfaces__rosidl_generator_cExport-noconfig.cmake
[1.214s] -- Up-to-date: /home/songwoo/colcon_ws/install/dclaw_interfaces/share/dclaw_interfaces/cmake/dclaw_interfaces__rosidl_typesupport_introspection_cExport.cmake
[1.214s] -- Up-to-date: /home/songwoo/colcon_ws/install/dclaw_interfaces/share/dclaw_interfaces/cmake/dclaw_interfaces__rosidl_typesupport_introspection_cExport-noconfig.cmake
[1.214s] -- Up-to-date: /home/songwoo/colcon_ws/install/dclaw_interfaces/share/dclaw_interfaces/cmake/dclaw_interfaces__rosidl_typesupport_cExport.cmake
[1.214s] -- Up-to-date: /home/songwoo/colcon_ws/install/dclaw_interfaces/share/dclaw_interfaces/cmake/dclaw_interfaces__rosidl_typesupport_cExport-noconfig.cmake
[1.214s] -- Up-to-date: /home/songwoo/colcon_ws/install/dclaw_interfaces/share/dclaw_interfaces/cmake/dclaw_interfaces__rosidl_generator_cppExport.cmake
[1.215s] -- Up-to-date: /home/songwoo/colcon_ws/install/dclaw_interfaces/share/dclaw_interfaces/cmake/dclaw_interfaces__rosidl_typesupport_introspection_cppExport.cmake
[1.215s] -- Up-to-date: /home/songwoo/colcon_ws/install/dclaw_interfaces/share/dclaw_interfaces/cmake/dclaw_interfaces__rosidl_typesupport_introspection_cppExport-noconfig.cmake
[1.215s] -- Up-to-date: /home/songwoo/colcon_ws/install/dclaw_interfaces/share/dclaw_interfaces/cmake/dclaw_interfaces__rosidl_typesupport_cppExport.cmake
[1.215s] -- Up-to-date: /home/songwoo/colcon_ws/install/dclaw_interfaces/share/dclaw_interfaces/cmake/dclaw_interfaces__rosidl_typesupport_cppExport-noconfig.cmake
[1.218s] Invoked command in '/home/songwoo/colcon_ws/build/dclaw_interfaces' returned '0': CMAKE_PREFIX_PATH=${CMAKE_PREFIX_PATH}:/home/songwoo/colcon_ws/install/dclaw:/opt/ros/foxy /usr/bin/cmake --install /home/songwoo/colcon_ws/build/dclaw_interfaces
