[0.018s] Invoking command in '/home/songwoo/colcon_ws/build/dclaw_interfaces': CMAKE_PREFIX_PATH=${CMAKE_PREFIX_PATH}:/home/songwoo/colcon_ws/install/dclaw:/opt/ros/foxy /usr/bin/cmake --build /home/songwoo/colcon_ws/build/dclaw_interfaces -- -j8 -l8
[0.040s] -- Found ament_cmake: 0.9.11 (/opt/ros/foxy/share/ament_cmake/cmake)
[0.060s] -- Found PythonInterp: /usr/bin/python3 (found suitable version "3.8.10", minimum required is "3") 
[0.060s] -- Using PYTHON_EXECUTABLE: /usr/bin/python3
[0.188s] -- Override CMake install command with custom implementation using symlinks instead of copying resources
[0.193s] -- Found rosidl_default_generators: 1.0.1 (/opt/ros/foxy/share/rosidl_default_generators/cmake)
[0.195s] -- Using all available rosidl_typesupport_c: rosidl_typesupport_fastrtps_c;rosidl_typesupport_introspection_c
[0.197s] -- Found rosidl_adapter: 1.3.0 (/opt/ros/foxy/share/rosidl_adapter/cmake)
[0.292s] -- Using all available rosidl_typesupport_cpp: rosidl_typesupport_fastrtps_cpp;rosidl_typesupport_introspection_cpp
[0.328s] -- Found PythonInterp: /usr/bin/python3 (found version "3.8.10") 
[0.423s] -- Found ament_cmake_ros: 0.9.2 (/opt/ros/foxy/share/ament_cmake_ros/cmake)
[0.491s] -- Using all available rosidl_typesupport_c: rosidl_typesupport_fastrtps_c;rosidl_typesupport_introspection_c
[0.497s] -- Using all available rosidl_typesupport_cpp: rosidl_typesupport_fastrtps_cpp;rosidl_typesupport_introspection_cpp
[0.517s] -- Found PythonInterp: /usr/bin/python3 (found suitable version "3.8.10", minimum required is "3.5") 
[0.518s] -- Found python_cmake_module: 0.8.1 (/opt/ros/foxy/share/python_cmake_module/cmake)
[0.538s] -- Using PYTHON_EXECUTABLE: /usr/bin/python3
[0.538s] -- Using PYTHON_INCLUDE_DIRS: /usr/include/python3.8
[0.538s] -- Using PYTHON_LIBRARIES: /usr/lib/x86_64-linux-gnu/libpython3.8.so
[0.551s] -- Found ament_lint_auto: 0.9.8 (/opt/ros/foxy/share/ament_lint_auto/cmake)
[0.559s] -- Added test 'copyright' to check source files copyright and LICENSE
[0.560s] -- Added test 'flake8' to check Python code syntax and style conventions
[0.560s] -- Added test 'lint_cmake' to check CMake code style
[0.560s] -- Added test 'pep257' to check Python code against some of the style conventions in PEP 257
[0.561s] -- Added test 'xmllint' to check XML markup files
[0.564s] -- Configuring done
[0.586s] -- Generating done
[0.610s] -- Build files have been written to: /home/songwoo/colcon_ws/build/dclaw_interfaces
[0.631s] [  2%] [34m[1mGenerating C code for ROS interfaces[0m
[0.641s] [  4%] [34m[1mGenerating C++ code for ROS interfaces[0m
[0.914s] [  4%] Built target dclaw_interfaces__cpp
[0.924s] [  6%] [34m[1mGenerating C++ type support dispatch for ROS interfaces[0m
[0.925s] [ 10%] [34m[1mGenerating C++ type support for eProsima Fast-RTPS[0m
[0.925s] [ 10%] [34m[1mGenerating C++ introspection for ROS interfaces[0m
[0.939s] [35m[1mScanning dependencies of target dclaw_interfaces__rosidl_generator_c[0m
[0.957s] [ 17%] [32mBuilding C object CMakeFiles/dclaw_interfaces__rosidl_generator_c.dir/rosidl_generator_c/dclaw_interfaces/srv/detail/get_position__functions.c.o[0m
[0.957s] [ 17%] [32mBuilding C object CMakeFiles/dclaw_interfaces__rosidl_generator_c.dir/rosidl_generator_c/dclaw_interfaces/srv/detail/set_positions__functions.c.o[0m
[0.957s] [ 17%] [32mBuilding C object CMakeFiles/dclaw_interfaces__rosidl_generator_c.dir/rosidl_generator_c/dclaw_interfaces/msg/detail/set_position__functions.c.o[0m
[1.001s] [ 19%] [32m[1mLinking C shared library libdclaw_interfaces__rosidl_generator_c.so[0m
[1.032s] [ 19%] Built target dclaw_interfaces__rosidl_generator_c
[1.042s] [ 23%] [34m[1mGenerating C introspection for ROS interfaces[0m
[1.042s] [ 23%] [34m[1mGenerating C type support dispatch for ROS interfaces[0m
[1.148s] [35m[1mScanning dependencies of target dclaw_interfaces__rosidl_typesupport_cpp[0m
[1.160s] [ 25%] [32mBuilding CXX object CMakeFiles/dclaw_interfaces__rosidl_typesupport_cpp.dir/rosidl_typesupport_cpp/dclaw_interfaces/msg/set_position__type_support.cpp.o[0m
[1.167s] [ 27%] [32mBuilding CXX object CMakeFiles/dclaw_interfaces__rosidl_typesupport_cpp.dir/rosidl_typesupport_cpp/dclaw_interfaces/srv/get_position__type_support.cpp.o[0m
[1.172s] [ 29%] [32mBuilding CXX object CMakeFiles/dclaw_interfaces__rosidl_typesupport_cpp.dir/rosidl_typesupport_cpp/dclaw_interfaces/srv/set_positions__type_support.cpp.o[0m
[1.190s] [35m[1mScanning dependencies of target dclaw_interfaces__rosidl_typesupport_introspection_cpp[0m
[1.216s] [ 31%] [32mBuilding CXX object CMakeFiles/dclaw_interfaces__rosidl_typesupport_introspection_cpp.dir/rosidl_typesupport_introspection_cpp/dclaw_interfaces/msg/detail/set_position__type_support.cpp.o[0m
[1.223s] [ 34%] [32mBuilding CXX object CMakeFiles/dclaw_interfaces__rosidl_typesupport_introspection_cpp.dir/rosidl_typesupport_introspection_cpp/dclaw_interfaces/srv/detail/get_position__type_support.cpp.o[0m
[1.262s] [35m[1mScanning dependencies of target dclaw_interfaces__rosidl_typesupport_fastrtps_cpp[0m
[1.283s] [35m[1mScanning dependencies of target dclaw_interfaces__rosidl_typesupport_c[0m
[1.297s] [ 36%] [32mBuilding CXX object CMakeFiles/dclaw_interfaces__rosidl_typesupport_c.dir/rosidl_typesupport_c/dclaw_interfaces/msg/set_position__type_support.cpp.o[0m
[1.322s] [ 38%] [32mBuilding CXX object CMakeFiles/dclaw_interfaces__rosidl_typesupport_fastrtps_cpp.dir/rosidl_typesupport_fastrtps_cpp/dclaw_interfaces/msg/detail/dds_fastrtps/set_position__type_support.cpp.o[0m
[1.366s] [ 40%] [32mBuilding CXX object CMakeFiles/dclaw_interfaces__rosidl_typesupport_c.dir/rosidl_typesupport_c/dclaw_interfaces/srv/get_position__type_support.cpp.o[0m
[1.385s] [ 42%] [32mBuilding CXX object CMakeFiles/dclaw_interfaces__rosidl_typesupport_fastrtps_cpp.dir/rosidl_typesupport_fastrtps_cpp/dclaw_interfaces/srv/detail/dds_fastrtps/get_position__type_support.cpp.o[0m
[1.394s] [35m[1mScanning dependencies of target dclaw_interfaces__rosidl_typesupport_introspection_c[0m
[1.407s] [ 44%] [32mBuilding CXX object CMakeFiles/dclaw_interfaces__rosidl_typesupport_introspection_cpp.dir/rosidl_typesupport_introspection_cpp/dclaw_interfaces/srv/detail/set_positions__type_support.cpp.o[0m
[1.408s] [ 46%] [32mBuilding C object CMakeFiles/dclaw_interfaces__rosidl_typesupport_introspection_c.dir/rosidl_typesupport_introspection_c/dclaw_interfaces/msg/detail/set_position__type_support.c.o[0m
[1.416s] [ 48%] [32mBuilding CXX object CMakeFiles/dclaw_interfaces__rosidl_typesupport_c.dir/rosidl_typesupport_c/dclaw_interfaces/srv/set_positions__type_support.cpp.o[0m
[1.439s] [ 51%] [32mBuilding C object CMakeFiles/dclaw_interfaces__rosidl_typesupport_introspection_c.dir/rosidl_typesupport_introspection_c/dclaw_interfaces/srv/detail/get_position__type_support.c.o[0m
[1.440s] [ 53%] [32m[1mLinking CXX shared library libdclaw_interfaces__rosidl_typesupport_cpp.so[0m
[1.445s] [ 55%] [32m[1mLinking CXX shared library libdclaw_interfaces__rosidl_typesupport_c.so[0m
[1.451s] [ 57%] [32mBuilding C object CMakeFiles/dclaw_interfaces__rosidl_typesupport_introspection_c.dir/rosidl_typesupport_introspection_c/dclaw_interfaces/srv/detail/set_positions__type_support.c.o[0m
[1.478s] [ 59%] [32mBuilding CXX object CMakeFiles/dclaw_interfaces__rosidl_typesupport_fastrtps_cpp.dir/rosidl_typesupport_fastrtps_cpp/dclaw_interfaces/srv/detail/dds_fastrtps/set_positions__type_support.cpp.o[0m
[1.484s] [ 59%] Built target dclaw_interfaces__rosidl_typesupport_c
[1.488s] [ 61%] [32m[1mLinking C shared library libdclaw_interfaces__rosidl_typesupport_introspection_c.so[0m
[1.493s] [ 61%] Built target dclaw_interfaces__rosidl_typesupport_cpp
[1.515s] [ 61%] Built target dclaw_interfaces__rosidl_typesupport_introspection_c
[1.621s] [ 63%] [32m[1mLinking CXX shared library libdclaw_interfaces__rosidl_typesupport_introspection_cpp.so[0m
[1.656s] [ 63%] Built target dclaw_interfaces__rosidl_typesupport_introspection_cpp
[1.786s] [ 65%] [32m[1mLinking CXX shared library libdclaw_interfaces__rosidl_typesupport_fastrtps_cpp.so[0m
[1.848s] [ 65%] Built target dclaw_interfaces__rosidl_typesupport_fastrtps_cpp
[1.858s] [ 68%] [34m[1mGenerating C type support for eProsima Fast-RTPS[0m
[2.105s] [35m[1mScanning dependencies of target dclaw_interfaces__rosidl_typesupport_fastrtps_c[0m
[2.118s] [ 74%] [32mBuilding CXX object CMakeFiles/dclaw_interfaces__rosidl_typesupport_fastrtps_c.dir/rosidl_typesupport_fastrtps_c/dclaw_interfaces/srv/detail/get_position__type_support_c.cpp.o[0m
[2.118s] [ 74%] [32mBuilding CXX object CMakeFiles/dclaw_interfaces__rosidl_typesupport_fastrtps_c.dir/rosidl_typesupport_fastrtps_c/dclaw_interfaces/msg/detail/set_position__type_support_c.cpp.o[0m
[2.118s] [ 74%] [32mBuilding CXX object CMakeFiles/dclaw_interfaces__rosidl_typesupport_fastrtps_c.dir/rosidl_typesupport_fastrtps_c/dclaw_interfaces/srv/detail/set_positions__type_support_c.cpp.o[0m
[2.375s] [ 76%] [32m[1mLinking CXX shared library libdclaw_interfaces__rosidl_typesupport_fastrtps_c.so[0m
[2.437s] [ 76%] Built target dclaw_interfaces__rosidl_typesupport_fastrtps_c
[2.456s] [ 76%] Built target dclaw_interfaces
[2.476s] [ 78%] [34m[1mGenerating Python code for ROS interfaces[0m
[2.952s] [ 78%] Built target dclaw_interfaces__py
[2.963s] [35m[1mScanning dependencies of target dclaw_interfaces__python[0m
[2.978s] [ 85%] [32mBuilding C object CMakeFiles/dclaw_interfaces__python.dir/rosidl_generator_py/dclaw_interfaces/msg/_set_position_s.c.o[0m
[2.978s] [ 85%] [32mBuilding C object CMakeFiles/dclaw_interfaces__python.dir/rosidl_generator_py/dclaw_interfaces/srv/_get_position_s.c.o[0m
[2.978s] [ 85%] [32mBuilding C object CMakeFiles/dclaw_interfaces__python.dir/rosidl_generator_py/dclaw_interfaces/srv/_set_positions_s.c.o[0m
[3.045s] [ 87%] [32m[1mLinking C shared library rosidl_generator_py/dclaw_interfaces/libdclaw_interfaces__python.so[0m
[3.076s] [ 87%] Built target dclaw_interfaces__python
[3.087s] [35m[1mScanning dependencies of target dclaw_interfaces__rosidl_typesupport_introspection_c__pyext[0m
[3.087s] [35m[1mScanning dependencies of target dclaw_interfaces__rosidl_typesupport_fastrtps_c__pyext[0m
[3.087s] [35m[1mScanning dependencies of target dclaw_interfaces__rosidl_typesupport_c__pyext[0m
[3.101s] [ 93%] [32mBuilding C object CMakeFiles/dclaw_interfaces__rosidl_typesupport_introspection_c__pyext.dir/rosidl_generator_py/dclaw_interfaces/_dclaw_interfaces_s.ep.rosidl_typesupport_introspection_c.c.o[0m
[3.101s] [ 93%] [32mBuilding C object CMakeFiles/dclaw_interfaces__rosidl_typesupport_c__pyext.dir/rosidl_generator_py/dclaw_interfaces/_dclaw_interfaces_s.ep.rosidl_typesupport_c.c.o[0m
[3.101s] [ 93%] [32mBuilding C object CMakeFiles/dclaw_interfaces__rosidl_typesupport_fastrtps_c__pyext.dir/rosidl_generator_py/dclaw_interfaces/_dclaw_interfaces_s.ep.rosidl_typesupport_fastrtps_c.c.o[0m
[3.169s] [100%] [32m[1mLinking C shared library rosidl_generator_py/dclaw_interfaces/dclaw_interfaces_s__rosidl_typesupport_c.cpython-38-x86_64-linux-gnu.so[0m
[3.169s] [100%] [32m[1mLinking C shared library rosidl_generator_py/dclaw_interfaces/dclaw_interfaces_s__rosidl_typesupport_introspection_c.cpython-38-x86_64-linux-gnu.so[0m
[3.169s] [100%] [32m[1mLinking CXX shared library rosidl_generator_py/dclaw_interfaces/dclaw_interfaces_s__rosidl_typesupport_fastrtps_c.cpython-38-x86_64-linux-gnu.so[0m
[3.199s] [100%] Built target dclaw_interfaces__rosidl_typesupport_introspection_c__pyext
[3.199s] [100%] Built target dclaw_interfaces__rosidl_typesupport_c__pyext
[3.218s] [100%] Built target dclaw_interfaces__rosidl_typesupport_fastrtps_c__pyext
[3.229s] Invoked command in '/home/songwoo/colcon_ws/build/dclaw_interfaces' returned '0': CMAKE_PREFIX_PATH=${CMAKE_PREFIX_PATH}:/home/songwoo/colcon_ws/install/dclaw:/opt/ros/foxy /usr/bin/cmake --build /home/songwoo/colcon_ws/build/dclaw_interfaces -- -j8 -l8
[3.358s] Invoking command in '/home/songwoo/colcon_ws/build/dclaw_interfaces': CMAKE_PREFIX_PATH=${CMAKE_PREFIX_PATH}:/home/songwoo/colcon_ws/install/dclaw:/opt/ros/foxy /usr/bin/cmake --install /home/songwoo/colcon_ws/build/dclaw_interfaces
[3.365s] -- Install configuration: ""
[3.366s] -- Execute custom install script
[3.366s] -- Up-to-date symlink: /home/songwoo/colcon_ws/install/dclaw_interfaces/share/ament_index/resource_index/rosidl_interfaces/dclaw_interfaces
[3.366s] -- Up-to-date symlink: /home/songwoo/colcon_ws/install/dclaw_interfaces/include/dclaw_interfaces/msg/detail/set_position__functions.h
[3.367s] -- Up-to-date symlink: /home/songwoo/colcon_ws/install/dclaw_interfaces/include/dclaw_interfaces/msg/detail/set_position__struct.h
[3.367s] -- Up-to-date symlink: /home/songwoo/colcon_ws/install/dclaw_interfaces/include/dclaw_interfaces/msg/detail/set_position__type_support.h
[3.367s] -- Up-to-date symlink: /home/songwoo/colcon_ws/install/dclaw_interfaces/include/dclaw_interfaces/msg/rosidl_generator_c__visibility_control.h
[3.367s] -- Up-to-date symlink: /home/songwoo/colcon_ws/install/dclaw_interfaces/include/dclaw_interfaces/msg/set_position.h
[3.367s] -- Up-to-date symlink: /home/songwoo/colcon_ws/install/dclaw_interfaces/include/dclaw_interfaces/srv/detail/get_position__functions.h
[3.367s] -- Up-to-date symlink: /home/songwoo/colcon_ws/install/dclaw_interfaces/include/dclaw_interfaces/srv/detail/get_position__struct.h
[3.367s] -- Up-to-date symlink: /home/songwoo/colcon_ws/install/dclaw_interfaces/include/dclaw_interfaces/srv/detail/get_position__type_support.h
[3.367s] -- Up-to-date symlink: /home/songwoo/colcon_ws/install/dclaw_interfaces/include/dclaw_interfaces/srv/detail/get_positions__functions.h
[3.367s] -- Up-to-date symlink: /home/songwoo/colcon_ws/install/dclaw_interfaces/include/dclaw_interfaces/srv/detail/get_positions__struct.h
[3.367s] -- Up-to-date symlink: /home/songwoo/colcon_ws/install/dclaw_interfaces/include/dclaw_interfaces/srv/detail/get_positions__type_support.h
[3.367s] -- Up-to-date symlink: /home/songwoo/colcon_ws/install/dclaw_interfaces/include/dclaw_interfaces/srv/detail/set_position__functions.h
[3.368s] -- Up-to-date symlink: /home/songwoo/colcon_ws/install/dclaw_interfaces/include/dclaw_interfaces/srv/detail/set_position__struct.h
[3.368s] -- Up-to-date symlink: /home/songwoo/colcon_ws/install/dclaw_interfaces/include/dclaw_interfaces/srv/detail/set_position__type_support.h
[3.368s] -- Up-to-date symlink: /home/songwoo/colcon_ws/install/dclaw_interfaces/include/dclaw_interfaces/srv/detail/set_positions__functions.h
[3.368s] -- Up-to-date symlink: /home/songwoo/colcon_ws/install/dclaw_interfaces/include/dclaw_interfaces/srv/detail/set_positions__struct.h
[3.368s] -- Up-to-date symlink: /home/songwoo/colcon_ws/install/dclaw_interfaces/include/dclaw_interfaces/srv/detail/set_positions__type_support.h
[3.368s] -- Up-to-date symlink: /home/songwoo/colcon_ws/install/dclaw_interfaces/include/dclaw_interfaces/srv/get_position.h
[3.368s] -- Up-to-date symlink: /home/songwoo/colcon_ws/install/dclaw_interfaces/include/dclaw_interfaces/srv/get_positions.h
[3.368s] -- Up-to-date symlink: /home/songwoo/colcon_ws/install/dclaw_interfaces/include/dclaw_interfaces/srv/set_position.h
[3.368s] -- Up-to-date symlink: /home/songwoo/colcon_ws/install/dclaw_interfaces/include/dclaw_interfaces/srv/set_positions.h
[3.368s] -- Up-to-date symlink: /home/songwoo/colcon_ws/install/dclaw_interfaces/share/dclaw_interfaces/environment/library_path.sh
[3.369s] -- Up-to-date symlink: /home/songwoo/colcon_ws/install/dclaw_interfaces/share/dclaw_interfaces/environment/library_path.dsv
[3.369s] -- Up-to-date symlink: /home/songwoo/colcon_ws/install/dclaw_interfaces/include/dclaw_interfaces/msg/detail/set_position__rosidl_typesupport_fastrtps_c.h
[3.369s] -- Up-to-date symlink: /home/songwoo/colcon_ws/install/dclaw_interfaces/include/dclaw_interfaces/msg/rosidl_typesupport_fastrtps_c__visibility_control.h
[3.369s] -- Up-to-date symlink: /home/songwoo/colcon_ws/install/dclaw_interfaces/include/dclaw_interfaces/srv/detail/get_position__rosidl_typesupport_fastrtps_c.h
[3.370s] -- Up-to-date symlink: /home/songwoo/colcon_ws/install/dclaw_interfaces/include/dclaw_interfaces/srv/detail/get_positions__rosidl_typesupport_fastrtps_c.h
[3.370s] -- Up-to-date symlink: /home/songwoo/colcon_ws/install/dclaw_interfaces/include/dclaw_interfaces/srv/detail/set_position__rosidl_typesupport_fastrtps_c.h
[3.370s] -- Up-to-date symlink: /home/songwoo/colcon_ws/install/dclaw_interfaces/include/dclaw_interfaces/srv/detail/set_positions__rosidl_typesupport_fastrtps_c.h
[3.370s] -- Up-to-date symlink: /home/songwoo/colcon_ws/install/dclaw_interfaces/lib/libdclaw_interfaces__rosidl_typesupport_fastrtps_c.so
[3.370s] -- Up-to-date symlink: /home/songwoo/colcon_ws/install/dclaw_interfaces/include/dclaw_interfaces/msg/detail/set_position__rosidl_typesupport_fastrtps_cpp.hpp
[3.371s] -- Up-to-date symlink: /home/songwoo/colcon_ws/install/dclaw_interfaces/include/dclaw_interfaces/msg/rosidl_typesupport_fastrtps_cpp__visibility_control.h
[3.371s] -- Up-to-date symlink: /home/songwoo/colcon_ws/install/dclaw_interfaces/include/dclaw_interfaces/srv/detail/get_position__rosidl_typesupport_fastrtps_cpp.hpp
[3.371s] -- Up-to-date symlink: /home/songwoo/colcon_ws/install/dclaw_interfaces/include/dclaw_interfaces/srv/detail/get_positions__rosidl_typesupport_fastrtps_cpp.hpp
[3.371s] -- Up-to-date symlink: /home/songwoo/colcon_ws/install/dclaw_interfaces/include/dclaw_interfaces/srv/detail/set_position__rosidl_typesupport_fastrtps_cpp.hpp
[3.371s] -- Up-to-date symlink: /home/songwoo/colcon_ws/install/dclaw_interfaces/include/dclaw_interfaces/srv/detail/set_positions__rosidl_typesupport_fastrtps_cpp.hpp
[3.371s] -- Up-to-date symlink: /home/songwoo/colcon_ws/install/dclaw_interfaces/lib/libdclaw_interfaces__rosidl_typesupport_fastrtps_cpp.so
[3.372s] -- Up-to-date symlink: /home/songwoo/colcon_ws/install/dclaw_interfaces/include/dclaw_interfaces/msg/detail/set_position__rosidl_typesupport_introspection_c.h
[3.372s] -- Up-to-date symlink: /home/songwoo/colcon_ws/install/dclaw_interfaces/include/dclaw_interfaces/msg/rosidl_typesupport_introspection_c__visibility_control.h
[3.372s] -- Up-to-date symlink: /home/songwoo/colcon_ws/install/dclaw_interfaces/include/dclaw_interfaces/srv/detail/get_position__rosidl_typesupport_introspection_c.h
[3.372s] -- Up-to-date symlink: /home/songwoo/colcon_ws/install/dclaw_interfaces/include/dclaw_interfaces/srv/detail/get_positions__rosidl_typesupport_introspection_c.h
[3.372s] -- Up-to-date symlink: /home/songwoo/colcon_ws/install/dclaw_interfaces/include/dclaw_interfaces/srv/detail/set_position__rosidl_typesupport_introspection_c.h
[3.372s] -- Up-to-date symlink: /home/songwoo/colcon_ws/install/dclaw_interfaces/include/dclaw_interfaces/srv/detail/set_positions__rosidl_typesupport_introspection_c.h
[3.373s] -- Up-to-date symlink: /home/songwoo/colcon_ws/install/dclaw_interfaces/include/dclaw_interfaces/msg/detail/set_position__builder.hpp
[3.373s] -- Up-to-date symlink: /home/songwoo/colcon_ws/install/dclaw_interfaces/include/dclaw_interfaces/msg/detail/set_position__struct.hpp
[3.373s] -- Up-to-date symlink: /home/songwoo/colcon_ws/install/dclaw_interfaces/include/dclaw_interfaces/msg/detail/set_position__traits.hpp
[3.373s] -- Up-to-date symlink: /home/songwoo/colcon_ws/install/dclaw_interfaces/include/dclaw_interfaces/msg/set_position.hpp
[3.373s] -- Up-to-date symlink: /home/songwoo/colcon_ws/install/dclaw_interfaces/include/dclaw_interfaces/srv/detail/get_position__builder.hpp
[3.373s] -- Up-to-date symlink: /home/songwoo/colcon_ws/install/dclaw_interfaces/include/dclaw_interfaces/srv/detail/get_position__struct.hpp
[3.373s] -- Up-to-date symlink: /home/songwoo/colcon_ws/install/dclaw_interfaces/include/dclaw_interfaces/srv/detail/get_position__traits.hpp
[3.373s] -- Up-to-date symlink: /home/songwoo/colcon_ws/install/dclaw_interfaces/include/dclaw_interfaces/srv/detail/get_positions__builder.hpp
[3.373s] -- Up-to-date symlink: /home/songwoo/colcon_ws/install/dclaw_interfaces/include/dclaw_interfaces/srv/detail/get_positions__struct.hpp
[3.373s] -- Up-to-date symlink: /home/songwoo/colcon_ws/install/dclaw_interfaces/include/dclaw_interfaces/srv/detail/get_positions__traits.hpp
[3.374s] -- Up-to-date symlink: /home/songwoo/colcon_ws/install/dclaw_interfaces/include/dclaw_interfaces/srv/detail/set_position__builder.hpp
[3.374s] -- Up-to-date symlink: /home/songwoo/colcon_ws/install/dclaw_interfaces/include/dclaw_interfaces/srv/detail/set_position__struct.hpp
[3.374s] -- Up-to-date symlink: /home/songwoo/colcon_ws/install/dclaw_interfaces/include/dclaw_interfaces/srv/detail/set_position__traits.hpp
[3.374s] -- Up-to-date symlink: /home/songwoo/colcon_ws/install/dclaw_interfaces/include/dclaw_interfaces/srv/detail/set_positions__builder.hpp
[3.374s] -- Up-to-date symlink: /home/songwoo/colcon_ws/install/dclaw_interfaces/include/dclaw_interfaces/srv/detail/set_positions__struct.hpp
[3.374s] -- Up-to-date symlink: /home/songwoo/colcon_ws/install/dclaw_interfaces/include/dclaw_interfaces/srv/detail/set_positions__traits.hpp
[3.374s] -- Up-to-date symlink: /home/songwoo/colcon_ws/install/dclaw_interfaces/include/dclaw_interfaces/srv/get_position.hpp
[3.374s] -- Up-to-date symlink: /home/songwoo/colcon_ws/install/dclaw_interfaces/include/dclaw_interfaces/srv/get_positions.hpp
[3.374s] -- Up-to-date symlink: /home/songwoo/colcon_ws/install/dclaw_interfaces/include/dclaw_interfaces/srv/set_position.hpp
[3.374s] -- Up-to-date symlink: /home/songwoo/colcon_ws/install/dclaw_interfaces/include/dclaw_interfaces/srv/set_positions.hpp
[3.375s] -- Up-to-date symlink: /home/songwoo/colcon_ws/install/dclaw_interfaces/include/dclaw_interfaces/msg/detail/set_position__rosidl_typesupport_introspection_cpp.hpp
[3.375s] -- Up-to-date symlink: /home/songwoo/colcon_ws/install/dclaw_interfaces/include/dclaw_interfaces/srv/detail/get_position__rosidl_typesupport_introspection_cpp.hpp
[3.375s] -- Up-to-date symlink: /home/songwoo/colcon_ws/install/dclaw_interfaces/include/dclaw_interfaces/srv/detail/get_positions__rosidl_typesupport_introspection_cpp.hpp
[3.375s] -- Up-to-date symlink: /home/songwoo/colcon_ws/install/dclaw_interfaces/include/dclaw_interfaces/srv/detail/set_position__rosidl_typesupport_introspection_cpp.hpp
[3.375s] -- Up-to-date symlink: /home/songwoo/colcon_ws/install/dclaw_interfaces/include/dclaw_interfaces/srv/detail/set_positions__rosidl_typesupport_introspection_cpp.hpp
[3.375s] -- Up-to-date symlink: /home/songwoo/colcon_ws/install/dclaw_interfaces/share/dclaw_interfaces/environment/pythonpath.sh
[3.376s] -- Up-to-date symlink: /home/songwoo/colcon_ws/install/dclaw_interfaces/share/dclaw_interfaces/environment/pythonpath.dsv
[3.376s] -- Up-to-date symlink: /home/songwoo/colcon_ws/install/dclaw_interfaces/lib/python3.8/site-packages/dclaw_interfaces/__init__.py
[3.376s] -- Up-to-date symlink: /home/songwoo/colcon_ws/install/dclaw_interfaces/lib/python3.8/site-packages/dclaw_interfaces/msg/__init__.py
[3.376s] -- Up-to-date symlink: /home/songwoo/colcon_ws/install/dclaw_interfaces/lib/python3.8/site-packages/dclaw_interfaces/msg/_set_position.py
[3.376s] -- Up-to-date symlink: /home/songwoo/colcon_ws/install/dclaw_interfaces/lib/python3.8/site-packages/dclaw_interfaces/srv/__init__.py
[3.377s] -- Up-to-date symlink: /home/songwoo/colcon_ws/install/dclaw_interfaces/lib/python3.8/site-packages/dclaw_interfaces/srv/_get_position.py
[3.377s] -- Up-to-date symlink: /home/songwoo/colcon_ws/install/dclaw_interfaces/lib/python3.8/site-packages/dclaw_interfaces/srv/_get_positions.py
[3.377s] -- Up-to-date symlink: /home/songwoo/colcon_ws/install/dclaw_interfaces/lib/python3.8/site-packages/dclaw_interfaces/srv/_set_position.py
[3.377s] -- Up-to-date symlink: /home/songwoo/colcon_ws/install/dclaw_interfaces/lib/python3.8/site-packages/dclaw_interfaces/srv/_set_positions.py
[3.377s] -- Up-to-date symlink: /home/songwoo/colcon_ws/install/dclaw_interfaces/lib/python3.8/site-packages/dclaw_interfaces/dclaw_interfaces_s__rosidl_typesupport_fastrtps_c.cpython-38-x86_64-linux-gnu.so
[3.377s] -- Up-to-date symlink: /home/songwoo/colcon_ws/install/dclaw_interfaces/lib/python3.8/site-packages/dclaw_interfaces/dclaw_interfaces_s__rosidl_typesupport_introspection_c.cpython-38-x86_64-linux-gnu.so
[3.378s] -- Up-to-date symlink: /home/songwoo/colcon_ws/install/dclaw_interfaces/lib/python3.8/site-packages/dclaw_interfaces/dclaw_interfaces_s__rosidl_typesupport_c.cpython-38-x86_64-linux-gnu.so
[3.378s] -- Up-to-date symlink: /home/songwoo/colcon_ws/install/dclaw_interfaces/lib/libdclaw_interfaces__python.so
[3.378s] -- Up-to-date symlink: /home/songwoo/colcon_ws/install/dclaw_interfaces/share/dclaw_interfaces/msg/SetPosition.idl
[3.378s] -- Up-to-date symlink: /home/songwoo/colcon_ws/install/dclaw_interfaces/share/dclaw_interfaces/srv/GetPosition.idl
[3.379s] -- Up-to-date symlink: /home/songwoo/colcon_ws/install/dclaw_interfaces/share/dclaw_interfaces/srv/SetPositions.idl
[3.379s] -- Up-to-date symlink: /home/songwoo/colcon_ws/install/dclaw_interfaces/share/dclaw_interfaces/msg/SetPosition.msg
[3.379s] -- Up-to-date symlink: /home/songwoo/colcon_ws/install/dclaw_interfaces/share/dclaw_interfaces/srv/GetPosition.srv
[3.379s] -- Up-to-date symlink: /home/songwoo/colcon_ws/install/dclaw_interfaces/share/dclaw_interfaces/srv/GetPosition_Request.msg
[3.379s] -- Up-to-date symlink: /home/songwoo/colcon_ws/install/dclaw_interfaces/share/dclaw_interfaces/srv/GetPosition_Response.msg
[3.379s] -- Up-to-date symlink: /home/songwoo/colcon_ws/install/dclaw_interfaces/share/dclaw_interfaces/srv/SetPositions.srv
[3.379s] -- Up-to-date symlink: /home/songwoo/colcon_ws/install/dclaw_interfaces/share/dclaw_interfaces/srv/SetPositions_Request.msg
[3.380s] -- Up-to-date symlink: /home/songwoo/colcon_ws/install/dclaw_interfaces/share/dclaw_interfaces/srv/SetPositions_Response.msg
[3.380s] -- Up-to-date symlink: /home/songwoo/colcon_ws/install/dclaw_interfaces/share/ament_index/resource_index/package_run_dependencies/dclaw_interfaces
[3.380s] -- Up-to-date symlink: /home/songwoo/colcon_ws/install/dclaw_interfaces/share/ament_index/resource_index/parent_prefix_path/dclaw_interfaces
[3.380s] -- Up-to-date symlink: /home/songwoo/colcon_ws/install/dclaw_interfaces/share/dclaw_interfaces/environment/ament_prefix_path.sh
[3.380s] -- Up-to-date symlink: /home/songwoo/colcon_ws/install/dclaw_interfaces/share/dclaw_interfaces/environment/ament_prefix_path.dsv
[3.380s] -- Up-to-date symlink: /home/songwoo/colcon_ws/install/dclaw_interfaces/share/dclaw_interfaces/environment/path.sh
[3.381s] -- Up-to-date symlink: /home/songwoo/colcon_ws/install/dclaw_interfaces/share/dclaw_interfaces/environment/path.dsv
[3.381s] -- Up-to-date symlink: /home/songwoo/colcon_ws/install/dclaw_interfaces/share/dclaw_interfaces/local_setup.bash
[3.381s] -- Up-to-date symlink: /home/songwoo/colcon_ws/install/dclaw_interfaces/share/dclaw_interfaces/local_setup.sh
[3.381s] -- Up-to-date symlink: /home/songwoo/colcon_ws/install/dclaw_interfaces/share/dclaw_interfaces/local_setup.zsh
[3.381s] -- Up-to-date symlink: /home/songwoo/colcon_ws/install/dclaw_interfaces/share/dclaw_interfaces/local_setup.dsv
[3.381s] -- Symlinking: /home/songwoo/colcon_ws/install/dclaw_interfaces/share/dclaw_interfaces/package.dsv
[3.389s] -- Up-to-date symlink: /home/songwoo/colcon_ws/install/dclaw_interfaces/share/ament_index/resource_index/packages/dclaw_interfaces
[3.389s] -- Up-to-date symlink: /home/songwoo/colcon_ws/install/dclaw_interfaces/share/dclaw_interfaces/cmake/rosidl_cmake-extras.cmake
[3.389s] -- Up-to-date symlink: /home/songwoo/colcon_ws/install/dclaw_interfaces/share/dclaw_interfaces/cmake/ament_cmake_export_dependencies-extras.cmake
[3.390s] -- Up-to-date symlink: /home/songwoo/colcon_ws/install/dclaw_interfaces/share/dclaw_interfaces/cmake/ament_cmake_export_libraries-extras.cmake
[3.390s] -- Up-to-date symlink: /home/songwoo/colcon_ws/install/dclaw_interfaces/share/dclaw_interfaces/cmake/ament_cmake_export_targets-extras.cmake
[3.390s] -- Up-to-date symlink: /home/songwoo/colcon_ws/install/dclaw_interfaces/share/dclaw_interfaces/cmake/ament_cmake_export_include_directories-extras.cmake
[3.390s] -- Up-to-date symlink: /home/songwoo/colcon_ws/install/dclaw_interfaces/share/dclaw_interfaces/cmake/rosidl_cmake_export_typesupport_libraries-extras.cmake
[3.390s] -- Up-to-date symlink: /home/songwoo/colcon_ws/install/dclaw_interfaces/share/dclaw_interfaces/cmake/rosidl_cmake_export_typesupport_targets-extras.cmake
[3.391s] -- Up-to-date symlink: /home/songwoo/colcon_ws/install/dclaw_interfaces/share/dclaw_interfaces/cmake/dclaw_interfacesConfig.cmake
[3.391s] -- Up-to-date symlink: /home/songwoo/colcon_ws/install/dclaw_interfaces/share/dclaw_interfaces/cmake/dclaw_interfacesConfig-version.cmake
[3.391s] -- Up-to-date symlink: /home/songwoo/colcon_ws/install/dclaw_interfaces/share/dclaw_interfaces/package.xml
[3.391s] -- Installing: /home/songwoo/colcon_ws/install/dclaw_interfaces/lib/libdclaw_interfaces__rosidl_generator_c.so
[3.391s] -- Set runtime path of "/home/songwoo/colcon_ws/install/dclaw_interfaces/lib/libdclaw_interfaces__rosidl_generator_c.so" to ""
[3.391s] -- Installing: /home/songwoo/colcon_ws/install/dclaw_interfaces/lib/libdclaw_interfaces__rosidl_typesupport_introspection_c.so
[3.392s] -- Set runtime path of "/home/songwoo/colcon_ws/install/dclaw_interfaces/lib/libdclaw_interfaces__rosidl_typesupport_introspection_c.so" to ""
[3.392s] -- Installing: /home/songwoo/colcon_ws/install/dclaw_interfaces/lib/libdclaw_interfaces__rosidl_typesupport_c.so
[3.392s] -- Set runtime path of "/home/songwoo/colcon_ws/install/dclaw_interfaces/lib/libdclaw_interfaces__rosidl_typesupport_c.so" to ""
[3.392s] -- Installing: /home/songwoo/colcon_ws/install/dclaw_interfaces/lib/libdclaw_interfaces__rosidl_typesupport_introspection_cpp.so
[3.392s] -- Set runtime path of "/home/songwoo/colcon_ws/install/dclaw_interfaces/lib/libdclaw_interfaces__rosidl_typesupport_introspection_cpp.so" to ""
[3.392s] -- Installing: /home/songwoo/colcon_ws/install/dclaw_interfaces/lib/libdclaw_interfaces__rosidl_typesupport_cpp.so
[3.393s] -- Set runtime path of "/home/songwoo/colcon_ws/install/dclaw_interfaces/lib/libdclaw_interfaces__rosidl_typesupport_cpp.so" to ""
[3.415s] Compiling '/home/songwoo/colcon_ws/install/dclaw_interfaces/lib/python3.8/site-packages/dclaw_interfaces/__init__.py'...
[3.418s] -- Up-to-date: /home/songwoo/colcon_ws/install/dclaw_interfaces/share/dclaw_interfaces/cmake/dclaw_interfaces__rosidl_generator_cExport.cmake
[3.418s] -- Installing: /home/songwoo/colcon_ws/install/dclaw_interfaces/share/dclaw_interfaces/cmake/dclaw_interfaces__rosidl_generator_cExport-noconfig.cmake
[3.419s] -- Up-to-date: /home/songwoo/colcon_ws/install/dclaw_interfaces/share/dclaw_interfaces/cmake/dclaw_interfaces__rosidl_typesupport_introspection_cExport.cmake
[3.419s] -- Installing: /home/songwoo/colcon_ws/install/dclaw_interfaces/share/dclaw_interfaces/cmake/dclaw_interfaces__rosidl_typesupport_introspection_cExport-noconfig.cmake
[3.419s] -- Up-to-date: /home/songwoo/colcon_ws/install/dclaw_interfaces/share/dclaw_interfaces/cmake/dclaw_interfaces__rosidl_typesupport_cExport.cmake
[3.419s] -- Installing: /home/songwoo/colcon_ws/install/dclaw_interfaces/share/dclaw_interfaces/cmake/dclaw_interfaces__rosidl_typesupport_cExport-noconfig.cmake
[3.419s] -- Up-to-date: /home/songwoo/colcon_ws/install/dclaw_interfaces/share/dclaw_interfaces/cmake/dclaw_interfaces__rosidl_generator_cppExport.cmake
[3.419s] -- Up-to-date: /home/songwoo/colcon_ws/install/dclaw_interfaces/share/dclaw_interfaces/cmake/dclaw_interfaces__rosidl_typesupport_introspection_cppExport.cmake
[3.419s] -- Installing: /home/songwoo/colcon_ws/install/dclaw_interfaces/share/dclaw_interfaces/cmake/dclaw_interfaces__rosidl_typesupport_introspection_cppExport-noconfig.cmake
[3.419s] -- Up-to-date: /home/songwoo/colcon_ws/install/dclaw_interfaces/share/dclaw_interfaces/cmake/dclaw_interfaces__rosidl_typesupport_cppExport.cmake
[3.419s] -- Installing: /home/songwoo/colcon_ws/install/dclaw_interfaces/share/dclaw_interfaces/cmake/dclaw_interfaces__rosidl_typesupport_cppExport-noconfig.cmake
[3.423s] Invoked command in '/home/songwoo/colcon_ws/build/dclaw_interfaces' returned '0': CMAKE_PREFIX_PATH=${CMAKE_PREFIX_PATH}:/home/songwoo/colcon_ws/install/dclaw:/opt/ros/foxy /usr/bin/cmake --install /home/songwoo/colcon_ws/build/dclaw_interfaces
