[0.205s] DEBUG:colcon:Command line arguments: ['/usr/bin/colcon', 'build', '--symlink-install']
[0.205s] DEBUG:colcon:Parsed command line arguments: Namespace(allow_overriding=[], ament_cmake_args=None, base_paths=['.'], build_base='build', catkin_cmake_args=None, catkin_skip_building_tests=False, cmake_args=None, cmake_clean_cache=False, cmake_clean_first=False, cmake_force_configure=False, cmake_target=None, cmake_target_skip_unavailable=False, continue_on_error=False, event_handlers=None, executor='parallel', ignore_user_meta=False, install_base='install', log_base=None, log_level=None, main=<bound method BuildVerb.main of <colcon_core.verb.build.BuildVerb object at 0x7fa3fb39dd30>>, merge_install=False, metas=['./colcon.meta'], packages_above=None, packages_above_and_dependencies=None, packages_above_depth=None, packages_end=None, packages_ignore=None, packages_ignore_regex=None, packages_select=None, packages_select_build_failed=False, packages_select_by_dep=None, packages_select_regex=None, packages_select_test_failures=False, packages_skip=None, packages_skip_build_finished=False, packages_skip_by_dep=None, packages_skip_regex=None, packages_skip_test_passed=False, packages_skip_up_to=None, packages_start=None, packages_up_to=None, packages_up_to_regex=None, parallel_workers=8, paths=None, symlink_install=True, test_result_base=None, verb_extension=<colcon_core.verb.build.BuildVerb object at 0x7fa3fb39dd30>, verb_name='build', verb_parser=<colcon_defaults.argument_parser.defaults.DefaultArgumentsDecorator object at 0x7fa3fb3a62e0>)
[0.222s] Level 1:colcon.colcon_core.package_discovery:discover_packages(colcon_meta) check parameters
[0.222s] Level 1:colcon.colcon_core.package_discovery:discover_packages(recursive) check parameters
[0.222s] Level 1:colcon.colcon_core.package_discovery:discover_packages(ignore) check parameters
[0.222s] Level 1:colcon.colcon_core.package_discovery:discover_packages(path) check parameters
[0.222s] Level 1:colcon.colcon_core.package_discovery:discover_packages(colcon_meta) discover
[0.222s] Level 1:colcon.colcon_core.package_discovery:discover_packages(recursive) discover
[0.223s] INFO:colcon.colcon_core.package_discovery:Crawling recursively for packages in '/home/songwoo/colcon_ws'
[0.223s] Level 1:colcon.colcon_core.package_identification:_identify(.) by extensions ['ignore', 'ignore_ament_install']
[0.223s] Level 1:colcon.colcon_core.package_identification:_identify(.) by extension 'ignore'
[0.223s] Level 1:colcon.colcon_core.package_identification:_identify(.) by extension 'ignore_ament_install'
[0.223s] Level 1:colcon.colcon_core.package_identification:_identify(.) by extensions ['colcon_pkg']
[0.223s] Level 1:colcon.colcon_core.package_identification:_identify(.) by extension 'colcon_pkg'
[0.223s] Level 1:colcon.colcon_core.package_identification:_identify(.) by extensions ['colcon_meta']
[0.223s] Level 1:colcon.colcon_core.package_identification:_identify(.) by extension 'colcon_meta'
[0.223s] Level 1:colcon.colcon_core.package_identification:_identify(.) by extensions ['ros']
[0.223s] Level 1:colcon.colcon_core.package_identification:_identify(.) by extension 'ros'
[0.235s] Level 1:colcon.colcon_core.package_identification:_identify(.) by extensions ['cmake', 'python']
[0.235s] Level 1:colcon.colcon_core.package_identification:_identify(.) by extension 'cmake'
[0.235s] Level 1:colcon.colcon_core.package_identification:_identify(.) by extension 'python'
[0.235s] Level 1:colcon.colcon_core.package_identification:_identify(.) by extensions ['python_setup_py']
[0.235s] Level 1:colcon.colcon_core.package_identification:_identify(.) by extension 'python_setup_py'
[0.235s] Level 1:colcon.colcon_core.package_identification:_identify(build) by extensions ['ignore', 'ignore_ament_install']
[0.235s] Level 1:colcon.colcon_core.package_identification:_identify(build) by extension 'ignore'
[0.236s] Level 1:colcon.colcon_core.package_identification:_identify(build) ignored
[0.236s] Level 1:colcon.colcon_core.package_identification:_identify(install) by extensions ['ignore', 'ignore_ament_install']
[0.236s] Level 1:colcon.colcon_core.package_identification:_identify(install) by extension 'ignore'
[0.236s] Level 1:colcon.colcon_core.package_identification:_identify(install) ignored
[0.236s] Level 1:colcon.colcon_core.package_identification:_identify(log) by extensions ['ignore', 'ignore_ament_install']
[0.236s] Level 1:colcon.colcon_core.package_identification:_identify(log) by extension 'ignore'
[0.236s] Level 1:colcon.colcon_core.package_identification:_identify(log) ignored
[0.236s] Level 1:colcon.colcon_core.package_identification:_identify(src) by extensions ['ignore', 'ignore_ament_install']
[0.236s] Level 1:colcon.colcon_core.package_identification:_identify(src) by extension 'ignore'
[0.236s] Level 1:colcon.colcon_core.package_identification:_identify(src) by extension 'ignore_ament_install'
[0.236s] Level 1:colcon.colcon_core.package_identification:_identify(src) by extensions ['colcon_pkg']
[0.236s] Level 1:colcon.colcon_core.package_identification:_identify(src) by extension 'colcon_pkg'
[0.236s] Level 1:colcon.colcon_core.package_identification:_identify(src) by extensions ['colcon_meta']
[0.236s] Level 1:colcon.colcon_core.package_identification:_identify(src) by extension 'colcon_meta'
[0.236s] Level 1:colcon.colcon_core.package_identification:_identify(src) by extensions ['ros']
[0.236s] Level 1:colcon.colcon_core.package_identification:_identify(src) by extension 'ros'
[0.236s] Level 1:colcon.colcon_core.package_identification:_identify(src) by extensions ['cmake', 'python']
[0.236s] Level 1:colcon.colcon_core.package_identification:_identify(src) by extension 'cmake'
[0.236s] Level 1:colcon.colcon_core.package_identification:_identify(src) by extension 'python'
[0.236s] Level 1:colcon.colcon_core.package_identification:_identify(src) by extensions ['python_setup_py']
[0.236s] Level 1:colcon.colcon_core.package_identification:_identify(src) by extension 'python_setup_py'
[0.236s] Level 1:colcon.colcon_core.package_identification:_identify(src/dclaw_interfaces) by extensions ['ignore', 'ignore_ament_install']
[0.236s] Level 1:colcon.colcon_core.package_identification:_identify(src/dclaw_interfaces) by extension 'ignore'
[0.237s] Level 1:colcon.colcon_core.package_identification:_identify(src/dclaw_interfaces) by extension 'ignore_ament_install'
[0.237s] Level 1:colcon.colcon_core.package_identification:_identify(src/dclaw_interfaces) by extensions ['colcon_pkg']
[0.237s] Level 1:colcon.colcon_core.package_identification:_identify(src/dclaw_interfaces) by extension 'colcon_pkg'
[0.237s] Level 1:colcon.colcon_core.package_identification:_identify(src/dclaw_interfaces) by extensions ['colcon_meta']
[0.237s] Level 1:colcon.colcon_core.package_identification:_identify(src/dclaw_interfaces) by extension 'colcon_meta'
[0.237s] Level 1:colcon.colcon_core.package_identification:_identify(src/dclaw_interfaces) by extensions ['ros']
[0.237s] Level 1:colcon.colcon_core.package_identification:_identify(src/dclaw_interfaces) by extension 'ros'
[0.238s] DEBUG:colcon.colcon_core.package_identification:Package 'src/dclaw_interfaces' with type 'ros.ament_cmake' and name 'dclaw_interfaces'
[0.238s] Level 1:colcon.colcon_core.package_identification:_identify(src/dclaw_ros) by extensions ['ignore', 'ignore_ament_install']
[0.238s] Level 1:colcon.colcon_core.package_identification:_identify(src/dclaw_ros) by extension 'ignore'
[0.238s] Level 1:colcon.colcon_core.package_identification:_identify(src/dclaw_ros) by extension 'ignore_ament_install'
[0.238s] Level 1:colcon.colcon_core.package_identification:_identify(src/dclaw_ros) by extensions ['colcon_pkg']
[0.239s] Level 1:colcon.colcon_core.package_identification:_identify(src/dclaw_ros) by extension 'colcon_pkg'
[0.239s] Level 1:colcon.colcon_core.package_identification:_identify(src/dclaw_ros) by extensions ['colcon_meta']
[0.239s] Level 1:colcon.colcon_core.package_identification:_identify(src/dclaw_ros) by extension 'colcon_meta'
[0.239s] Level 1:colcon.colcon_core.package_identification:_identify(src/dclaw_ros) by extensions ['ros']
[0.239s] Level 1:colcon.colcon_core.package_identification:_identify(src/dclaw_ros) by extension 'ros'
[0.239s] DEBUG:colcon.colcon_core.package_identification:Package 'src/dclaw_ros' with type 'ros.ament_cmake' and name 'dclaw_ros'
[0.239s] Level 1:colcon.colcon_core.package_identification:_identify(src/test) by extensions ['ignore', 'ignore_ament_install']
[0.239s] Level 1:colcon.colcon_core.package_identification:_identify(src/test) by extension 'ignore'
[0.239s] Level 1:colcon.colcon_core.package_identification:_identify(src/test) by extension 'ignore_ament_install'
[0.239s] Level 1:colcon.colcon_core.package_identification:_identify(src/test) by extensions ['colcon_pkg']
[0.239s] Level 1:colcon.colcon_core.package_identification:_identify(src/test) by extension 'colcon_pkg'
[0.239s] Level 1:colcon.colcon_core.package_identification:_identify(src/test) by extensions ['colcon_meta']
[0.239s] Level 1:colcon.colcon_core.package_identification:_identify(src/test) by extension 'colcon_meta'
[0.239s] Level 1:colcon.colcon_core.package_identification:_identify(src/test) by extensions ['ros']
[0.239s] Level 1:colcon.colcon_core.package_identification:_identify(src/test) by extension 'ros'
[0.240s] DEBUG:colcon.colcon_core.package_identification:Package 'src/test' with type 'ros.ament_cmake' and name 'test'
[0.240s] Level 1:colcon.colcon_core.package_discovery:discover_packages(recursive) using defaults
[0.240s] Level 1:colcon.colcon_core.package_discovery:discover_packages(ignore) discover
[0.240s] Level 1:colcon.colcon_core.package_discovery:discover_packages(ignore) using defaults
[0.240s] Level 1:colcon.colcon_core.package_discovery:discover_packages(path) discover
[0.240s] Level 1:colcon.colcon_core.package_discovery:discover_packages(path) using defaults
[0.253s] Level 1:colcon.colcon_core.package_discovery:discover_packages(prefix_path) check parameters
[0.253s] Level 1:colcon.colcon_core.package_discovery:discover_packages(prefix_path) discover
[0.255s] DEBUG:colcon.colcon_installed_package_information.package_discovery:Found 257 installed packages in /opt/ros/foxy
[0.256s] Level 1:colcon.colcon_core.package_discovery:discover_packages(prefix_path) using defaults
[0.301s] Level 5:colcon.colcon_core.verb:set package 'dclaw_interfaces' build argument 'cmake_args' from command line to 'None'
[0.301s] Level 5:colcon.colcon_core.verb:set package 'dclaw_interfaces' build argument 'cmake_target' from command line to 'None'
[0.301s] Level 5:colcon.colcon_core.verb:set package 'dclaw_interfaces' build argument 'cmake_target_skip_unavailable' from command line to 'False'
[0.301s] Level 5:colcon.colcon_core.verb:set package 'dclaw_interfaces' build argument 'cmake_clean_cache' from command line to 'False'
[0.301s] Level 5:colcon.colcon_core.verb:set package 'dclaw_interfaces' build argument 'cmake_clean_first' from command line to 'False'
[0.301s] Level 5:colcon.colcon_core.verb:set package 'dclaw_interfaces' build argument 'cmake_force_configure' from command line to 'False'
[0.301s] Level 5:colcon.colcon_core.verb:set package 'dclaw_interfaces' build argument 'ament_cmake_args' from command line to 'None'
[0.301s] Level 5:colcon.colcon_core.verb:set package 'dclaw_interfaces' build argument 'catkin_cmake_args' from command line to 'None'
[0.301s] Level 5:colcon.colcon_core.verb:set package 'dclaw_interfaces' build argument 'catkin_skip_building_tests' from command line to 'False'
[0.301s] DEBUG:colcon.colcon_core.verb:Building package 'dclaw_interfaces' with the following arguments: {'ament_cmake_args': None, 'build_base': '/home/songwoo/colcon_ws/build/dclaw_interfaces', 'catkin_cmake_args': None, 'catkin_skip_building_tests': False, 'cmake_args': None, 'cmake_clean_cache': False, 'cmake_clean_first': False, 'cmake_force_configure': False, 'cmake_target': None, 'cmake_target_skip_unavailable': False, 'install_base': '/home/songwoo/colcon_ws/install/dclaw_interfaces', 'merge_install': False, 'path': '/home/songwoo/colcon_ws/src/dclaw_interfaces', 'symlink_install': True, 'test_result_base': None}
[0.302s] Level 5:colcon.colcon_core.verb:set package 'dclaw_ros' build argument 'cmake_args' from command line to 'None'
[0.302s] Level 5:colcon.colcon_core.verb:set package 'dclaw_ros' build argument 'cmake_target' from command line to 'None'
[0.302s] Level 5:colcon.colcon_core.verb:set package 'dclaw_ros' build argument 'cmake_target_skip_unavailable' from command line to 'False'
[0.302s] Level 5:colcon.colcon_core.verb:set package 'dclaw_ros' build argument 'cmake_clean_cache' from command line to 'False'
[0.302s] Level 5:colcon.colcon_core.verb:set package 'dclaw_ros' build argument 'cmake_clean_first' from command line to 'False'
[0.302s] Level 5:colcon.colcon_core.verb:set package 'dclaw_ros' build argument 'cmake_force_configure' from command line to 'False'
[0.302s] Level 5:colcon.colcon_core.verb:set package 'dclaw_ros' build argument 'ament_cmake_args' from command line to 'None'
[0.302s] Level 5:colcon.colcon_core.verb:set package 'dclaw_ros' build argument 'catkin_cmake_args' from command line to 'None'
[0.302s] Level 5:colcon.colcon_core.verb:set package 'dclaw_ros' build argument 'catkin_skip_building_tests' from command line to 'False'
[0.302s] DEBUG:colcon.colcon_core.verb:Building package 'dclaw_ros' with the following arguments: {'ament_cmake_args': None, 'build_base': '/home/songwoo/colcon_ws/build/dclaw_ros', 'catkin_cmake_args': None, 'catkin_skip_building_tests': False, 'cmake_args': None, 'cmake_clean_cache': False, 'cmake_clean_first': False, 'cmake_force_configure': False, 'cmake_target': None, 'cmake_target_skip_unavailable': False, 'install_base': '/home/songwoo/colcon_ws/install/dclaw_ros', 'merge_install': False, 'path': '/home/songwoo/colcon_ws/src/dclaw_ros', 'symlink_install': True, 'test_result_base': None}
[0.303s] Level 5:colcon.colcon_core.verb:set package 'test' build argument 'cmake_args' from command line to 'None'
[0.303s] Level 5:colcon.colcon_core.verb:set package 'test' build argument 'cmake_target' from command line to 'None'
[0.303s] Level 5:colcon.colcon_core.verb:set package 'test' build argument 'cmake_target_skip_unavailable' from command line to 'False'
[0.303s] Level 5:colcon.colcon_core.verb:set package 'test' build argument 'cmake_clean_cache' from command line to 'False'
[0.303s] Level 5:colcon.colcon_core.verb:set package 'test' build argument 'cmake_clean_first' from command line to 'False'
[0.303s] Level 5:colcon.colcon_core.verb:set package 'test' build argument 'cmake_force_configure' from command line to 'False'
[0.303s] Level 5:colcon.colcon_core.verb:set package 'test' build argument 'ament_cmake_args' from command line to 'None'
[0.303s] Level 5:colcon.colcon_core.verb:set package 'test' build argument 'catkin_cmake_args' from command line to 'None'
[0.303s] Level 5:colcon.colcon_core.verb:set package 'test' build argument 'catkin_skip_building_tests' from command line to 'False'
[0.303s] DEBUG:colcon.colcon_core.verb:Building package 'test' with the following arguments: {'ament_cmake_args': None, 'build_base': '/home/songwoo/colcon_ws/build/test', 'catkin_cmake_args': None, 'catkin_skip_building_tests': False, 'cmake_args': None, 'cmake_clean_cache': False, 'cmake_clean_first': False, 'cmake_force_configure': False, 'cmake_target': None, 'cmake_target_skip_unavailable': False, 'install_base': '/home/songwoo/colcon_ws/install/test', 'merge_install': False, 'path': '/home/songwoo/colcon_ws/src/test', 'symlink_install': True, 'test_result_base': None}
[0.304s] INFO:colcon.colcon_core.executor:Executing jobs using 'parallel' executor
[0.306s] DEBUG:colcon.colcon_parallel_executor.executor.parallel:run_until_complete
[0.306s] INFO:colcon.colcon_ros.task.ament_cmake.build:Building ROS package in '/home/songwoo/colcon_ws/src/dclaw_interfaces' with build type 'ament_cmake'
[0.306s] INFO:colcon.colcon_cmake.task.cmake.build:Building CMake package in '/home/songwoo/colcon_ws/src/dclaw_interfaces'
[0.309s] INFO:colcon.colcon_core.plugin_system:Skipping extension 'colcon_core.shell.bat': Not used on non-Windows systems
[0.309s] INFO:colcon.colcon_core.shell:Skip shell extension 'powershell' for command environment: Not usable outside of PowerShell
[0.309s] DEBUG:colcon.colcon_core.shell:Skip shell extension 'dsv' for command environment
[0.312s] INFO:colcon.colcon_ros.task.ament_cmake.build:Building ROS package in '/home/songwoo/colcon_ws/src/dclaw_ros' with build type 'ament_cmake'
[0.313s] INFO:colcon.colcon_cmake.task.cmake.build:Building CMake package in '/home/songwoo/colcon_ws/src/dclaw_ros'
[0.314s] INFO:colcon.colcon_core.shell:Skip shell extension 'powershell' for command environment: Not usable outside of PowerShell
[0.314s] DEBUG:colcon.colcon_core.shell:Skip shell extension 'dsv' for command environment
[0.317s] INFO:colcon.colcon_ros.task.ament_cmake.build:Building ROS package in '/home/songwoo/colcon_ws/src/test' with build type 'ament_cmake'
[0.317s] INFO:colcon.colcon_cmake.task.cmake.build:Building CMake package in '/home/songwoo/colcon_ws/src/test'
[0.318s] INFO:colcon.colcon_core.shell:Skip shell extension 'powershell' for command environment: Not usable outside of PowerShell
[0.318s] DEBUG:colcon.colcon_core.shell:Skip shell extension 'dsv' for command environment
[0.326s] DEBUG:colcon.colcon_core.event_handler.log_command:Invoking command in '/home/songwoo/colcon_ws/build/dclaw_interfaces': CMAKE_PREFIX_PATH=/opt/ros/foxy /usr/bin/cmake /home/songwoo/colcon_ws/src/dclaw_interfaces -DAMENT_CMAKE_SYMLINK_INSTALL=1 -DCMAKE_INSTALL_PREFIX=/home/songwoo/colcon_ws/install/dclaw_interfaces
[0.329s] DEBUG:colcon.colcon_core.event_handler.log_command:Invoking command in '/home/songwoo/colcon_ws/build/dclaw_ros': CMAKE_PREFIX_PATH=/opt/ros/foxy /usr/bin/cmake --build /home/songwoo/colcon_ws/build/dclaw_ros -- -j8 -l8
[0.334s] DEBUG:colcon.colcon_core.event_handler.log_command:Invoking command in '/home/songwoo/colcon_ws/build/test': CMAKE_PREFIX_PATH=/opt/ros/foxy /usr/bin/cmake --build /home/songwoo/colcon_ws/build/test -- -j8 -l8
[0.354s] DEBUG:colcon.colcon_core.event_handler.log_command:Invoked command in '/home/songwoo/colcon_ws/build/dclaw_ros' returned '0': CMAKE_PREFIX_PATH=/opt/ros/foxy /usr/bin/cmake --build /home/songwoo/colcon_ws/build/dclaw_ros -- -j8 -l8
[0.360s] DEBUG:colcon.colcon_core.event_handler.log_command:Invoked command in '/home/songwoo/colcon_ws/build/test' returned '0': CMAKE_PREFIX_PATH=/opt/ros/foxy /usr/bin/cmake --build /home/songwoo/colcon_ws/build/test -- -j8 -l8
[0.375s] DEBUG:colcon.colcon_core.event_handler.log_command:Invoking command in '/home/songwoo/colcon_ws/build/dclaw_ros': CMAKE_PREFIX_PATH=/opt/ros/foxy /usr/bin/cmake --install /home/songwoo/colcon_ws/build/dclaw_ros
[0.378s] DEBUG:colcon.colcon_core.event_handler.log_command:Invoking command in '/home/songwoo/colcon_ws/build/test': CMAKE_PREFIX_PATH=/opt/ros/foxy /usr/bin/cmake --install /home/songwoo/colcon_ws/build/test
[0.391s] Level 1:colcon.colcon_core.environment:create_environment_scripts_only(dclaw_ros)
[0.392s] DEBUG:colcon.colcon_core.event_handler.log_command:Invoked command in '/home/songwoo/colcon_ws/build/dclaw_ros' returned '0': CMAKE_PREFIX_PATH=/opt/ros/foxy /usr/bin/cmake --install /home/songwoo/colcon_ws/build/dclaw_ros
[0.396s] Level 1:colcon.colcon_core.environment:checking '/home/songwoo/colcon_ws/install/dclaw_ros' for CMake module files
[0.396s] Level 1:colcon.colcon_core.environment:checking '/home/songwoo/colcon_ws/install/dclaw_ros' for CMake config files
[0.396s] Level 1:colcon.colcon_core.shell:create_environment_hook('dclaw_ros', 'cmake_prefix_path')
[0.397s] INFO:colcon.colcon_core.shell:Creating environment hook '/home/songwoo/colcon_ws/install/dclaw_ros/share/dclaw_ros/hook/cmake_prefix_path.ps1'
[0.398s] INFO:colcon.colcon_core.shell:Creating environment descriptor '/home/songwoo/colcon_ws/install/dclaw_ros/share/dclaw_ros/hook/cmake_prefix_path.dsv'
[0.398s] INFO:colcon.colcon_core.shell:Creating environment hook '/home/songwoo/colcon_ws/install/dclaw_ros/share/dclaw_ros/hook/cmake_prefix_path.sh'
[0.399s] Level 1:colcon.colcon_core.environment:checking '/home/songwoo/colcon_ws/install/dclaw_ros/bin'
[0.399s] Level 1:colcon.colcon_core.environment:checking '/home/songwoo/colcon_ws/install/dclaw_ros/lib/pkgconfig/dclaw_ros.pc'
[0.399s] Level 1:colcon.colcon_core.environment:checking '/home/songwoo/colcon_ws/install/dclaw_ros/lib/python3.8/site-packages'
[0.399s] Level 1:colcon.colcon_core.environment:checking '/home/songwoo/colcon_ws/install/dclaw_ros/bin'
[0.400s] INFO:colcon.colcon_core.shell:Creating package script '/home/songwoo/colcon_ws/install/dclaw_ros/share/dclaw_ros/package.ps1'
[0.400s] INFO:colcon.colcon_core.shell:Creating package descriptor '/home/songwoo/colcon_ws/install/dclaw_ros/share/dclaw_ros/package.dsv'
[0.401s] INFO:colcon.colcon_core.shell:Creating package script '/home/songwoo/colcon_ws/install/dclaw_ros/share/dclaw_ros/package.sh'
[0.401s] INFO:colcon.colcon_core.shell:Creating package script '/home/songwoo/colcon_ws/install/dclaw_ros/share/dclaw_ros/package.bash'
[0.402s] INFO:colcon.colcon_core.shell:Creating package script '/home/songwoo/colcon_ws/install/dclaw_ros/share/dclaw_ros/package.zsh'
[0.402s] Level 1:colcon.colcon_core.environment:create_file_with_runtime_dependencies(/home/songwoo/colcon_ws/install/dclaw_ros/share/colcon-core/packages/dclaw_ros)
[0.405s] Level 1:colcon.colcon_core.environment:create_environment_scripts_only(test)
[0.406s] Level 1:colcon.colcon_core.environment:checking '/home/songwoo/colcon_ws/install/test' for CMake module files
[0.406s] DEBUG:colcon.colcon_core.event_handler.log_command:Invoked command in '/home/songwoo/colcon_ws/build/test' returned '0': CMAKE_PREFIX_PATH=/opt/ros/foxy /usr/bin/cmake --install /home/songwoo/colcon_ws/build/test
[0.407s] Level 1:colcon.colcon_core.environment:checking '/home/songwoo/colcon_ws/install/test' for CMake config files
[0.407s] Level 1:colcon.colcon_core.shell:create_environment_hook('test', 'cmake_prefix_path')
[0.408s] INFO:colcon.colcon_core.shell:Creating environment hook '/home/songwoo/colcon_ws/install/test/share/test/hook/cmake_prefix_path.ps1'
[0.409s] INFO:colcon.colcon_core.shell:Creating environment descriptor '/home/songwoo/colcon_ws/install/test/share/test/hook/cmake_prefix_path.dsv'
[0.409s] INFO:colcon.colcon_core.shell:Creating environment hook '/home/songwoo/colcon_ws/install/test/share/test/hook/cmake_prefix_path.sh'
[0.409s] Level 1:colcon.colcon_core.environment:checking '/home/songwoo/colcon_ws/install/test/bin'
[0.409s] Level 1:colcon.colcon_core.environment:checking '/home/songwoo/colcon_ws/install/test/lib/pkgconfig/test.pc'
[0.409s] Level 1:colcon.colcon_core.environment:checking '/home/songwoo/colcon_ws/install/test/lib/python3.8/site-packages'
[0.409s] Level 1:colcon.colcon_core.environment:checking '/home/songwoo/colcon_ws/install/test/bin'
[0.410s] INFO:colcon.colcon_core.shell:Creating package script '/home/songwoo/colcon_ws/install/test/share/test/package.ps1'
[0.411s] INFO:colcon.colcon_core.shell:Creating package descriptor '/home/songwoo/colcon_ws/install/test/share/test/package.dsv'
[0.411s] INFO:colcon.colcon_core.shell:Creating package script '/home/songwoo/colcon_ws/install/test/share/test/package.sh'
[0.411s] INFO:colcon.colcon_core.shell:Creating package script '/home/songwoo/colcon_ws/install/test/share/test/package.bash'
[0.411s] INFO:colcon.colcon_core.shell:Creating package script '/home/songwoo/colcon_ws/install/test/share/test/package.zsh'
[0.412s] Level 1:colcon.colcon_core.environment:create_file_with_runtime_dependencies(/home/songwoo/colcon_ws/install/test/share/colcon-core/packages/test)
[0.416s] Level 1:colcon.colcon_core.environment:create_environment_scripts_only(dclaw_ros)
[0.418s] Level 1:colcon.colcon_core.environment:checking '/home/songwoo/colcon_ws/install/dclaw_ros' for CMake module files
[0.418s] Level 1:colcon.colcon_core.environment:checking '/home/songwoo/colcon_ws/install/dclaw_ros' for CMake config files
[0.418s] Level 1:colcon.colcon_core.shell:create_environment_hook('dclaw_ros', 'cmake_prefix_path')
[0.419s] INFO:colcon.colcon_core.shell:Creating environment hook '/home/songwoo/colcon_ws/install/dclaw_ros/share/dclaw_ros/hook/cmake_prefix_path.ps1'
[0.419s] INFO:colcon.colcon_core.shell:Creating environment descriptor '/home/songwoo/colcon_ws/install/dclaw_ros/share/dclaw_ros/hook/cmake_prefix_path.dsv'
[0.420s] INFO:colcon.colcon_core.shell:Creating environment hook '/home/songwoo/colcon_ws/install/dclaw_ros/share/dclaw_ros/hook/cmake_prefix_path.sh'
[0.420s] Level 1:colcon.colcon_core.environment:checking '/home/songwoo/colcon_ws/install/dclaw_ros/bin'
[0.420s] Level 1:colcon.colcon_core.environment:checking '/home/songwoo/colcon_ws/install/dclaw_ros/lib/pkgconfig/dclaw_ros.pc'
[0.420s] Level 1:colcon.colcon_core.environment:checking '/home/songwoo/colcon_ws/install/dclaw_ros/lib/python3.8/site-packages'
[0.420s] Level 1:colcon.colcon_core.environment:checking '/home/songwoo/colcon_ws/install/dclaw_ros/bin'
[0.421s] INFO:colcon.colcon_core.shell:Creating package script '/home/songwoo/colcon_ws/install/dclaw_ros/share/dclaw_ros/package.ps1'
[0.422s] INFO:colcon.colcon_core.shell:Creating package descriptor '/home/songwoo/colcon_ws/install/dclaw_ros/share/dclaw_ros/package.dsv'
[0.422s] INFO:colcon.colcon_core.shell:Creating package script '/home/songwoo/colcon_ws/install/dclaw_ros/share/dclaw_ros/package.sh'
[0.422s] INFO:colcon.colcon_core.shell:Creating package script '/home/songwoo/colcon_ws/install/dclaw_ros/share/dclaw_ros/package.bash'
[0.422s] INFO:colcon.colcon_core.shell:Creating package script '/home/songwoo/colcon_ws/install/dclaw_ros/share/dclaw_ros/package.zsh'
[0.423s] Level 1:colcon.colcon_core.environment:create_file_with_runtime_dependencies(/home/songwoo/colcon_ws/install/dclaw_ros/share/colcon-core/packages/dclaw_ros)
[0.425s] Level 1:colcon.colcon_core.environment:create_environment_scripts_only(test)
[0.426s] Level 1:colcon.colcon_core.environment:checking '/home/songwoo/colcon_ws/install/test' for CMake module files
[0.427s] Level 1:colcon.colcon_core.environment:checking '/home/songwoo/colcon_ws/install/test' for CMake config files
[0.427s] Level 1:colcon.colcon_core.shell:create_environment_hook('test', 'cmake_prefix_path')
[0.428s] INFO:colcon.colcon_core.shell:Creating environment hook '/home/songwoo/colcon_ws/install/test/share/test/hook/cmake_prefix_path.ps1'
[0.428s] INFO:colcon.colcon_core.shell:Creating environment descriptor '/home/songwoo/colcon_ws/install/test/share/test/hook/cmake_prefix_path.dsv'
[0.428s] INFO:colcon.colcon_core.shell:Creating environment hook '/home/songwoo/colcon_ws/install/test/share/test/hook/cmake_prefix_path.sh'
[0.429s] Level 1:colcon.colcon_core.environment:checking '/home/songwoo/colcon_ws/install/test/bin'
[0.429s] Level 1:colcon.colcon_core.environment:checking '/home/songwoo/colcon_ws/install/test/lib/pkgconfig/test.pc'
[0.429s] Level 1:colcon.colcon_core.environment:checking '/home/songwoo/colcon_ws/install/test/lib/python3.8/site-packages'
[0.429s] Level 1:colcon.colcon_core.environment:checking '/home/songwoo/colcon_ws/install/test/bin'
[0.430s] INFO:colcon.colcon_core.shell:Creating package script '/home/songwoo/colcon_ws/install/test/share/test/package.ps1'
[0.430s] INFO:colcon.colcon_core.shell:Creating package descriptor '/home/songwoo/colcon_ws/install/test/share/test/package.dsv'
[0.430s] INFO:colcon.colcon_core.shell:Creating package script '/home/songwoo/colcon_ws/install/test/share/test/package.sh'
[0.431s] INFO:colcon.colcon_core.shell:Creating package script '/home/songwoo/colcon_ws/install/test/share/test/package.bash'
[0.431s] INFO:colcon.colcon_core.shell:Creating package script '/home/songwoo/colcon_ws/install/test/share/test/package.zsh'
[0.431s] Level 1:colcon.colcon_core.environment:create_file_with_runtime_dependencies(/home/songwoo/colcon_ws/install/test/share/colcon-core/packages/test)
[1.563s] DEBUG:colcon.colcon_core.event_handler.log_command:Invoked command in '/home/songwoo/colcon_ws/build/dclaw_interfaces' returned '0': CMAKE_PREFIX_PATH=/opt/ros/foxy /usr/bin/cmake /home/songwoo/colcon_ws/src/dclaw_interfaces -DAMENT_CMAKE_SYMLINK_INSTALL=1 -DCMAKE_INSTALL_PREFIX=/home/songwoo/colcon_ws/install/dclaw_interfaces
[1.564s] DEBUG:colcon.colcon_core.event_handler.log_command:Invoking command in '/home/songwoo/colcon_ws/build/dclaw_interfaces': CMAKE_PREFIX_PATH=/opt/ros/foxy /usr/bin/cmake --build /home/songwoo/colcon_ws/build/dclaw_interfaces -- -j8 -l8
[4.196s] DEBUG:colcon.colcon_core.event_handler.log_command:Invoked command in '/home/songwoo/colcon_ws/build/dclaw_interfaces' returned '0': CMAKE_PREFIX_PATH=/opt/ros/foxy /usr/bin/cmake --build /home/songwoo/colcon_ws/build/dclaw_interfaces -- -j8 -l8
[4.230s] DEBUG:colcon.colcon_core.event_handler.log_command:Invoking command in '/home/songwoo/colcon_ws/build/dclaw_interfaces': CMAKE_PREFIX_PATH=/opt/ros/foxy /usr/bin/cmake --install /home/songwoo/colcon_ws/build/dclaw_interfaces
[4.779s] Level 1:colcon.colcon_core.environment:create_environment_scripts_only(dclaw_interfaces)
[4.781s] Level 1:colcon.colcon_core.environment:checking '/home/songwoo/colcon_ws/install/dclaw_interfaces' for CMake module files
[4.782s] DEBUG:colcon.colcon_core.event_handler.log_command:Invoked command in '/home/songwoo/colcon_ws/build/dclaw_interfaces' returned '0': CMAKE_PREFIX_PATH=/opt/ros/foxy /usr/bin/cmake --install /home/songwoo/colcon_ws/build/dclaw_interfaces
[4.782s] Level 1:colcon.colcon_core.environment:checking '/home/songwoo/colcon_ws/install/dclaw_interfaces' for CMake config files
[4.783s] Level 1:colcon.colcon_core.shell:create_environment_hook('dclaw_interfaces', 'cmake_prefix_path')
[4.784s] INFO:colcon.colcon_core.shell:Creating environment hook '/home/songwoo/colcon_ws/install/dclaw_interfaces/share/dclaw_interfaces/hook/cmake_prefix_path.ps1'
[4.784s] INFO:colcon.colcon_core.shell:Creating environment descriptor '/home/songwoo/colcon_ws/install/dclaw_interfaces/share/dclaw_interfaces/hook/cmake_prefix_path.dsv'
[4.784s] INFO:colcon.colcon_core.shell:Creating environment hook '/home/songwoo/colcon_ws/install/dclaw_interfaces/share/dclaw_interfaces/hook/cmake_prefix_path.sh'
[4.785s] Level 1:colcon.colcon_core.environment:checking '/home/songwoo/colcon_ws/install/dclaw_interfaces/lib'
[4.785s] Level 1:colcon.colcon_core.shell:create_environment_hook('dclaw_interfaces', 'ld_library_path_lib')
[4.786s] INFO:colcon.colcon_core.shell:Creating environment hook '/home/songwoo/colcon_ws/install/dclaw_interfaces/share/dclaw_interfaces/hook/ld_library_path_lib.ps1'
[4.786s] INFO:colcon.colcon_core.shell:Creating environment descriptor '/home/songwoo/colcon_ws/install/dclaw_interfaces/share/dclaw_interfaces/hook/ld_library_path_lib.dsv'
[4.787s] INFO:colcon.colcon_core.shell:Creating environment hook '/home/songwoo/colcon_ws/install/dclaw_interfaces/share/dclaw_interfaces/hook/ld_library_path_lib.sh'
[4.787s] Level 1:colcon.colcon_core.environment:checking '/home/songwoo/colcon_ws/install/dclaw_interfaces/bin'
[4.787s] Level 1:colcon.colcon_core.environment:checking '/home/songwoo/colcon_ws/install/dclaw_interfaces/lib/pkgconfig/dclaw_interfaces.pc'
[4.787s] Level 1:colcon.colcon_core.environment:checking '/home/songwoo/colcon_ws/install/dclaw_interfaces/lib/python3.8/site-packages'
[4.787s] Level 1:colcon.colcon_core.shell:create_environment_hook('dclaw_interfaces', 'pythonpath')
[4.788s] INFO:colcon.colcon_core.shell:Creating environment hook '/home/songwoo/colcon_ws/install/dclaw_interfaces/share/dclaw_interfaces/hook/pythonpath.ps1'
[4.788s] INFO:colcon.colcon_core.shell:Creating environment descriptor '/home/songwoo/colcon_ws/install/dclaw_interfaces/share/dclaw_interfaces/hook/pythonpath.dsv'
[4.789s] INFO:colcon.colcon_core.shell:Creating environment hook '/home/songwoo/colcon_ws/install/dclaw_interfaces/share/dclaw_interfaces/hook/pythonpath.sh'
[4.789s] Level 1:colcon.colcon_core.environment:checking '/home/songwoo/colcon_ws/install/dclaw_interfaces/bin'
[4.790s] INFO:colcon.colcon_core.shell:Creating package script '/home/songwoo/colcon_ws/install/dclaw_interfaces/share/dclaw_interfaces/package.ps1'
[4.790s] INFO:colcon.colcon_core.shell:Creating package descriptor '/home/songwoo/colcon_ws/install/dclaw_interfaces/share/dclaw_interfaces/package.dsv'
[4.791s] INFO:colcon.colcon_core.shell:Creating package script '/home/songwoo/colcon_ws/install/dclaw_interfaces/share/dclaw_interfaces/package.sh'
[4.791s] INFO:colcon.colcon_core.shell:Creating package script '/home/songwoo/colcon_ws/install/dclaw_interfaces/share/dclaw_interfaces/package.bash'
[4.791s] INFO:colcon.colcon_core.shell:Creating package script '/home/songwoo/colcon_ws/install/dclaw_interfaces/share/dclaw_interfaces/package.zsh'
[4.792s] Level 1:colcon.colcon_core.environment:create_file_with_runtime_dependencies(/home/songwoo/colcon_ws/install/dclaw_interfaces/share/colcon-core/packages/dclaw_interfaces)
[4.825s] Level 1:colcon.colcon_core.environment:create_environment_scripts_only(dclaw_interfaces)
[4.827s] Level 1:colcon.colcon_core.environment:checking '/home/songwoo/colcon_ws/install/dclaw_interfaces' for CMake module files
[4.827s] Level 1:colcon.colcon_core.environment:checking '/home/songwoo/colcon_ws/install/dclaw_interfaces' for CMake config files
[4.827s] Level 1:colcon.colcon_core.shell:create_environment_hook('dclaw_interfaces', 'cmake_prefix_path')
[4.828s] INFO:colcon.colcon_core.shell:Creating environment hook '/home/songwoo/colcon_ws/install/dclaw_interfaces/share/dclaw_interfaces/hook/cmake_prefix_path.ps1'
[4.829s] INFO:colcon.colcon_core.shell:Creating environment descriptor '/home/songwoo/colcon_ws/install/dclaw_interfaces/share/dclaw_interfaces/hook/cmake_prefix_path.dsv'
[4.829s] INFO:colcon.colcon_core.shell:Creating environment hook '/home/songwoo/colcon_ws/install/dclaw_interfaces/share/dclaw_interfaces/hook/cmake_prefix_path.sh'
[4.829s] Level 1:colcon.colcon_core.environment:checking '/home/songwoo/colcon_ws/install/dclaw_interfaces/lib'
[4.829s] Level 1:colcon.colcon_core.shell:create_environment_hook('dclaw_interfaces', 'ld_library_path_lib')
[4.830s] INFO:colcon.colcon_core.shell:Creating environment hook '/home/songwoo/colcon_ws/install/dclaw_interfaces/share/dclaw_interfaces/hook/ld_library_path_lib.ps1'
[4.830s] INFO:colcon.colcon_core.shell:Creating environment descriptor '/home/songwoo/colcon_ws/install/dclaw_interfaces/share/dclaw_interfaces/hook/ld_library_path_lib.dsv'
[4.831s] INFO:colcon.colcon_core.shell:Creating environment hook '/home/songwoo/colcon_ws/install/dclaw_interfaces/share/dclaw_interfaces/hook/ld_library_path_lib.sh'
[4.831s] Level 1:colcon.colcon_core.environment:checking '/home/songwoo/colcon_ws/install/dclaw_interfaces/bin'
[4.831s] Level 1:colcon.colcon_core.environment:checking '/home/songwoo/colcon_ws/install/dclaw_interfaces/lib/pkgconfig/dclaw_interfaces.pc'
[4.831s] Level 1:colcon.colcon_core.environment:checking '/home/songwoo/colcon_ws/install/dclaw_interfaces/lib/python3.8/site-packages'
[4.831s] Level 1:colcon.colcon_core.shell:create_environment_hook('dclaw_interfaces', 'pythonpath')
[4.832s] INFO:colcon.colcon_core.shell:Creating environment hook '/home/songwoo/colcon_ws/install/dclaw_interfaces/share/dclaw_interfaces/hook/pythonpath.ps1'
[4.832s] INFO:colcon.colcon_core.shell:Creating environment descriptor '/home/songwoo/colcon_ws/install/dclaw_interfaces/share/dclaw_interfaces/hook/pythonpath.dsv'
[4.832s] INFO:colcon.colcon_core.shell:Creating environment hook '/home/songwoo/colcon_ws/install/dclaw_interfaces/share/dclaw_interfaces/hook/pythonpath.sh'
[4.833s] Level 1:colcon.colcon_core.environment:checking '/home/songwoo/colcon_ws/install/dclaw_interfaces/bin'
[4.834s] INFO:colcon.colcon_core.shell:Creating package script '/home/songwoo/colcon_ws/install/dclaw_interfaces/share/dclaw_interfaces/package.ps1'
[4.834s] INFO:colcon.colcon_core.shell:Creating package descriptor '/home/songwoo/colcon_ws/install/dclaw_interfaces/share/dclaw_interfaces/package.dsv'
[4.834s] INFO:colcon.colcon_core.shell:Creating package script '/home/songwoo/colcon_ws/install/dclaw_interfaces/share/dclaw_interfaces/package.sh'
[4.835s] INFO:colcon.colcon_core.shell:Creating package script '/home/songwoo/colcon_ws/install/dclaw_interfaces/share/dclaw_interfaces/package.bash'
[4.835s] INFO:colcon.colcon_core.shell:Creating package script '/home/songwoo/colcon_ws/install/dclaw_interfaces/share/dclaw_interfaces/package.zsh'
[4.835s] Level 1:colcon.colcon_core.environment:create_file_with_runtime_dependencies(/home/songwoo/colcon_ws/install/dclaw_interfaces/share/colcon-core/packages/dclaw_interfaces)
[4.835s] DEBUG:colcon.colcon_parallel_executor.executor.parallel:closing loop
[4.835s] DEBUG:colcon.colcon_parallel_executor.executor.parallel:loop closed
[4.835s] DEBUG:colcon.colcon_parallel_executor.executor.parallel:run_until_complete finished with '0'
[4.836s] DEBUG:colcon.colcon_core.event_reactor:joining thread
[4.840s] INFO:colcon.colcon_core.plugin_system:Skipping extension 'colcon_notification.desktop_notification.terminal_notifier': Not used on non-Darwin systems
[4.840s] INFO:colcon.colcon_core.plugin_system:Skipping extension 'colcon_notification.desktop_notification.win32': Not used on non-Windows systems
[4.840s] INFO:colcon.colcon_notification.desktop_notification:Sending desktop notification using 'notify2'
[4.849s] DEBUG:colcon.colcon_core.event_reactor:joined thread
[4.850s] INFO:colcon.colcon_core.shell:Creating prefix script '/home/songwoo/colcon_ws/install/local_setup.ps1'
[4.851s] INFO:colcon.colcon_core.shell:Creating prefix util module '/home/songwoo/colcon_ws/install/_local_setup_util_ps1.py'
[4.852s] INFO:colcon.colcon_core.shell:Creating prefix chain script '/home/songwoo/colcon_ws/install/setup.ps1'
[4.852s] INFO:colcon.colcon_core.shell:Creating prefix script '/home/songwoo/colcon_ws/install/local_setup.sh'
[4.853s] INFO:colcon.colcon_core.shell:Creating prefix util module '/home/songwoo/colcon_ws/install/_local_setup_util_sh.py'
[4.853s] INFO:colcon.colcon_core.shell:Creating prefix chain script '/home/songwoo/colcon_ws/install/setup.sh'
[4.854s] INFO:colcon.colcon_core.shell:Creating prefix script '/home/songwoo/colcon_ws/install/local_setup.bash'
[4.854s] INFO:colcon.colcon_core.shell:Creating prefix chain script '/home/songwoo/colcon_ws/install/setup.bash'
[4.855s] INFO:colcon.colcon_core.shell:Creating prefix script '/home/songwoo/colcon_ws/install/local_setup.zsh'
[4.855s] INFO:colcon.colcon_core.shell:Creating prefix chain script '/home/songwoo/colcon_ws/install/setup.zsh'
