[0.673s] Invoking command in '/home/songwoo/colcon_ws/build/dclaw': AMENT_PREFIX_PATH=/home/songwoo/colcon_ws/install/dclaw_interfaces:${AMENT_PREFIX_PATH} CMAKE_PREFIX_PATH=/home/songwoo/colcon_ws/install/dclaw_interfaces LD_LIBRARY_PATH=/home/songwoo/colcon_ws/install/dclaw_interfaces/lib:${LD_LIBRARY_PATH} PYTHONPATH=/home/songwoo/colcon_ws/build/dclaw/prefix_override:/home/songwoo/colcon_ws/install/dclaw/lib/python3.8/site-packages:/home/songwoo/colcon_ws/install/dclaw_interfaces/lib/python3.8/site-packages:${PYTHONPATH} /usr/bin/python3 setup.py develop --editable --build-directory /home/songwoo/colcon_ws/build/dclaw/build --no-deps install_data
[0.826s] running develop
[0.919s] running egg_info
[0.919s] creating dclaw.egg-info
[0.919s] writing dclaw.egg-info/PKG-INFO
[0.920s] writing dependency_links to dclaw.egg-info/dependency_links.txt
[0.920s] writing entry points to dclaw.egg-info/entry_points.txt
[0.920s] writing requirements to dclaw.egg-info/requires.txt
[0.920s] writing top-level names to dclaw.egg-info/top_level.txt
[0.920s] writing manifest file 'dclaw.egg-info/SOURCES.txt'
[0.941s] reading manifest file 'dclaw.egg-info/SOURCES.txt'
[0.941s] writing manifest file 'dclaw.egg-info/SOURCES.txt'
[0.964s] running build_ext
[0.972s] Creating /home/songwoo/colcon_ws/install/dclaw/lib/python3.8/site-packages/site.py
[0.973s] Creating /home/songwoo/colcon_ws/install/dclaw/lib/python3.8/site-packages/dclaw.egg-link (link to .)
[0.973s] Installing test script to /home/songwoo/colcon_ws/install/dclaw/lib/dclaw
[0.974s] 
[0.974s] Installed /home/songwoo/colcon_ws/build/dclaw
[0.974s] running install_data
[0.974s] creating /home/songwoo/colcon_ws/install/dclaw/share/ament_index
[0.974s] creating /home/songwoo/colcon_ws/install/dclaw/share/ament_index/resource_index
[0.974s] creating /home/songwoo/colcon_ws/install/dclaw/share/ament_index/resource_index/packages
[0.974s] copying resource/dclaw -> /home/songwoo/colcon_ws/install/dclaw/share/ament_index/resource_index/packages
[0.974s] copying package.xml -> /home/songwoo/colcon_ws/install/dclaw/share/dclaw
[0.991s] Invoked command in '/home/songwoo/colcon_ws/build/dclaw' returned '0': AMENT_PREFIX_PATH=/home/songwoo/colcon_ws/install/dclaw_interfaces:${AMENT_PREFIX_PATH} CMAKE_PREFIX_PATH=/home/songwoo/colcon_ws/install/dclaw_interfaces LD_LIBRARY_PATH=/home/songwoo/colcon_ws/install/dclaw_interfaces/lib:${LD_LIBRARY_PATH} PYTHONPATH=/home/songwoo/colcon_ws/build/dclaw/prefix_override:/home/songwoo/colcon_ws/install/dclaw/lib/python3.8/site-packages:/home/songwoo/colcon_ws/install/dclaw_interfaces/lib/python3.8/site-packages:${PYTHONPATH} /usr/bin/python3 setup.py develop --editable --build-directory /home/songwoo/colcon_ws/build/dclaw/build --no-deps install_data
