[0.015s] Invoking command in '/home/songwoo/colcon_ws/build/dclaw_ros': CMAKE_PREFIX_PATH=/opt/ros/foxy /usr/bin/cmake --build /home/songwoo/colcon_ws/build/dclaw_ros -- -j8 -l8
[0.039s] Invoked command in '/home/songwoo/colcon_ws/build/dclaw_ros' returned '0': CMAKE_PREFIX_PATH=/opt/ros/foxy /usr/bin/cmake --build /home/songwoo/colcon_ws/build/dclaw_ros -- -j8 -l8
[0.061s] Invoking command in '/home/songwoo/colcon_ws/build/dclaw_ros': CMAKE_PREFIX_PATH=/opt/ros/foxy /usr/bin/cmake --install /home/songwoo/colcon_ws/build/dclaw_ros
[0.066s] -- Install configuration: ""
[0.066s] -- Execute custom install script
[0.067s] -- Up-to-date symlink: /home/songwoo/colcon_ws/install/dclaw_ros/share/ament_index/resource_index/package_run_dependencies/dclaw_ros
[0.067s] -- Up-to-date symlink: /home/songwoo/colcon_ws/install/dclaw_ros/share/ament_index/resource_index/parent_prefix_path/dclaw_ros
[0.067s] -- Up-to-date symlink: /home/songwoo/colcon_ws/install/dclaw_ros/share/dclaw_ros/environment/ament_prefix_path.sh
[0.067s] -- Up-to-date symlink: /home/songwoo/colcon_ws/install/dclaw_ros/share/dclaw_ros/environment/ament_prefix_path.dsv
[0.067s] -- Up-to-date symlink: /home/songwoo/colcon_ws/install/dclaw_ros/share/dclaw_ros/environment/path.sh
[0.068s] -- Up-to-date symlink: /home/songwoo/colcon_ws/install/dclaw_ros/share/dclaw_ros/environment/path.dsv
[0.068s] -- Up-to-date symlink: /home/songwoo/colcon_ws/install/dclaw_ros/share/dclaw_ros/local_setup.bash
[0.068s] -- Up-to-date symlink: /home/songwoo/colcon_ws/install/dclaw_ros/share/dclaw_ros/local_setup.sh
[0.068s] -- Up-to-date symlink: /home/songwoo/colcon_ws/install/dclaw_ros/share/dclaw_ros/local_setup.zsh
[0.068s] -- Up-to-date symlink: /home/songwoo/colcon_ws/install/dclaw_ros/share/dclaw_ros/local_setup.dsv
[0.068s] -- Symlinking: /home/songwoo/colcon_ws/install/dclaw_ros/share/dclaw_ros/package.dsv
[0.075s] -- Up-to-date symlink: /home/songwoo/colcon_ws/install/dclaw_ros/share/ament_index/resource_index/packages/dclaw_ros
[0.075s] -- Up-to-date symlink: /home/songwoo/colcon_ws/install/dclaw_ros/share/dclaw_ros/cmake/dclaw_rosConfig.cmake
[0.075s] -- Up-to-date symlink: /home/songwoo/colcon_ws/install/dclaw_ros/share/dclaw_ros/cmake/dclaw_rosConfig-version.cmake
[0.075s] -- Up-to-date symlink: /home/songwoo/colcon_ws/install/dclaw_ros/share/dclaw_ros/package.xml
[0.077s] Invoked command in '/home/songwoo/colcon_ws/build/dclaw_ros' returned '0': CMAKE_PREFIX_PATH=/opt/ros/foxy /usr/bin/cmake --install /home/songwoo/colcon_ws/build/dclaw_ros
