[0.019s] Invoking command in '/home/songwoo/colcon_ws/build/dclaw_interfaces': CMAKE_PREFIX_PATH=/opt/ros/foxy /usr/bin/cmake /home/songwoo/colcon_ws/src/dclaw_interfaces -DAMENT_CMAKE_SYMLINK_INSTALL=1 -DCMAKE_INSTALL_PREFIX=/home/songwoo/colcon_ws/install/dclaw_interfaces
[0.029s] -- Found ament_cmake: 0.9.11 (/opt/ros/foxy/share/ament_cmake/cmake)
[0.045s] -- Found PythonInterp: /usr/bin/python3 (found suitable version "3.8.10", minimum required is "3") 
[0.045s] -- Using PYTHON_EXECUTABLE: /usr/bin/python3
[0.170s] -- Override CMake install command with custom implementation using symlinks instead of copying resources
[0.175s] -- Found rosidl_default_generators: 1.0.1 (/opt/ros/foxy/share/rosidl_default_generators/cmake)
[0.176s] -- Using all available rosidl_typesupport_c: rosidl_typesupport_fastrtps_c;rosidl_typesupport_introspection_c
[0.179s] -- Found rosidl_adapter: 1.3.0 (/opt/ros/foxy/share/rosidl_adapter/cmake)
[0.268s] -- Using all available rosidl_typesupport_cpp: rosidl_typesupport_fastrtps_cpp;rosidl_typesupport_introspection_cpp
[0.299s] -- Found PythonInterp: /usr/bin/python3 (found version "3.8.10") 
[0.525s] -- Found ament_cmake_ros: 0.9.2 (/opt/ros/foxy/share/ament_cmake_ros/cmake)
[0.695s] -- Using all available rosidl_typesupport_c: rosidl_typesupport_fastrtps_c;rosidl_typesupport_introspection_c
[0.769s] -- Using all available rosidl_typesupport_cpp: rosidl_typesupport_fastrtps_cpp;rosidl_typesupport_introspection_cpp
[0.799s] -- Found PythonInterp: /usr/bin/python3 (found suitable version "3.8.10", minimum required is "3.5") 
[0.830s] -- Found python_cmake_module: 0.8.1 (/opt/ros/foxy/share/python_cmake_module/cmake)
[0.964s] -- Found PythonLibs: /usr/lib/x86_64-linux-gnu/libpython3.8.so (found suitable version "3.8.10", minimum required is "3.5") 
[0.965s] -- Using PYTHON_EXECUTABLE: /usr/bin/python3
[0.965s] -- Using PYTHON_INCLUDE_DIRS: /usr/include/python3.8
[0.966s] -- Using PYTHON_LIBRARIES: /usr/lib/x86_64-linux-gnu/libpython3.8.so
[1.020s] -- Found PythonExtra: .so  
[1.090s] -- Found ament_lint_auto: 0.9.8 (/opt/ros/foxy/share/ament_lint_auto/cmake)
[1.170s] -- Added test 'copyright' to check source files copyright and LICENSE
[1.176s] -- Added test 'lint_cmake' to check CMake code style
[1.179s] -- Added test 'xmllint' to check XML markup files
[1.198s] -- Configuring done
[1.249s] -- Generating done
[1.251s] -- Build files have been written to: /home/songwoo/colcon_ws/build/dclaw_interfaces
[1.257s] Invoked command in '/home/songwoo/colcon_ws/build/dclaw_interfaces' returned '0': CMAKE_PREFIX_PATH=/opt/ros/foxy /usr/bin/cmake /home/songwoo/colcon_ws/src/dclaw_interfaces -DAMENT_CMAKE_SYMLINK_INSTALL=1 -DCMAKE_INSTALL_PREFIX=/home/songwoo/colcon_ws/install/dclaw_interfaces
[1.257s] Invoking command in '/home/songwoo/colcon_ws/build/dclaw_interfaces': CMAKE_PREFIX_PATH=/opt/ros/foxy /usr/bin/cmake --build /home/songwoo/colcon_ws/build/dclaw_interfaces -- -j8 -l8
[1.282s] [  2%] [34m[1mGenerating C code for ROS interfaces[0m
[1.282s] [35m[1mScanning dependencies of target dclaw_interfaces__cpp[0m
[1.288s] [  5%] [34m[1mGenerating C++ code for ROS interfaces[0m
[1.502s] [  5%] Built target dclaw_interfaces__cpp
[1.508s] [ 12%] [34m[1mGenerating C++ type support dispatch for ROS interfaces[0m
[1.508s] [ 12%] [34m[1mGenerating C++ introspection for ROS interfaces[0m
[1.508s] [ 12%] [34m[1mGenerating C++ type support for eProsima Fast-RTPS[0m
[1.513s] [35m[1mScanning dependencies of target dclaw_interfaces__rosidl_generator_c[0m
[1.562s] [ 17%] [32mBuilding C object CMakeFiles/dclaw_interfaces__rosidl_generator_c.dir/rosidl_generator_c/dclaw_interfaces/msg/detail/set_position__functions.c.o[0m
[1.562s] [ 17%] [32mBuilding C object CMakeFiles/dclaw_interfaces__rosidl_generator_c.dir/rosidl_generator_c/dclaw_interfaces/srv/detail/get_position__functions.c.o[0m
[1.690s] [35m[1mScanning dependencies of target dclaw_interfaces__rosidl_typesupport_cpp[0m
[1.699s] [35m[1mScanning dependencies of target dclaw_interfaces__rosidl_typesupport_introspection_cpp[0m
[1.712s] [35m[1mScanning dependencies of target dclaw_interfaces__rosidl_typesupport_fastrtps_cpp[0m
[1.721s] [ 23%] [32mBuilding CXX object CMakeFiles/dclaw_interfaces__rosidl_typesupport_cpp.dir/rosidl_typesupport_cpp/dclaw_interfaces/msg/set_position__type_support.cpp.o[0m
[1.721s] [ 23%] [32mBuilding CXX object CMakeFiles/dclaw_interfaces__rosidl_typesupport_cpp.dir/rosidl_typesupport_cpp/dclaw_interfaces/srv/get_position__type_support.cpp.o[0m
[1.861s] [ 25%] [32mBuilding CXX object CMakeFiles/dclaw_interfaces__rosidl_typesupport_introspection_cpp.dir/rosidl_typesupport_introspection_cpp/dclaw_interfaces/msg/detail/set_position__type_support.cpp.o[0m
[1.862s] [ 28%] [32mBuilding CXX object CMakeFiles/dclaw_interfaces__rosidl_typesupport_introspection_cpp.dir/rosidl_typesupport_introspection_cpp/dclaw_interfaces/srv/detail/get_position__type_support.cpp.o[0m
[1.925s] [ 30%] [32mBuilding CXX object CMakeFiles/dclaw_interfaces__rosidl_typesupport_fastrtps_cpp.dir/rosidl_typesupport_fastrtps_cpp/dclaw_interfaces/msg/detail/dds_fastrtps/set_position__type_support.cpp.o[0m
[1.925s] [ 33%] [32mBuilding CXX object CMakeFiles/dclaw_interfaces__rosidl_typesupport_fastrtps_cpp.dir/rosidl_typesupport_fastrtps_cpp/dclaw_interfaces/srv/detail/dds_fastrtps/get_position__type_support.cpp.o[0m
[1.947s] [ 35%] [32m[1mLinking C shared library libdclaw_interfaces__rosidl_generator_c.so[0m
[1.979s] [ 35%] Built target dclaw_interfaces__rosidl_generator_c
[1.988s] [ 41%] [34m[1mGenerating C type support dispatch for ROS interfaces[0m
[1.988s] [ 41%] [34m[1mGenerating C introspection for ROS interfaces[0m
[2.192s] [35m[1mScanning dependencies of target dclaw_interfaces__rosidl_typesupport_c[0m
[2.210s] [ 43%] [32mBuilding CXX object CMakeFiles/dclaw_interfaces__rosidl_typesupport_c.dir/rosidl_typesupport_c/dclaw_interfaces/msg/set_position__type_support.cpp.o[0m
[2.242s] [35m[1mScanning dependencies of target dclaw_interfaces__rosidl_typesupport_introspection_c[0m
[2.253s] [ 46%] [32mBuilding C object CMakeFiles/dclaw_interfaces__rosidl_typesupport_introspection_c.dir/rosidl_typesupport_introspection_c/dclaw_interfaces/msg/detail/set_position__type_support.c.o[0m
[2.274s] [ 51%] [32mBuilding C object CMakeFiles/dclaw_interfaces__rosidl_typesupport_introspection_c.dir/rosidl_typesupport_introspection_c/dclaw_interfaces/srv/detail/get_position__type_support.c.o[0m
[2.275s] [ 51%] [32mBuilding CXX object CMakeFiles/dclaw_interfaces__rosidl_typesupport_c.dir/rosidl_typesupport_c/dclaw_interfaces/srv/get_position__type_support.cpp.o[0m
[2.296s] [ 53%] [32m[1mLinking CXX shared library libdclaw_interfaces__rosidl_typesupport_c.so[0m
[2.306s] [ 56%] [32m[1mLinking C shared library libdclaw_interfaces__rosidl_typesupport_introspection_c.so[0m
[2.327s] [ 56%] Built target dclaw_interfaces__rosidl_typesupport_c
[2.327s] [ 56%] Built target dclaw_interfaces__rosidl_typesupport_introspection_c
[2.392s] [ 58%] [32m[1mLinking CXX shared library libdclaw_interfaces__rosidl_typesupport_cpp.so[0m
[2.410s] [ 61%] [32m[1mLinking CXX shared library libdclaw_interfaces__rosidl_typesupport_introspection_cpp.so[0m
[2.418s] [ 61%] Built target dclaw_interfaces__rosidl_typesupport_cpp
[2.437s] [ 61%] Built target dclaw_interfaces__rosidl_typesupport_introspection_cpp
[2.554s] [ 64%] [32m[1mLinking CXX shared library libdclaw_interfaces__rosidl_typesupport_fastrtps_cpp.so[0m
[2.622s] [ 64%] Built target dclaw_interfaces__rosidl_typesupport_fastrtps_cpp
[2.628s] [ 66%] [34m[1mGenerating C type support for eProsima Fast-RTPS[0m
[2.813s] [35m[1mScanning dependencies of target dclaw_interfaces__rosidl_typesupport_fastrtps_c[0m
[2.823s] [ 71%] [32mBuilding CXX object CMakeFiles/dclaw_interfaces__rosidl_typesupport_fastrtps_c.dir/rosidl_typesupport_fastrtps_c/dclaw_interfaces/msg/detail/set_position__type_support_c.cpp.o[0m
[2.824s] [ 71%] [32mBuilding CXX object CMakeFiles/dclaw_interfaces__rosidl_typesupport_fastrtps_c.dir/rosidl_typesupport_fastrtps_c/dclaw_interfaces/srv/detail/get_position__type_support_c.cpp.o[0m
[3.063s] [ 74%] [32m[1mLinking CXX shared library libdclaw_interfaces__rosidl_typesupport_fastrtps_c.so[0m
[3.115s] [ 74%] Built target dclaw_interfaces__rosidl_typesupport_fastrtps_c
[3.121s] [35m[1mScanning dependencies of target dclaw_interfaces[0m
[3.127s] [ 74%] Built target dclaw_interfaces
[3.133s] [35m[1mScanning dependencies of target dclaw_interfaces__py[0m
[3.140s] [ 76%] [34m[1mGenerating Python code for ROS interfaces[0m
[3.473s] [ 76%] Built target dclaw_interfaces__py
[3.479s] [35m[1mScanning dependencies of target dclaw_interfaces__python[0m
[3.525s] [ 82%] [32mBuilding C object CMakeFiles/dclaw_interfaces__python.dir/rosidl_generator_py/dclaw_interfaces/msg/_set_position_s.c.o[0m
[3.525s] [ 82%] [32mBuilding C object CMakeFiles/dclaw_interfaces__python.dir/rosidl_generator_py/dclaw_interfaces/srv/_get_position_s.c.o[0m
[3.741s] [ 84%] [32m[1mLinking C shared library rosidl_generator_py/dclaw_interfaces/libdclaw_interfaces__python.so[0m
[3.765s] [ 84%] Built target dclaw_interfaces__python
[3.771s] [35m[1mScanning dependencies of target dclaw_interfaces__rosidl_typesupport_fastrtps_c__pyext[0m
[3.771s] [35m[1mScanning dependencies of target dclaw_interfaces__rosidl_typesupport_introspection_c__pyext[0m
[3.771s] [35m[1mScanning dependencies of target dclaw_interfaces__rosidl_typesupport_c__pyext[0m
[3.782s] [ 89%] [32mBuilding C object CMakeFiles/dclaw_interfaces__rosidl_typesupport_c__pyext.dir/rosidl_generator_py/dclaw_interfaces/_dclaw_interfaces_s.ep.rosidl_typesupport_c.c.o[0m
[3.782s] [ 92%] [32mBuilding C object CMakeFiles/dclaw_interfaces__rosidl_typesupport_introspection_c__pyext.dir/rosidl_generator_py/dclaw_interfaces/_dclaw_interfaces_s.ep.rosidl_typesupport_introspection_c.c.o[0m
[3.782s] [ 89%] [32mBuilding C object CMakeFiles/dclaw_interfaces__rosidl_typesupport_fastrtps_c__pyext.dir/rosidl_generator_py/dclaw_interfaces/_dclaw_interfaces_s.ep.rosidl_typesupport_fastrtps_c.c.o[0m
[3.842s] [100%] [32m[1mLinking C shared library rosidl_generator_py/dclaw_interfaces/dclaw_interfaces_s__rosidl_typesupport_c.cpython-38-x86_64-linux-gnu.so[0m
[3.842s] [100%] [32m[1mLinking CXX shared library rosidl_generator_py/dclaw_interfaces/dclaw_interfaces_s__rosidl_typesupport_fastrtps_c.cpython-38-x86_64-linux-gnu.so[0m
[3.842s] [100%] [32m[1mLinking C shared library rosidl_generator_py/dclaw_interfaces/dclaw_interfaces_s__rosidl_typesupport_introspection_c.cpython-38-x86_64-linux-gnu.so[0m
[3.864s] [100%] Built target dclaw_interfaces__rosidl_typesupport_introspection_c__pyext
[3.864s] [100%] Built target dclaw_interfaces__rosidl_typesupport_c__pyext
[3.882s] [100%] Built target dclaw_interfaces__rosidl_typesupport_fastrtps_c__pyext
[3.889s] Invoked command in '/home/songwoo/colcon_ws/build/dclaw_interfaces' returned '0': CMAKE_PREFIX_PATH=/opt/ros/foxy /usr/bin/cmake --build /home/songwoo/colcon_ws/build/dclaw_interfaces -- -j8 -l8
[3.924s] Invoking command in '/home/songwoo/colcon_ws/build/dclaw_interfaces': CMAKE_PREFIX_PATH=/opt/ros/foxy /usr/bin/cmake --install /home/songwoo/colcon_ws/build/dclaw_interfaces
[3.929s] -- Install configuration: ""
[3.929s] -- Execute custom install script
[3.930s] -- Symlinking: /home/songwoo/colcon_ws/install/dclaw_interfaces/share/ament_index/resource_index/rosidl_interfaces/dclaw_interfaces
[3.936s] -- Symlinking: /home/songwoo/colcon_ws/install/dclaw_interfaces/include/dclaw_interfaces/msg/detail/set_position__functions.h
[3.941s] -- Symlinking: /home/songwoo/colcon_ws/install/dclaw_interfaces/include/dclaw_interfaces/msg/detail/set_position__struct.h
[3.946s] -- Symlinking: /home/songwoo/colcon_ws/install/dclaw_interfaces/include/dclaw_interfaces/msg/detail/set_position__type_support.h
[3.952s] -- Symlinking: /home/songwoo/colcon_ws/install/dclaw_interfaces/include/dclaw_interfaces/msg/rosidl_generator_c__visibility_control.h
[3.957s] -- Symlinking: /home/songwoo/colcon_ws/install/dclaw_interfaces/include/dclaw_interfaces/msg/set_position.h
[3.963s] -- Symlinking: /home/songwoo/colcon_ws/install/dclaw_interfaces/include/dclaw_interfaces/srv/detail/get_position__functions.h
[3.969s] -- Symlinking: /home/songwoo/colcon_ws/install/dclaw_interfaces/include/dclaw_interfaces/srv/detail/get_position__struct.h
[3.975s] -- Symlinking: /home/songwoo/colcon_ws/install/dclaw_interfaces/include/dclaw_interfaces/srv/detail/get_position__type_support.h
[3.982s] -- Symlinking: /home/songwoo/colcon_ws/install/dclaw_interfaces/include/dclaw_interfaces/srv/get_position.h
[3.989s] -- Symlinking: /home/songwoo/colcon_ws/install/dclaw_interfaces/share/dclaw_interfaces/environment/library_path.sh
[3.996s] -- Symlinking: /home/songwoo/colcon_ws/install/dclaw_interfaces/share/dclaw_interfaces/environment/library_path.dsv
[4.004s] -- Symlinking: /home/songwoo/colcon_ws/install/dclaw_interfaces/include/dclaw_interfaces/msg/detail/set_position__rosidl_typesupport_fastrtps_c.h
[4.011s] -- Symlinking: /home/songwoo/colcon_ws/install/dclaw_interfaces/include/dclaw_interfaces/msg/rosidl_typesupport_fastrtps_c__visibility_control.h
[4.018s] -- Symlinking: /home/songwoo/colcon_ws/install/dclaw_interfaces/include/dclaw_interfaces/srv/detail/get_position__rosidl_typesupport_fastrtps_c.h
[4.025s] -- Symlinking: /home/songwoo/colcon_ws/install/dclaw_interfaces/lib/libdclaw_interfaces__rosidl_typesupport_fastrtps_c.so
[4.032s] -- Symlinking: /home/songwoo/colcon_ws/install/dclaw_interfaces/include/dclaw_interfaces/msg/detail/set_position__rosidl_typesupport_fastrtps_cpp.hpp
[4.039s] -- Symlinking: /home/songwoo/colcon_ws/install/dclaw_interfaces/include/dclaw_interfaces/msg/rosidl_typesupport_fastrtps_cpp__visibility_control.h
[4.047s] -- Symlinking: /home/songwoo/colcon_ws/install/dclaw_interfaces/include/dclaw_interfaces/srv/detail/get_position__rosidl_typesupport_fastrtps_cpp.hpp
[4.054s] -- Symlinking: /home/songwoo/colcon_ws/install/dclaw_interfaces/lib/libdclaw_interfaces__rosidl_typesupport_fastrtps_cpp.so
[4.062s] -- Symlinking: /home/songwoo/colcon_ws/install/dclaw_interfaces/include/dclaw_interfaces/msg/detail/set_position__rosidl_typesupport_introspection_c.h
[4.069s] -- Symlinking: /home/songwoo/colcon_ws/install/dclaw_interfaces/include/dclaw_interfaces/msg/rosidl_typesupport_introspection_c__visibility_control.h
[4.076s] -- Symlinking: /home/songwoo/colcon_ws/install/dclaw_interfaces/include/dclaw_interfaces/srv/detail/get_position__rosidl_typesupport_introspection_c.h
[4.083s] -- Symlinking: /home/songwoo/colcon_ws/install/dclaw_interfaces/include/dclaw_interfaces/msg/detail/set_position__builder.hpp
[4.090s] -- Symlinking: /home/songwoo/colcon_ws/install/dclaw_interfaces/include/dclaw_interfaces/msg/detail/set_position__struct.hpp
[4.097s] -- Symlinking: /home/songwoo/colcon_ws/install/dclaw_interfaces/include/dclaw_interfaces/msg/detail/set_position__traits.hpp
[4.103s] -- Symlinking: /home/songwoo/colcon_ws/install/dclaw_interfaces/include/dclaw_interfaces/msg/set_position.hpp
[4.109s] -- Symlinking: /home/songwoo/colcon_ws/install/dclaw_interfaces/include/dclaw_interfaces/srv/detail/get_position__builder.hpp
[4.114s] -- Symlinking: /home/songwoo/colcon_ws/install/dclaw_interfaces/include/dclaw_interfaces/srv/detail/get_position__struct.hpp
[4.119s] -- Symlinking: /home/songwoo/colcon_ws/install/dclaw_interfaces/include/dclaw_interfaces/srv/detail/get_position__traits.hpp
[4.125s] -- Symlinking: /home/songwoo/colcon_ws/install/dclaw_interfaces/include/dclaw_interfaces/srv/get_position.hpp
[4.131s] -- Symlinking: /home/songwoo/colcon_ws/install/dclaw_interfaces/include/dclaw_interfaces/msg/detail/set_position__rosidl_typesupport_introspection_cpp.hpp
[4.138s] -- Symlinking: /home/songwoo/colcon_ws/install/dclaw_interfaces/include/dclaw_interfaces/srv/detail/get_position__rosidl_typesupport_introspection_cpp.hpp
[4.145s] -- Symlinking: /home/songwoo/colcon_ws/install/dclaw_interfaces/share/dclaw_interfaces/environment/pythonpath.sh
[4.152s] -- Symlinking: /home/songwoo/colcon_ws/install/dclaw_interfaces/share/dclaw_interfaces/environment/pythonpath.dsv
[4.160s] -- Symlinking: /home/songwoo/colcon_ws/install/dclaw_interfaces/lib/python3.8/site-packages/dclaw_interfaces/__init__.py
[4.168s] -- Symlinking: /home/songwoo/colcon_ws/install/dclaw_interfaces/lib/python3.8/site-packages/dclaw_interfaces/msg/__init__.py
[4.175s] -- Symlinking: /home/songwoo/colcon_ws/install/dclaw_interfaces/lib/python3.8/site-packages/dclaw_interfaces/msg/_set_position.py
[4.183s] -- Symlinking: /home/songwoo/colcon_ws/install/dclaw_interfaces/lib/python3.8/site-packages/dclaw_interfaces/srv/__init__.py
[4.190s] -- Symlinking: /home/songwoo/colcon_ws/install/dclaw_interfaces/lib/python3.8/site-packages/dclaw_interfaces/srv/_get_position.py
[4.197s] -- Symlinking: /home/songwoo/colcon_ws/install/dclaw_interfaces/lib/python3.8/site-packages/dclaw_interfaces/dclaw_interfaces_s__rosidl_typesupport_fastrtps_c.cpython-38-x86_64-linux-gnu.so
[4.205s] -- Symlinking: /home/songwoo/colcon_ws/install/dclaw_interfaces/lib/python3.8/site-packages/dclaw_interfaces/dclaw_interfaces_s__rosidl_typesupport_introspection_c.cpython-38-x86_64-linux-gnu.so
[4.213s] -- Symlinking: /home/songwoo/colcon_ws/install/dclaw_interfaces/lib/python3.8/site-packages/dclaw_interfaces/dclaw_interfaces_s__rosidl_typesupport_c.cpython-38-x86_64-linux-gnu.so
[4.220s] -- Symlinking: /home/songwoo/colcon_ws/install/dclaw_interfaces/lib/libdclaw_interfaces__python.so
[4.228s] -- Symlinking: /home/songwoo/colcon_ws/install/dclaw_interfaces/share/dclaw_interfaces/msg/SetPosition.idl
[4.236s] -- Symlinking: /home/songwoo/colcon_ws/install/dclaw_interfaces/share/dclaw_interfaces/srv/GetPosition.idl
[4.243s] -- Symlinking: /home/songwoo/colcon_ws/install/dclaw_interfaces/share/dclaw_interfaces/msg/SetPosition.msg
[4.251s] -- Symlinking: /home/songwoo/colcon_ws/install/dclaw_interfaces/share/dclaw_interfaces/srv/GetPosition.srv
[4.258s] -- Symlinking: /home/songwoo/colcon_ws/install/dclaw_interfaces/share/dclaw_interfaces/srv/GetPosition_Request.msg
[4.266s] -- Symlinking: /home/songwoo/colcon_ws/install/dclaw_interfaces/share/dclaw_interfaces/srv/GetPosition_Response.msg
[4.273s] -- Symlinking: /home/songwoo/colcon_ws/install/dclaw_interfaces/share/ament_index/resource_index/package_run_dependencies/dclaw_interfaces
[4.281s] -- Symlinking: /home/songwoo/colcon_ws/install/dclaw_interfaces/share/ament_index/resource_index/parent_prefix_path/dclaw_interfaces
[4.288s] -- Symlinking: /home/songwoo/colcon_ws/install/dclaw_interfaces/share/dclaw_interfaces/environment/ament_prefix_path.sh
[4.296s] -- Symlinking: /home/songwoo/colcon_ws/install/dclaw_interfaces/share/dclaw_interfaces/environment/ament_prefix_path.dsv
[4.303s] -- Symlinking: /home/songwoo/colcon_ws/install/dclaw_interfaces/share/dclaw_interfaces/environment/path.sh
[4.310s] -- Symlinking: /home/songwoo/colcon_ws/install/dclaw_interfaces/share/dclaw_interfaces/environment/path.dsv
[4.318s] -- Symlinking: /home/songwoo/colcon_ws/install/dclaw_interfaces/share/dclaw_interfaces/local_setup.bash
[4.325s] -- Symlinking: /home/songwoo/colcon_ws/install/dclaw_interfaces/share/dclaw_interfaces/local_setup.sh
[4.333s] -- Symlinking: /home/songwoo/colcon_ws/install/dclaw_interfaces/share/dclaw_interfaces/local_setup.zsh
[4.340s] -- Symlinking: /home/songwoo/colcon_ws/install/dclaw_interfaces/share/dclaw_interfaces/local_setup.dsv
[4.348s] -- Symlinking: /home/songwoo/colcon_ws/install/dclaw_interfaces/share/dclaw_interfaces/package.dsv
[4.355s] -- Symlinking: /home/songwoo/colcon_ws/install/dclaw_interfaces/share/ament_index/resource_index/packages/dclaw_interfaces
[4.363s] -- Symlinking: /home/songwoo/colcon_ws/install/dclaw_interfaces/share/dclaw_interfaces/cmake/rosidl_cmake-extras.cmake
[4.370s] -- Symlinking: /home/songwoo/colcon_ws/install/dclaw_interfaces/share/dclaw_interfaces/cmake/ament_cmake_export_dependencies-extras.cmake
[4.378s] -- Symlinking: /home/songwoo/colcon_ws/install/dclaw_interfaces/share/dclaw_interfaces/cmake/ament_cmake_export_libraries-extras.cmake
[4.385s] -- Symlinking: /home/songwoo/colcon_ws/install/dclaw_interfaces/share/dclaw_interfaces/cmake/ament_cmake_export_targets-extras.cmake
[4.393s] -- Symlinking: /home/songwoo/colcon_ws/install/dclaw_interfaces/share/dclaw_interfaces/cmake/ament_cmake_export_include_directories-extras.cmake
[4.400s] -- Symlinking: /home/songwoo/colcon_ws/install/dclaw_interfaces/share/dclaw_interfaces/cmake/rosidl_cmake_export_typesupport_libraries-extras.cmake
[4.407s] -- Symlinking: /home/songwoo/colcon_ws/install/dclaw_interfaces/share/dclaw_interfaces/cmake/rosidl_cmake_export_typesupport_targets-extras.cmake
[4.415s] -- Symlinking: /home/songwoo/colcon_ws/install/dclaw_interfaces/share/dclaw_interfaces/cmake/dclaw_interfacesConfig.cmake
[4.422s] -- Symlinking: /home/songwoo/colcon_ws/install/dclaw_interfaces/share/dclaw_interfaces/cmake/dclaw_interfacesConfig-version.cmake
[4.430s] -- Symlinking: /home/songwoo/colcon_ws/install/dclaw_interfaces/share/dclaw_interfaces/package.xml
[4.437s] -- Installing: /home/songwoo/colcon_ws/install/dclaw_interfaces/lib/libdclaw_interfaces__rosidl_generator_c.so
[4.437s] -- Set runtime path of "/home/songwoo/colcon_ws/install/dclaw_interfaces/lib/libdclaw_interfaces__rosidl_generator_c.so" to ""
[4.437s] -- Installing: /home/songwoo/colcon_ws/install/dclaw_interfaces/lib/libdclaw_interfaces__rosidl_typesupport_introspection_c.so
[4.438s] -- Set runtime path of "/home/songwoo/colcon_ws/install/dclaw_interfaces/lib/libdclaw_interfaces__rosidl_typesupport_introspection_c.so" to ""
[4.438s] -- Installing: /home/songwoo/colcon_ws/install/dclaw_interfaces/lib/libdclaw_interfaces__rosidl_typesupport_c.so
[4.438s] -- Set runtime path of "/home/songwoo/colcon_ws/install/dclaw_interfaces/lib/libdclaw_interfaces__rosidl_typesupport_c.so" to ""
[4.438s] -- Installing: /home/songwoo/colcon_ws/install/dclaw_interfaces/lib/libdclaw_interfaces__rosidl_typesupport_introspection_cpp.so
[4.438s] -- Set runtime path of "/home/songwoo/colcon_ws/install/dclaw_interfaces/lib/libdclaw_interfaces__rosidl_typesupport_introspection_cpp.so" to ""
[4.438s] -- Installing: /home/songwoo/colcon_ws/install/dclaw_interfaces/lib/libdclaw_interfaces__rosidl_typesupport_cpp.so
[4.439s] -- Set runtime path of "/home/songwoo/colcon_ws/install/dclaw_interfaces/lib/libdclaw_interfaces__rosidl_typesupport_cpp.so" to ""
[4.467s] Compiling '/home/songwoo/colcon_ws/install/dclaw_interfaces/lib/python3.8/site-packages/dclaw_interfaces/__init__.py'...
[4.470s] -- Installing: /home/songwoo/colcon_ws/install/dclaw_interfaces/share/dclaw_interfaces/cmake/dclaw_interfaces__rosidl_generator_cExport.cmake
[4.470s] -- Installing: /home/songwoo/colcon_ws/install/dclaw_interfaces/share/dclaw_interfaces/cmake/dclaw_interfaces__rosidl_generator_cExport-noconfig.cmake
[4.470s] -- Installing: /home/songwoo/colcon_ws/install/dclaw_interfaces/share/dclaw_interfaces/cmake/dclaw_interfaces__rosidl_typesupport_introspection_cExport.cmake
[4.471s] -- Installing: /home/songwoo/colcon_ws/install/dclaw_interfaces/share/dclaw_interfaces/cmake/dclaw_interfaces__rosidl_typesupport_introspection_cExport-noconfig.cmake
[4.471s] -- Installing: /home/songwoo/colcon_ws/install/dclaw_interfaces/share/dclaw_interfaces/cmake/dclaw_interfaces__rosidl_typesupport_cExport.cmake
[4.471s] -- Installing: /home/songwoo/colcon_ws/install/dclaw_interfaces/share/dclaw_interfaces/cmake/dclaw_interfaces__rosidl_typesupport_cExport-noconfig.cmake
[4.471s] -- Installing: /home/songwoo/colcon_ws/install/dclaw_interfaces/share/dclaw_interfaces/cmake/dclaw_interfaces__rosidl_generator_cppExport.cmake
[4.471s] -- Installing: /home/songwoo/colcon_ws/install/dclaw_interfaces/share/dclaw_interfaces/cmake/dclaw_interfaces__rosidl_typesupport_introspection_cppExport.cmake
[4.471s] -- Installing: /home/songwoo/colcon_ws/install/dclaw_interfaces/share/dclaw_interfaces/cmake/dclaw_interfaces__rosidl_typesupport_introspection_cppExport-noconfig.cmake
[4.471s] -- Installing: /home/songwoo/colcon_ws/install/dclaw_interfaces/share/dclaw_interfaces/cmake/dclaw_interfaces__rosidl_typesupport_cppExport.cmake
[4.471s] -- Installing: /home/songwoo/colcon_ws/install/dclaw_interfaces/share/dclaw_interfaces/cmake/dclaw_interfaces__rosidl_typesupport_cppExport-noconfig.cmake
[4.475s] Invoked command in '/home/songwoo/colcon_ws/build/dclaw_interfaces' returned '0': CMAKE_PREFIX_PATH=/opt/ros/foxy /usr/bin/cmake --install /home/songwoo/colcon_ws/build/dclaw_interfaces
