[0.316s] DEBUG:colcon:Command line arguments: ['/usr/bin/colcon', 'build', '--symlink-install']
[0.316s] DEBUG:colcon:Parsed command line arguments: Namespace(allow_overriding=[], ament_cmake_args=None, base_paths=['.'], build_base='build', catkin_cmake_args=None, catkin_skip_building_tests=False, cmake_args=None, cmake_clean_cache=False, cmake_clean_first=False, cmake_force_configure=False, cmake_target=None, cmake_target_skip_unavailable=False, continue_on_error=False, event_handlers=None, executor='parallel', ignore_user_meta=False, install_base='install', log_base=None, log_level=None, main=<bound method BuildVerb.main of <colcon_core.verb.build.BuildVerb object at 0x7f40b1507370>>, merge_install=False, metas=['./colcon.meta'], packages_above=None, packages_above_and_dependencies=None, packages_above_depth=None, packages_end=None, packages_ignore=None, packages_ignore_regex=None, packages_select=None, packages_select_build_failed=False, packages_select_by_dep=None, packages_select_regex=None, packages_select_test_failures=False, packages_skip=None, packages_skip_build_finished=False, packages_skip_by_dep=None, packages_skip_regex=None, packages_skip_test_passed=False, packages_skip_up_to=None, packages_start=None, packages_up_to=None, packages_up_to_regex=None, parallel_workers=8, paths=None, symlink_install=True, test_result_base=None, verb_extension=<colcon_core.verb.build.BuildVerb object at 0x7f40b1507370>, verb_name='build', verb_parser=<colcon_defaults.argument_parser.defaults.DefaultArgumentsDecorator object at 0x7f40b15078b0>)
[0.449s] Level 1:colcon.colcon_core.package_discovery:discover_packages(colcon_meta) check parameters
[0.449s] Level 1:colcon.colcon_core.package_discovery:discover_packages(recursive) check parameters
[0.450s] Level 1:colcon.colcon_core.package_discovery:discover_packages(ignore) check parameters
[0.450s] Level 1:colcon.colcon_core.package_discovery:discover_packages(path) check parameters
[0.450s] Level 1:colcon.colcon_core.package_discovery:discover_packages(colcon_meta) discover
[0.450s] Level 1:colcon.colcon_core.package_discovery:discover_packages(recursive) discover
[0.450s] INFO:colcon.colcon_core.package_discovery:Crawling recursively for packages in '/home/songwoo/colcon_ws'
[0.450s] Level 1:colcon.colcon_core.package_identification:_identify(.) by extensions ['ignore', 'ignore_ament_install']
[0.450s] Level 1:colcon.colcon_core.package_identification:_identify(.) by extension 'ignore'
[0.450s] Level 1:colcon.colcon_core.package_identification:_identify(.) by extension 'ignore_ament_install'
[0.451s] Level 1:colcon.colcon_core.package_identification:_identify(.) by extensions ['colcon_pkg']
[0.451s] Level 1:colcon.colcon_core.package_identification:_identify(.) by extension 'colcon_pkg'
[0.451s] Level 1:colcon.colcon_core.package_identification:_identify(.) by extensions ['colcon_meta']
[0.451s] Level 1:colcon.colcon_core.package_identification:_identify(.) by extension 'colcon_meta'
[0.451s] Level 1:colcon.colcon_core.package_identification:_identify(.) by extensions ['ros']
[0.451s] Level 1:colcon.colcon_core.package_identification:_identify(.) by extension 'ros'
[0.512s] Level 1:colcon.colcon_core.package_identification:_identify(.) by extensions ['cmake', 'python']
[0.512s] Level 1:colcon.colcon_core.package_identification:_identify(.) by extension 'cmake'
[0.512s] Level 1:colcon.colcon_core.package_identification:_identify(.) by extension 'python'
[0.512s] Level 1:colcon.colcon_core.package_identification:_identify(.) by extensions ['python_setup_py']
[0.513s] Level 1:colcon.colcon_core.package_identification:_identify(.) by extension 'python_setup_py'
[0.513s] Level 1:colcon.colcon_core.package_identification:_identify(build) by extensions ['ignore', 'ignore_ament_install']
[0.513s] Level 1:colcon.colcon_core.package_identification:_identify(build) by extension 'ignore'
[0.513s] Level 1:colcon.colcon_core.package_identification:_identify(build) ignored
[0.513s] Level 1:colcon.colcon_core.package_identification:_identify(install) by extensions ['ignore', 'ignore_ament_install']
[0.513s] Level 1:colcon.colcon_core.package_identification:_identify(install) by extension 'ignore'
[0.514s] Level 1:colcon.colcon_core.package_identification:_identify(install) ignored
[0.514s] Level 1:colcon.colcon_core.package_identification:_identify(log) by extensions ['ignore', 'ignore_ament_install']
[0.514s] Level 1:colcon.colcon_core.package_identification:_identify(log) by extension 'ignore'
[0.514s] Level 1:colcon.colcon_core.package_identification:_identify(log) ignored
[0.514s] Level 1:colcon.colcon_core.package_identification:_identify(src) by extensions ['ignore', 'ignore_ament_install']
[0.514s] Level 1:colcon.colcon_core.package_identification:_identify(src) by extension 'ignore'
[0.515s] Level 1:colcon.colcon_core.package_identification:_identify(src) by extension 'ignore_ament_install'
[0.515s] Level 1:colcon.colcon_core.package_identification:_identify(src) by extensions ['colcon_pkg']
[0.515s] Level 1:colcon.colcon_core.package_identification:_identify(src) by extension 'colcon_pkg'
[0.515s] Level 1:colcon.colcon_core.package_identification:_identify(src) by extensions ['colcon_meta']
[0.515s] Level 1:colcon.colcon_core.package_identification:_identify(src) by extension 'colcon_meta'
[0.515s] Level 1:colcon.colcon_core.package_identification:_identify(src) by extensions ['ros']
[0.515s] Level 1:colcon.colcon_core.package_identification:_identify(src) by extension 'ros'
[0.515s] Level 1:colcon.colcon_core.package_identification:_identify(src) by extensions ['cmake', 'python']
[0.515s] Level 1:colcon.colcon_core.package_identification:_identify(src) by extension 'cmake'
[0.515s] Level 1:colcon.colcon_core.package_identification:_identify(src) by extension 'python'
[0.515s] Level 1:colcon.colcon_core.package_identification:_identify(src) by extensions ['python_setup_py']
[0.516s] Level 1:colcon.colcon_core.package_identification:_identify(src) by extension 'python_setup_py'
[0.516s] Level 1:colcon.colcon_core.package_identification:_identify(src/dclaw) by extensions ['ignore', 'ignore_ament_install']
[0.516s] Level 1:colcon.colcon_core.package_identification:_identify(src/dclaw) by extension 'ignore'
[0.516s] Level 1:colcon.colcon_core.package_identification:_identify(src/dclaw) by extension 'ignore_ament_install'
[0.516s] Level 1:colcon.colcon_core.package_identification:_identify(src/dclaw) by extensions ['colcon_pkg']
[0.516s] Level 1:colcon.colcon_core.package_identification:_identify(src/dclaw) by extension 'colcon_pkg'
[0.516s] Level 1:colcon.colcon_core.package_identification:_identify(src/dclaw) by extensions ['colcon_meta']
[0.516s] Level 1:colcon.colcon_core.package_identification:_identify(src/dclaw) by extension 'colcon_meta'
[0.517s] Level 1:colcon.colcon_core.package_identification:_identify(src/dclaw) by extensions ['ros']
[0.517s] Level 1:colcon.colcon_core.package_identification:_identify(src/dclaw) by extension 'ros'
[0.544s] DEBUG:colcon.colcon_core.package_identification:Package 'src/dclaw' with type 'ros.ament_python' and name 'dclaw'
[0.544s] Level 1:colcon.colcon_core.package_identification:_identify(src/dclaw_interfaces) by extensions ['ignore', 'ignore_ament_install']
[0.544s] Level 1:colcon.colcon_core.package_identification:_identify(src/dclaw_interfaces) by extension 'ignore'
[0.545s] Level 1:colcon.colcon_core.package_identification:_identify(src/dclaw_interfaces) by extension 'ignore_ament_install'
[0.545s] Level 1:colcon.colcon_core.package_identification:_identify(src/dclaw_interfaces) by extensions ['colcon_pkg']
[0.545s] Level 1:colcon.colcon_core.package_identification:_identify(src/dclaw_interfaces) by extension 'colcon_pkg'
[0.545s] Level 1:colcon.colcon_core.package_identification:_identify(src/dclaw_interfaces) by extensions ['colcon_meta']
[0.545s] Level 1:colcon.colcon_core.package_identification:_identify(src/dclaw_interfaces) by extension 'colcon_meta'
[0.545s] Level 1:colcon.colcon_core.package_identification:_identify(src/dclaw_interfaces) by extensions ['ros']
[0.545s] Level 1:colcon.colcon_core.package_identification:_identify(src/dclaw_interfaces) by extension 'ros'
[0.553s] DEBUG:colcon.colcon_core.package_identification:Package 'src/dclaw_interfaces' with type 'ros.ament_cmake' and name 'dclaw_interfaces'
[0.554s] Level 1:colcon.colcon_core.package_identification:_identify(src/test) by extensions ['ignore', 'ignore_ament_install']
[0.554s] Level 1:colcon.colcon_core.package_identification:_identify(src/test) by extension 'ignore'
[0.554s] Level 1:colcon.colcon_core.package_identification:_identify(src/test) by extension 'ignore_ament_install'
[0.554s] Level 1:colcon.colcon_core.package_identification:_identify(src/test) by extensions ['colcon_pkg']
[0.554s] Level 1:colcon.colcon_core.package_identification:_identify(src/test) by extension 'colcon_pkg'
[0.554s] Level 1:colcon.colcon_core.package_identification:_identify(src/test) by extensions ['colcon_meta']
[0.554s] Level 1:colcon.colcon_core.package_identification:_identify(src/test) by extension 'colcon_meta'
[0.554s] Level 1:colcon.colcon_core.package_identification:_identify(src/test) by extensions ['ros']
[0.555s] Level 1:colcon.colcon_core.package_identification:_identify(src/test) by extension 'ros'
[0.555s] DEBUG:colcon.colcon_core.package_identification:Package 'src/test' with type 'ros.ament_cmake' and name 'test'
[0.555s] Level 1:colcon.colcon_core.package_discovery:discover_packages(recursive) using defaults
[0.556s] Level 1:colcon.colcon_core.package_discovery:discover_packages(ignore) discover
[0.556s] Level 1:colcon.colcon_core.package_discovery:discover_packages(ignore) using defaults
[0.556s] Level 1:colcon.colcon_core.package_discovery:discover_packages(path) discover
[0.556s] Level 1:colcon.colcon_core.package_discovery:discover_packages(path) using defaults
[0.624s] Level 1:colcon.colcon_core.package_discovery:discover_packages(prefix_path) check parameters
[0.624s] Level 1:colcon.colcon_core.package_discovery:discover_packages(prefix_path) discover
[0.628s] DEBUG:colcon.colcon_installed_package_information.package_discovery:Found 5 installed packages in /home/songwoo/colcon_ws/install
[0.630s] DEBUG:colcon.colcon_installed_package_information.package_discovery:Found 257 installed packages in /opt/ros/foxy
[0.631s] Level 1:colcon.colcon_core.package_discovery:discover_packages(prefix_path) using defaults
[0.788s] Level 5:colcon.colcon_core.verb:set package 'dclaw_interfaces' build argument 'cmake_args' from command line to 'None'
[0.788s] Level 5:colcon.colcon_core.verb:set package 'dclaw_interfaces' build argument 'cmake_target' from command line to 'None'
[0.788s] Level 5:colcon.colcon_core.verb:set package 'dclaw_interfaces' build argument 'cmake_target_skip_unavailable' from command line to 'False'
[0.788s] Level 5:colcon.colcon_core.verb:set package 'dclaw_interfaces' build argument 'cmake_clean_cache' from command line to 'False'
[0.788s] Level 5:colcon.colcon_core.verb:set package 'dclaw_interfaces' build argument 'cmake_clean_first' from command line to 'False'
[0.788s] Level 5:colcon.colcon_core.verb:set package 'dclaw_interfaces' build argument 'cmake_force_configure' from command line to 'False'
[0.788s] Level 5:colcon.colcon_core.verb:set package 'dclaw_interfaces' build argument 'ament_cmake_args' from command line to 'None'
[0.788s] Level 5:colcon.colcon_core.verb:set package 'dclaw_interfaces' build argument 'catkin_cmake_args' from command line to 'None'
[0.788s] Level 5:colcon.colcon_core.verb:set package 'dclaw_interfaces' build argument 'catkin_skip_building_tests' from command line to 'False'
[0.788s] DEBUG:colcon.colcon_core.verb:Building package 'dclaw_interfaces' with the following arguments: {'ament_cmake_args': None, 'build_base': '/home/songwoo/colcon_ws/build/dclaw_interfaces', 'catkin_cmake_args': None, 'catkin_skip_building_tests': False, 'cmake_args': None, 'cmake_clean_cache': False, 'cmake_clean_first': False, 'cmake_force_configure': False, 'cmake_target': None, 'cmake_target_skip_unavailable': False, 'install_base': '/home/songwoo/colcon_ws/install/dclaw_interfaces', 'merge_install': False, 'path': '/home/songwoo/colcon_ws/src/dclaw_interfaces', 'symlink_install': True, 'test_result_base': None}
[0.788s] Level 5:colcon.colcon_core.verb:set package 'test' build argument 'cmake_args' from command line to 'None'
[0.788s] Level 5:colcon.colcon_core.verb:set package 'test' build argument 'cmake_target' from command line to 'None'
[0.788s] Level 5:colcon.colcon_core.verb:set package 'test' build argument 'cmake_target_skip_unavailable' from command line to 'False'
[0.789s] Level 5:colcon.colcon_core.verb:set package 'test' build argument 'cmake_clean_cache' from command line to 'False'
[0.789s] Level 5:colcon.colcon_core.verb:set package 'test' build argument 'cmake_clean_first' from command line to 'False'
[0.789s] Level 5:colcon.colcon_core.verb:set package 'test' build argument 'cmake_force_configure' from command line to 'False'
[0.789s] Level 5:colcon.colcon_core.verb:set package 'test' build argument 'ament_cmake_args' from command line to 'None'
[0.789s] Level 5:colcon.colcon_core.verb:set package 'test' build argument 'catkin_cmake_args' from command line to 'None'
[0.789s] Level 5:colcon.colcon_core.verb:set package 'test' build argument 'catkin_skip_building_tests' from command line to 'False'
[0.789s] DEBUG:colcon.colcon_core.verb:Building package 'test' with the following arguments: {'ament_cmake_args': None, 'build_base': '/home/songwoo/colcon_ws/build/test', 'catkin_cmake_args': None, 'catkin_skip_building_tests': False, 'cmake_args': None, 'cmake_clean_cache': False, 'cmake_clean_first': False, 'cmake_force_configure': False, 'cmake_target': None, 'cmake_target_skip_unavailable': False, 'install_base': '/home/songwoo/colcon_ws/install/test', 'merge_install': False, 'path': '/home/songwoo/colcon_ws/src/test', 'symlink_install': True, 'test_result_base': None}
[0.789s] Level 5:colcon.colcon_core.verb:set package 'dclaw' build argument 'cmake_args' from command line to 'None'
[0.789s] Level 5:colcon.colcon_core.verb:set package 'dclaw' build argument 'cmake_target' from command line to 'None'
[0.789s] Level 5:colcon.colcon_core.verb:set package 'dclaw' build argument 'cmake_target_skip_unavailable' from command line to 'False'
[0.789s] Level 5:colcon.colcon_core.verb:set package 'dclaw' build argument 'cmake_clean_cache' from command line to 'False'
[0.789s] Level 5:colcon.colcon_core.verb:set package 'dclaw' build argument 'cmake_clean_first' from command line to 'False'
[0.789s] Level 5:colcon.colcon_core.verb:set package 'dclaw' build argument 'cmake_force_configure' from command line to 'False'
[0.789s] Level 5:colcon.colcon_core.verb:set package 'dclaw' build argument 'ament_cmake_args' from command line to 'None'
[0.789s] Level 5:colcon.colcon_core.verb:set package 'dclaw' build argument 'catkin_cmake_args' from command line to 'None'
[0.789s] Level 5:colcon.colcon_core.verb:set package 'dclaw' build argument 'catkin_skip_building_tests' from command line to 'False'
[0.789s] DEBUG:colcon.colcon_core.verb:Building package 'dclaw' with the following arguments: {'ament_cmake_args': None, 'build_base': '/home/songwoo/colcon_ws/build/dclaw', 'catkin_cmake_args': None, 'catkin_skip_building_tests': False, 'cmake_args': None, 'cmake_clean_cache': False, 'cmake_clean_first': False, 'cmake_force_configure': False, 'cmake_target': None, 'cmake_target_skip_unavailable': False, 'install_base': '/home/songwoo/colcon_ws/install/dclaw', 'merge_install': False, 'path': '/home/songwoo/colcon_ws/src/dclaw', 'symlink_install': True, 'test_result_base': None}
[0.790s] INFO:colcon.colcon_core.executor:Executing jobs using 'parallel' executor
[0.792s] DEBUG:colcon.colcon_parallel_executor.executor.parallel:run_until_complete
[0.793s] INFO:colcon.colcon_ros.task.ament_cmake.build:Building ROS package in '/home/songwoo/colcon_ws/src/dclaw_interfaces' with build type 'ament_cmake'
[0.793s] INFO:colcon.colcon_cmake.task.cmake.build:Building CMake package in '/home/songwoo/colcon_ws/src/dclaw_interfaces'
[0.804s] INFO:colcon.colcon_core.plugin_system:Skipping extension 'colcon_core.shell.bat': Not used on non-Windows systems
[0.804s] INFO:colcon.colcon_core.shell:Skip shell extension 'powershell' for command environment: Not usable outside of PowerShell
[0.804s] DEBUG:colcon.colcon_core.shell:Skip shell extension 'dsv' for command environment
[0.819s] INFO:colcon.colcon_ros.task.ament_cmake.build:Building ROS package in '/home/songwoo/colcon_ws/src/test' with build type 'ament_cmake'
[0.819s] INFO:colcon.colcon_cmake.task.cmake.build:Building CMake package in '/home/songwoo/colcon_ws/src/test'
[0.820s] INFO:colcon.colcon_core.shell:Skip shell extension 'powershell' for command environment: Not usable outside of PowerShell
[0.820s] DEBUG:colcon.colcon_core.shell:Skip shell extension 'dsv' for command environment
[0.850s] DEBUG:colcon.colcon_core.event_handler.log_command:Invoking command in '/home/songwoo/colcon_ws/build/dclaw_interfaces': CMAKE_PREFIX_PATH=${CMAKE_PREFIX_PATH}:/home/songwoo/colcon_ws/install/dclaw:/opt/ros/foxy /usr/bin/cmake --build /home/songwoo/colcon_ws/build/dclaw_interfaces -- -j8 -l8
[0.879s] DEBUG:colcon.colcon_core.event_handler.log_command:Invoking command in '/home/songwoo/colcon_ws/build/test': CMAKE_PREFIX_PATH=${CMAKE_PREFIX_PATH}:/home/songwoo/colcon_ws/install/dclaw:/opt/ros/foxy /usr/bin/cmake --build /home/songwoo/colcon_ws/build/test -- -j8 -l8
[1.343s] DEBUG:colcon.colcon_core.event_handler.log_command:Invoked command in '/home/songwoo/colcon_ws/build/test' returned '0': CMAKE_PREFIX_PATH=${CMAKE_PREFIX_PATH}:/home/songwoo/colcon_ws/install/dclaw:/opt/ros/foxy /usr/bin/cmake --build /home/songwoo/colcon_ws/build/test -- -j8 -l8
[1.368s] DEBUG:colcon.colcon_core.event_handler.log_command:Invoking command in '/home/songwoo/colcon_ws/build/test': CMAKE_PREFIX_PATH=${CMAKE_PREFIX_PATH}:/home/songwoo/colcon_ws/install/dclaw:/opt/ros/foxy /usr/bin/cmake --install /home/songwoo/colcon_ws/build/test
[1.462s] Level 1:colcon.colcon_core.environment:create_environment_scripts_only(test)
[1.464s] DEBUG:colcon.colcon_core.event_handler.log_command:Invoked command in '/home/songwoo/colcon_ws/build/test' returned '0': CMAKE_PREFIX_PATH=${CMAKE_PREFIX_PATH}:/home/songwoo/colcon_ws/install/dclaw:/opt/ros/foxy /usr/bin/cmake --install /home/songwoo/colcon_ws/build/test
[1.474s] Level 1:colcon.colcon_core.environment:checking '/home/songwoo/colcon_ws/install/test' for CMake module files
[1.475s] Level 1:colcon.colcon_core.environment:checking '/home/songwoo/colcon_ws/install/test' for CMake config files
[1.476s] Level 1:colcon.colcon_core.shell:create_environment_hook('test', 'cmake_prefix_path')
[1.478s] INFO:colcon.colcon_core.shell:Creating environment hook '/home/songwoo/colcon_ws/install/test/share/test/hook/cmake_prefix_path.ps1'
[1.478s] INFO:colcon.colcon_core.shell:Creating environment descriptor '/home/songwoo/colcon_ws/install/test/share/test/hook/cmake_prefix_path.dsv'
[1.479s] INFO:colcon.colcon_core.shell:Creating environment hook '/home/songwoo/colcon_ws/install/test/share/test/hook/cmake_prefix_path.sh'
[1.480s] Level 1:colcon.colcon_core.environment:checking '/home/songwoo/colcon_ws/install/test/bin'
[1.480s] Level 1:colcon.colcon_core.environment:checking '/home/songwoo/colcon_ws/install/test/lib/pkgconfig/test.pc'
[1.480s] Level 1:colcon.colcon_core.environment:checking '/home/songwoo/colcon_ws/install/test/lib/python3.8/site-packages'
[1.480s] Level 1:colcon.colcon_core.environment:checking '/home/songwoo/colcon_ws/install/test/bin'
[1.481s] INFO:colcon.colcon_core.shell:Creating package script '/home/songwoo/colcon_ws/install/test/share/test/package.ps1'
[1.482s] INFO:colcon.colcon_core.shell:Creating package descriptor '/home/songwoo/colcon_ws/install/test/share/test/package.dsv'
[1.482s] INFO:colcon.colcon_core.shell:Creating package script '/home/songwoo/colcon_ws/install/test/share/test/package.sh'
[1.483s] INFO:colcon.colcon_core.shell:Creating package script '/home/songwoo/colcon_ws/install/test/share/test/package.bash'
[1.493s] INFO:colcon.colcon_core.shell:Creating package script '/home/songwoo/colcon_ws/install/test/share/test/package.zsh'
[1.493s] Level 1:colcon.colcon_core.environment:create_file_with_runtime_dependencies(/home/songwoo/colcon_ws/install/test/share/colcon-core/packages/test)
[1.508s] Level 1:colcon.colcon_core.environment:create_environment_scripts_only(test)
[1.510s] Level 1:colcon.colcon_core.environment:checking '/home/songwoo/colcon_ws/install/test' for CMake module files
[1.510s] Level 1:colcon.colcon_core.environment:checking '/home/songwoo/colcon_ws/install/test' for CMake config files
[1.510s] Level 1:colcon.colcon_core.shell:create_environment_hook('test', 'cmake_prefix_path')
[1.511s] INFO:colcon.colcon_core.shell:Creating environment hook '/home/songwoo/colcon_ws/install/test/share/test/hook/cmake_prefix_path.ps1'
[1.512s] INFO:colcon.colcon_core.shell:Creating environment descriptor '/home/songwoo/colcon_ws/install/test/share/test/hook/cmake_prefix_path.dsv'
[1.512s] INFO:colcon.colcon_core.shell:Creating environment hook '/home/songwoo/colcon_ws/install/test/share/test/hook/cmake_prefix_path.sh'
[1.512s] Level 1:colcon.colcon_core.environment:checking '/home/songwoo/colcon_ws/install/test/bin'
[1.512s] Level 1:colcon.colcon_core.environment:checking '/home/songwoo/colcon_ws/install/test/lib/pkgconfig/test.pc'
[1.512s] Level 1:colcon.colcon_core.environment:checking '/home/songwoo/colcon_ws/install/test/lib/python3.8/site-packages'
[1.513s] Level 1:colcon.colcon_core.environment:checking '/home/songwoo/colcon_ws/install/test/bin'
[1.514s] INFO:colcon.colcon_core.shell:Creating package script '/home/songwoo/colcon_ws/install/test/share/test/package.ps1'
[1.514s] INFO:colcon.colcon_core.shell:Creating package descriptor '/home/songwoo/colcon_ws/install/test/share/test/package.dsv'
[1.514s] INFO:colcon.colcon_core.shell:Creating package script '/home/songwoo/colcon_ws/install/test/share/test/package.sh'
[1.514s] INFO:colcon.colcon_core.shell:Creating package script '/home/songwoo/colcon_ws/install/test/share/test/package.bash'
[1.515s] INFO:colcon.colcon_core.shell:Creating package script '/home/songwoo/colcon_ws/install/test/share/test/package.zsh'
[1.515s] Level 1:colcon.colcon_core.environment:create_file_with_runtime_dependencies(/home/songwoo/colcon_ws/install/test/share/colcon-core/packages/test)
[1.589s] DEBUG:colcon.colcon_core.event_handler.log_command:Invoked command in '/home/songwoo/colcon_ws/build/dclaw_interfaces' returned '0': CMAKE_PREFIX_PATH=${CMAKE_PREFIX_PATH}:/home/songwoo/colcon_ws/install/dclaw:/opt/ros/foxy /usr/bin/cmake --build /home/songwoo/colcon_ws/build/dclaw_interfaces -- -j8 -l8
[1.638s] DEBUG:colcon.colcon_core.event_handler.log_command:Invoking command in '/home/songwoo/colcon_ws/build/dclaw_interfaces': CMAKE_PREFIX_PATH=${CMAKE_PREFIX_PATH}:/home/songwoo/colcon_ws/install/dclaw:/opt/ros/foxy /usr/bin/cmake --install /home/songwoo/colcon_ws/build/dclaw_interfaces
[1.774s] Level 1:colcon.colcon_core.environment:create_environment_scripts_only(dclaw_interfaces)
[1.776s] Level 1:colcon.colcon_core.environment:checking '/home/songwoo/colcon_ws/install/dclaw_interfaces' for CMake module files
[1.777s] DEBUG:colcon.colcon_core.event_handler.log_command:Invoked command in '/home/songwoo/colcon_ws/build/dclaw_interfaces' returned '0': CMAKE_PREFIX_PATH=${CMAKE_PREFIX_PATH}:/home/songwoo/colcon_ws/install/dclaw:/opt/ros/foxy /usr/bin/cmake --install /home/songwoo/colcon_ws/build/dclaw_interfaces
[1.777s] Level 1:colcon.colcon_core.environment:checking '/home/songwoo/colcon_ws/install/dclaw_interfaces' for CMake config files
[1.778s] Level 1:colcon.colcon_core.shell:create_environment_hook('dclaw_interfaces', 'cmake_prefix_path')
[1.779s] INFO:colcon.colcon_core.shell:Creating environment hook '/home/songwoo/colcon_ws/install/dclaw_interfaces/share/dclaw_interfaces/hook/cmake_prefix_path.ps1'
[1.779s] INFO:colcon.colcon_core.shell:Creating environment descriptor '/home/songwoo/colcon_ws/install/dclaw_interfaces/share/dclaw_interfaces/hook/cmake_prefix_path.dsv'
[1.780s] INFO:colcon.colcon_core.shell:Creating environment hook '/home/songwoo/colcon_ws/install/dclaw_interfaces/share/dclaw_interfaces/hook/cmake_prefix_path.sh'
[1.780s] Level 1:colcon.colcon_core.environment:checking '/home/songwoo/colcon_ws/install/dclaw_interfaces/lib'
[1.780s] Level 1:colcon.colcon_core.shell:create_environment_hook('dclaw_interfaces', 'ld_library_path_lib')
[1.782s] INFO:colcon.colcon_core.shell:Creating environment hook '/home/songwoo/colcon_ws/install/dclaw_interfaces/share/dclaw_interfaces/hook/ld_library_path_lib.ps1'
[1.782s] INFO:colcon.colcon_core.shell:Creating environment descriptor '/home/songwoo/colcon_ws/install/dclaw_interfaces/share/dclaw_interfaces/hook/ld_library_path_lib.dsv'
[1.782s] INFO:colcon.colcon_core.shell:Creating environment hook '/home/songwoo/colcon_ws/install/dclaw_interfaces/share/dclaw_interfaces/hook/ld_library_path_lib.sh'
[1.782s] Level 1:colcon.colcon_core.environment:checking '/home/songwoo/colcon_ws/install/dclaw_interfaces/bin'
[1.782s] Level 1:colcon.colcon_core.environment:checking '/home/songwoo/colcon_ws/install/dclaw_interfaces/lib/pkgconfig/dclaw_interfaces.pc'
[1.783s] Level 1:colcon.colcon_core.environment:checking '/home/songwoo/colcon_ws/install/dclaw_interfaces/lib/python3.8/site-packages'
[1.783s] Level 1:colcon.colcon_core.shell:create_environment_hook('dclaw_interfaces', 'pythonpath')
[1.784s] INFO:colcon.colcon_core.shell:Creating environment hook '/home/songwoo/colcon_ws/install/dclaw_interfaces/share/dclaw_interfaces/hook/pythonpath.ps1'
[1.784s] INFO:colcon.colcon_core.shell:Creating environment descriptor '/home/songwoo/colcon_ws/install/dclaw_interfaces/share/dclaw_interfaces/hook/pythonpath.dsv'
[1.785s] INFO:colcon.colcon_core.shell:Creating environment hook '/home/songwoo/colcon_ws/install/dclaw_interfaces/share/dclaw_interfaces/hook/pythonpath.sh'
[1.785s] Level 1:colcon.colcon_core.environment:checking '/home/songwoo/colcon_ws/install/dclaw_interfaces/bin'
[1.786s] INFO:colcon.colcon_core.shell:Creating package script '/home/songwoo/colcon_ws/install/dclaw_interfaces/share/dclaw_interfaces/package.ps1'
[1.787s] INFO:colcon.colcon_core.shell:Creating package descriptor '/home/songwoo/colcon_ws/install/dclaw_interfaces/share/dclaw_interfaces/package.dsv'
[1.787s] INFO:colcon.colcon_core.shell:Creating package script '/home/songwoo/colcon_ws/install/dclaw_interfaces/share/dclaw_interfaces/package.sh'
[1.788s] INFO:colcon.colcon_core.shell:Creating package script '/home/songwoo/colcon_ws/install/dclaw_interfaces/share/dclaw_interfaces/package.bash'
[1.788s] INFO:colcon.colcon_core.shell:Creating package script '/home/songwoo/colcon_ws/install/dclaw_interfaces/share/dclaw_interfaces/package.zsh'
[1.788s] Level 1:colcon.colcon_core.environment:create_file_with_runtime_dependencies(/home/songwoo/colcon_ws/install/dclaw_interfaces/share/colcon-core/packages/dclaw_interfaces)
[1.863s] Level 1:colcon.colcon_core.environment:create_environment_scripts_only(dclaw_interfaces)
[1.870s] Level 1:colcon.colcon_core.environment:checking '/home/songwoo/colcon_ws/install/dclaw_interfaces' for CMake module files
[1.872s] Level 1:colcon.colcon_core.environment:checking '/home/songwoo/colcon_ws/install/dclaw_interfaces' for CMake config files
[1.873s] Level 1:colcon.colcon_core.shell:create_environment_hook('dclaw_interfaces', 'cmake_prefix_path')
[1.878s] INFO:colcon.colcon_core.shell:Creating environment hook '/home/songwoo/colcon_ws/install/dclaw_interfaces/share/dclaw_interfaces/hook/cmake_prefix_path.ps1'
[1.880s] INFO:colcon.colcon_core.shell:Creating environment descriptor '/home/songwoo/colcon_ws/install/dclaw_interfaces/share/dclaw_interfaces/hook/cmake_prefix_path.dsv'
[1.881s] INFO:colcon.colcon_core.shell:Creating environment hook '/home/songwoo/colcon_ws/install/dclaw_interfaces/share/dclaw_interfaces/hook/cmake_prefix_path.sh'
[1.883s] Level 1:colcon.colcon_core.environment:checking '/home/songwoo/colcon_ws/install/dclaw_interfaces/lib'
[1.883s] Level 1:colcon.colcon_core.shell:create_environment_hook('dclaw_interfaces', 'ld_library_path_lib')
[1.886s] INFO:colcon.colcon_core.shell:Creating environment hook '/home/songwoo/colcon_ws/install/dclaw_interfaces/share/dclaw_interfaces/hook/ld_library_path_lib.ps1'
[1.887s] INFO:colcon.colcon_core.shell:Creating environment descriptor '/home/songwoo/colcon_ws/install/dclaw_interfaces/share/dclaw_interfaces/hook/ld_library_path_lib.dsv'
[1.888s] INFO:colcon.colcon_core.shell:Creating environment hook '/home/songwoo/colcon_ws/install/dclaw_interfaces/share/dclaw_interfaces/hook/ld_library_path_lib.sh'
[1.889s] Level 1:colcon.colcon_core.environment:checking '/home/songwoo/colcon_ws/install/dclaw_interfaces/bin'
[1.889s] Level 1:colcon.colcon_core.environment:checking '/home/songwoo/colcon_ws/install/dclaw_interfaces/lib/pkgconfig/dclaw_interfaces.pc'
[1.889s] Level 1:colcon.colcon_core.environment:checking '/home/songwoo/colcon_ws/install/dclaw_interfaces/lib/python3.8/site-packages'
[1.889s] Level 1:colcon.colcon_core.shell:create_environment_hook('dclaw_interfaces', 'pythonpath')
[1.892s] INFO:colcon.colcon_core.shell:Creating environment hook '/home/songwoo/colcon_ws/install/dclaw_interfaces/share/dclaw_interfaces/hook/pythonpath.ps1'
[1.892s] INFO:colcon.colcon_core.shell:Creating environment descriptor '/home/songwoo/colcon_ws/install/dclaw_interfaces/share/dclaw_interfaces/hook/pythonpath.dsv'
[1.893s] INFO:colcon.colcon_core.shell:Creating environment hook '/home/songwoo/colcon_ws/install/dclaw_interfaces/share/dclaw_interfaces/hook/pythonpath.sh'
[1.894s] Level 1:colcon.colcon_core.environment:checking '/home/songwoo/colcon_ws/install/dclaw_interfaces/bin'
[1.896s] INFO:colcon.colcon_core.shell:Creating package script '/home/songwoo/colcon_ws/install/dclaw_interfaces/share/dclaw_interfaces/package.ps1'
[1.897s] INFO:colcon.colcon_core.shell:Creating package descriptor '/home/songwoo/colcon_ws/install/dclaw_interfaces/share/dclaw_interfaces/package.dsv'
[1.898s] INFO:colcon.colcon_core.shell:Creating package script '/home/songwoo/colcon_ws/install/dclaw_interfaces/share/dclaw_interfaces/package.sh'
[1.898s] INFO:colcon.colcon_core.shell:Creating package script '/home/songwoo/colcon_ws/install/dclaw_interfaces/share/dclaw_interfaces/package.bash'
[1.899s] INFO:colcon.colcon_core.shell:Creating package script '/home/songwoo/colcon_ws/install/dclaw_interfaces/share/dclaw_interfaces/package.zsh'
[1.899s] Level 1:colcon.colcon_core.environment:create_file_with_runtime_dependencies(/home/songwoo/colcon_ws/install/dclaw_interfaces/share/colcon-core/packages/dclaw_interfaces)
[1.900s] INFO:colcon.colcon_ros.task.ament_python.build:Building ROS package in '/home/songwoo/colcon_ws/src/dclaw' with build type 'ament_python'
[1.900s] Level 1:colcon.colcon_core.shell:create_environment_hook('dclaw', 'ament_prefix_path')
[1.902s] INFO:colcon.colcon_core.shell:Creating environment hook '/home/songwoo/colcon_ws/install/dclaw/share/dclaw/hook/ament_prefix_path.ps1'
[1.902s] INFO:colcon.colcon_core.shell:Creating environment descriptor '/home/songwoo/colcon_ws/install/dclaw/share/dclaw/hook/ament_prefix_path.dsv'
[1.903s] INFO:colcon.colcon_core.shell:Creating environment hook '/home/songwoo/colcon_ws/install/dclaw/share/dclaw/hook/ament_prefix_path.sh'
[1.905s] INFO:colcon.colcon_core.shell:Skip shell extension 'powershell' for command environment: Not usable outside of PowerShell
[1.905s] DEBUG:colcon.colcon_core.shell:Skip shell extension 'dsv' for command environment
[2.124s] INFO:colcon.colcon_core.task.python.build:Building Python package in '/home/songwoo/colcon_ws/src/dclaw'
[2.125s] INFO:colcon.colcon_core.shell:Skip shell extension 'powershell' for command environment: Not usable outside of PowerShell
[2.125s] DEBUG:colcon.colcon_core.shell:Skip shell extension 'dsv' for command environment
[2.755s] DEBUG:colcon.colcon_core.event_handler.log_command:Invoking command in '/home/songwoo/colcon_ws/build/dclaw': CMAKE_PREFIX_PATH=/home/songwoo/colcon_ws/install/dclaw_interfaces:/home/songwoo/colcon_ws/install/test:/home/songwoo/colcon_ws/install/dclaw_ros LD_LIBRARY_PATH=/home/songwoo/colcon_ws/install/dclaw_interfaces/lib:/opt/ros/foxy/opt/yaml_cpp_vendor/lib:/opt/ros/foxy/opt/rviz_ogre_vendor/lib:/opt/ros/foxy/lib/x86_64-linux-gnu:/opt/ros/foxy/lib:/home/songwoo/.mujoco/mujoco200/bin:/home/songwoo/.mujoco/mujoco210/bin:/usr/lib/nvidia PYTHONPATH=/home/songwoo/colcon_ws/build/dclaw/prefix_override:/home/songwoo/colcon_ws/install/dclaw/lib/python3.8/site-packages:/home/songwoo/colcon_ws/install/dclaw_interfaces/lib/python3.8/site-packages:/home/songwoo/colcon_ws/build/dclaw:/home/songwoo/colcon_ws/install/dclaw/lib/python3.8/site-packages:/opt/ros/foxy/lib/python3.8/site-packages /usr/bin/python3 setup.py develop --editable --build-directory /home/songwoo/colcon_ws/build/dclaw/build --no-deps install_data
[3.141s] Level 1:colcon.colcon_core.shell:create_environment_hook('dclaw', 'pythonpath_develop')
[3.142s] INFO:colcon.colcon_core.shell:Creating environment hook '/home/songwoo/colcon_ws/build/dclaw/share/dclaw/hook/pythonpath_develop.ps1'
[3.143s] DEBUG:colcon.colcon_core.event_handler.log_command:Invoked command in '/home/songwoo/colcon_ws/build/dclaw' returned '0': CMAKE_PREFIX_PATH=/home/songwoo/colcon_ws/install/dclaw_interfaces:/home/songwoo/colcon_ws/install/test:/home/songwoo/colcon_ws/install/dclaw_ros LD_LIBRARY_PATH=/home/songwoo/colcon_ws/install/dclaw_interfaces/lib:/opt/ros/foxy/opt/yaml_cpp_vendor/lib:/opt/ros/foxy/opt/rviz_ogre_vendor/lib:/opt/ros/foxy/lib/x86_64-linux-gnu:/opt/ros/foxy/lib:/home/songwoo/.mujoco/mujoco200/bin:/home/songwoo/.mujoco/mujoco210/bin:/usr/lib/nvidia PYTHONPATH=/home/songwoo/colcon_ws/build/dclaw/prefix_override:/home/songwoo/colcon_ws/install/dclaw/lib/python3.8/site-packages:/home/songwoo/colcon_ws/install/dclaw_interfaces/lib/python3.8/site-packages:/home/songwoo/colcon_ws/build/dclaw:/home/songwoo/colcon_ws/install/dclaw/lib/python3.8/site-packages:/opt/ros/foxy/lib/python3.8/site-packages /usr/bin/python3 setup.py develop --editable --build-directory /home/songwoo/colcon_ws/build/dclaw/build --no-deps install_data
[3.143s] INFO:colcon.colcon_core.shell:Creating environment descriptor '/home/songwoo/colcon_ws/build/dclaw/share/dclaw/hook/pythonpath_develop.dsv'
[3.143s] INFO:colcon.colcon_core.shell:Creating environment hook '/home/songwoo/colcon_ws/build/dclaw/share/dclaw/hook/pythonpath_develop.sh'
[3.145s] Level 1:colcon.colcon_core.environment:checking '/home/songwoo/colcon_ws/install/dclaw' for CMake module files
[3.145s] Level 1:colcon.colcon_core.environment:checking '/home/songwoo/colcon_ws/install/dclaw' for CMake config files
[3.145s] Level 1:colcon.colcon_core.environment:checking '/home/songwoo/colcon_ws/install/dclaw/lib'
[3.145s] Level 1:colcon.colcon_core.environment:checking '/home/songwoo/colcon_ws/install/dclaw/bin'
[3.145s] Level 1:colcon.colcon_core.environment:checking '/home/songwoo/colcon_ws/install/dclaw/lib/pkgconfig/dclaw.pc'
[3.146s] Level 1:colcon.colcon_core.environment:checking '/home/songwoo/colcon_ws/install/dclaw/lib/python3.8/site-packages'
[3.146s] Level 1:colcon.colcon_core.shell:create_environment_hook('dclaw', 'pythonpath')
[3.147s] INFO:colcon.colcon_core.shell:Creating environment hook '/home/songwoo/colcon_ws/install/dclaw/share/dclaw/hook/pythonpath.ps1'
[3.147s] INFO:colcon.colcon_core.shell:Creating environment descriptor '/home/songwoo/colcon_ws/install/dclaw/share/dclaw/hook/pythonpath.dsv'
[3.147s] INFO:colcon.colcon_core.shell:Creating environment hook '/home/songwoo/colcon_ws/install/dclaw/share/dclaw/hook/pythonpath.sh'
[3.147s] Level 1:colcon.colcon_core.environment:checking '/home/songwoo/colcon_ws/install/dclaw/bin'
[3.147s] Level 1:colcon.colcon_core.environment:create_environment_scripts_only(dclaw)
[3.148s] INFO:colcon.colcon_core.shell:Creating package script '/home/songwoo/colcon_ws/install/dclaw/share/dclaw/package.ps1'
[3.149s] INFO:colcon.colcon_core.shell:Creating package descriptor '/home/songwoo/colcon_ws/install/dclaw/share/dclaw/package.dsv'
[3.149s] INFO:colcon.colcon_core.shell:Creating package script '/home/songwoo/colcon_ws/install/dclaw/share/dclaw/package.sh'
[3.149s] INFO:colcon.colcon_core.shell:Creating package script '/home/songwoo/colcon_ws/install/dclaw/share/dclaw/package.bash'
[3.150s] INFO:colcon.colcon_core.shell:Creating package script '/home/songwoo/colcon_ws/install/dclaw/share/dclaw/package.zsh'
[3.150s] Level 1:colcon.colcon_core.environment:create_file_with_runtime_dependencies(/home/songwoo/colcon_ws/install/dclaw/share/colcon-core/packages/dclaw)
[3.150s] DEBUG:colcon.colcon_parallel_executor.executor.parallel:closing loop
[3.150s] DEBUG:colcon.colcon_parallel_executor.executor.parallel:loop closed
[3.150s] DEBUG:colcon.colcon_parallel_executor.executor.parallel:run_until_complete finished with '0'
[3.150s] DEBUG:colcon.colcon_core.event_reactor:joining thread
[3.155s] INFO:colcon.colcon_core.plugin_system:Skipping extension 'colcon_notification.desktop_notification.terminal_notifier': Not used on non-Darwin systems
[3.155s] INFO:colcon.colcon_core.plugin_system:Skipping extension 'colcon_notification.desktop_notification.win32': Not used on non-Windows systems
[3.155s] INFO:colcon.colcon_notification.desktop_notification:Sending desktop notification using 'notify2'
[3.165s] DEBUG:colcon.colcon_core.event_reactor:joined thread
[3.167s] INFO:colcon.colcon_core.shell:Creating prefix script '/home/songwoo/colcon_ws/install/local_setup.ps1'
[3.167s] INFO:colcon.colcon_core.shell:Creating prefix util module '/home/songwoo/colcon_ws/install/_local_setup_util_ps1.py'
[3.168s] INFO:colcon.colcon_core.shell:Creating prefix chain script '/home/songwoo/colcon_ws/install/setup.ps1'
[3.182s] INFO:colcon.colcon_core.shell:Creating prefix script '/home/songwoo/colcon_ws/install/local_setup.sh'
[3.197s] INFO:colcon.colcon_core.shell:Creating prefix util module '/home/songwoo/colcon_ws/install/_local_setup_util_sh.py'
[3.199s] INFO:colcon.colcon_core.shell:Creating prefix chain script '/home/songwoo/colcon_ws/install/setup.sh'
[3.202s] INFO:colcon.colcon_core.shell:Creating prefix script '/home/songwoo/colcon_ws/install/local_setup.bash'
[3.202s] INFO:colcon.colcon_core.shell:Creating prefix chain script '/home/songwoo/colcon_ws/install/setup.bash'
[3.203s] INFO:colcon.colcon_core.shell:Creating prefix script '/home/songwoo/colcon_ws/install/local_setup.zsh'
[3.203s] INFO:colcon.colcon_core.shell:Creating prefix chain script '/home/songwoo/colcon_ws/install/setup.zsh'
