[0.019s] Invoking command in '/home/songwoo/colcon_ws/build/dclaw_interfaces': CMAKE_PREFIX_PATH=/opt/ros/foxy /usr/bin/cmake /home/songwoo/colcon_ws/src/dclaw_interfaces -DAMENT_CMAKE_SYMLINK_INSTALL=1 -DCMAKE_INSTALL_PREFIX=/home/songwoo/colcon_ws/install/dclaw_interfaces
[0.028s] -- Found ament_cmake: 0.9.11 (/opt/ros/foxy/share/ament_cmake/cmake)
[0.043s] -- Found PythonInterp: /usr/bin/python3 (found suitable version "3.8.10", minimum required is "3") 
[0.043s] -- Using PYTHON_EXECUTABLE: /usr/bin/python3
[0.172s] -- Override CMake install command with custom implementation using symlinks instead of copying resources
[0.177s] -- Found rosidl_default_generators: 1.0.1 (/opt/ros/foxy/share/rosidl_default_generators/cmake)
[0.179s] -- Using all available rosidl_typesupport_c: rosidl_typesupport_fastrtps_c;rosidl_typesupport_introspection_c
[0.181s] -- Found rosidl_adapter: 1.3.0 (/opt/ros/foxy/share/rosidl_adapter/cmake)
[0.270s] -- Using all available rosidl_typesupport_cpp: rosidl_typesupport_fastrtps_cpp;rosidl_typesupport_introspection_cpp
[0.300s] -- Found PythonInterp: /usr/bin/python3 (found version "3.8.10") 
[0.421s] CMake Error at /opt/ros/foxy/share/rosidl_adapter/cmake/rosidl_adapt_interfaces.cmake:60 (message):
[0.421s]   execute_process(/usr/bin/python3 -m rosidl_adapter --package-name
[0.421s]   dclaw_interfaces --arguments-file
[0.421s]   /home/songwoo/colcon_ws/build/dclaw_interfaces/rosidl_adapter__arguments__dclaw_interfaces.json
[0.421s]   --output-dir
[0.421s]   /home/songwoo/colcon_ws/build/dclaw_interfaces/rosidl_adapter/dclaw_interfaces
[0.421s]   --output-file
[0.421s]   /home/songwoo/colcon_ws/build/dclaw_interfaces/rosidl_adapter/dclaw_interfaces.idls)
[0.421s]   returned error code 1:
[0.421s] 
[0.421s]   Traceback (most recent call last):
[0.421s] 
[0.421s]     File "/usr/lib/python3.8/runpy.py", line 194, in _run_module_as_main
[0.421s]       return _run_code(code, main_globals, None,
[0.422s]     File "/usr/lib/python3.8/runpy.py", line 87, in _run_code
[0.422s]       exec(code, run_globals)
[0.422s]     File "/opt/ros/foxy/lib/python3.8/site-packages/rosidl_adapter/__main__.py", line 19, in <module>
[0.422s]       sys.exit(main())
[0.422s]     File "/opt/ros/foxy/lib/python3.8/site-packages/rosidl_adapter/main.py", line 53, in main
[0.422s]       abs_idl_file = convert_to_idl(
[0.422s]     File "/opt/ros/foxy/lib/python3.8/site-packages/rosidl_adapter/__init__.py", line 24, in convert_to_idl
[0.422s]       return convert_srv_to_idl(
[0.422s]     File "/opt/ros/foxy/lib/python3.8/site-packages/rosidl_adapter/srv/__init__.py", line 28, in convert_srv_to_idl
[0.422s]       srv = parse_service_string(package_name, input_file.stem, content)
[0.422s]     File "/opt/ros/foxy/lib/python3.8/site-packages/rosidl_adapter/parser.py", line 843, in parse_service_string
[0.422s]       raise InvalidServiceSpecification(
[0.422s] 
[0.422s]   rosidl_adapter.parser.InvalidServiceSpecification: Could not find separator
[0.422s]   '---' between request and response
[0.422s] 
[0.422s] Call Stack (most recent call first):
[0.422s]   /opt/ros/foxy/share/rosidl_cmake/cmake/rosidl_generate_interfaces.cmake:130 (rosidl_adapt_interfaces)
[0.422s]   CMakeLists.txt:28 (rosidl_generate_interfaces)
[0.422s] 
[0.423s] 
[0.423s] -- Configuring incomplete, errors occurred!
[0.423s] See also "/home/songwoo/colcon_ws/build/dclaw_interfaces/CMakeFiles/CMakeOutput.log".
[0.425s] Invoked command in '/home/songwoo/colcon_ws/build/dclaw_interfaces' returned '1': CMAKE_PREFIX_PATH=/opt/ros/foxy /usr/bin/cmake /home/songwoo/colcon_ws/src/dclaw_interfaces -DAMENT_CMAKE_SYMLINK_INSTALL=1 -DCMAKE_INSTALL_PREFIX=/home/songwoo/colcon_ws/install/dclaw_interfaces
