[0.214s] DEBUG:colcon:Command line arguments: ['/usr/bin/colcon', 'build', '--symlink-install']
[0.215s] DEBUG:colcon:Parsed command line arguments: Namespace(allow_overriding=[], ament_cmake_args=None, base_paths=['.'], build_base='build', catkin_cmake_args=None, catkin_skip_building_tests=False, cmake_args=None, cmake_clean_cache=False, cmake_clean_first=False, cmake_force_configure=False, cmake_target=None, cmake_target_skip_unavailable=False, continue_on_error=False, event_handlers=None, executor='parallel', ignore_user_meta=False, install_base='install', log_base=None, log_level=None, main=<bound method BuildVerb.main of <colcon_core.verb.build.BuildVerb object at 0x7f83cace91c0>>, merge_install=False, metas=['./colcon.meta'], packages_above=None, packages_above_and_dependencies=None, packages_above_depth=None, packages_end=None, packages_ignore=None, packages_ignore_regex=None, packages_select=None, packages_select_build_failed=False, packages_select_by_dep=None, packages_select_regex=None, packages_select_test_failures=False, packages_skip=None, packages_skip_build_finished=False, packages_skip_by_dep=None, packages_skip_regex=None, packages_skip_test_passed=False, packages_skip_up_to=None, packages_start=None, packages_up_to=None, packages_up_to_regex=None, parallel_workers=8, paths=None, symlink_install=True, test_result_base=None, verb_extension=<colcon_core.verb.build.BuildVerb object at 0x7f83cace91c0>, verb_name='build', verb_parser=<colcon_defaults.argument_parser.defaults.DefaultArgumentsDecorator object at 0x7f83cace9700>)
[0.232s] Level 1:colcon.colcon_core.package_discovery:discover_packages(colcon_meta) check parameters
[0.232s] Level 1:colcon.colcon_core.package_discovery:discover_packages(recursive) check parameters
[0.232s] Level 1:colcon.colcon_core.package_discovery:discover_packages(ignore) check parameters
[0.232s] Level 1:colcon.colcon_core.package_discovery:discover_packages(path) check parameters
[0.233s] Level 1:colcon.colcon_core.package_discovery:discover_packages(colcon_meta) discover
[0.233s] Level 1:colcon.colcon_core.package_discovery:discover_packages(recursive) discover
[0.233s] INFO:colcon.colcon_core.package_discovery:Crawling recursively for packages in '/home/songwoo/colcon_ws'
[0.233s] Level 1:colcon.colcon_core.package_identification:_identify(.) by extensions ['ignore', 'ignore_ament_install']
[0.233s] Level 1:colcon.colcon_core.package_identification:_identify(.) by extension 'ignore'
[0.233s] Level 1:colcon.colcon_core.package_identification:_identify(.) by extension 'ignore_ament_install'
[0.233s] Level 1:colcon.colcon_core.package_identification:_identify(.) by extensions ['colcon_pkg']
[0.233s] Level 1:colcon.colcon_core.package_identification:_identify(.) by extension 'colcon_pkg'
[0.233s] Level 1:colcon.colcon_core.package_identification:_identify(.) by extensions ['colcon_meta']
[0.233s] Level 1:colcon.colcon_core.package_identification:_identify(.) by extension 'colcon_meta'
[0.233s] Level 1:colcon.colcon_core.package_identification:_identify(.) by extensions ['ros']
[0.233s] Level 1:colcon.colcon_core.package_identification:_identify(.) by extension 'ros'
[0.245s] Level 1:colcon.colcon_core.package_identification:_identify(.) by extensions ['cmake', 'python']
[0.245s] Level 1:colcon.colcon_core.package_identification:_identify(.) by extension 'cmake'
[0.246s] Level 1:colcon.colcon_core.package_identification:_identify(.) by extension 'python'
[0.246s] Level 1:colcon.colcon_core.package_identification:_identify(.) by extensions ['python_setup_py']
[0.246s] Level 1:colcon.colcon_core.package_identification:_identify(.) by extension 'python_setup_py'
[0.246s] Level 1:colcon.colcon_core.package_identification:_identify(build) by extensions ['ignore', 'ignore_ament_install']
[0.246s] Level 1:colcon.colcon_core.package_identification:_identify(build) by extension 'ignore'
[0.246s] Level 1:colcon.colcon_core.package_identification:_identify(build) ignored
[0.246s] Level 1:colcon.colcon_core.package_identification:_identify(install) by extensions ['ignore', 'ignore_ament_install']
[0.246s] Level 1:colcon.colcon_core.package_identification:_identify(install) by extension 'ignore'
[0.246s] Level 1:colcon.colcon_core.package_identification:_identify(install) ignored
[0.246s] Level 1:colcon.colcon_core.package_identification:_identify(log) by extensions ['ignore', 'ignore_ament_install']
[0.246s] Level 1:colcon.colcon_core.package_identification:_identify(log) by extension 'ignore'
[0.246s] Level 1:colcon.colcon_core.package_identification:_identify(log) ignored
[0.246s] Level 1:colcon.colcon_core.package_identification:_identify(src) by extensions ['ignore', 'ignore_ament_install']
[0.246s] Level 1:colcon.colcon_core.package_identification:_identify(src) by extension 'ignore'
[0.246s] Level 1:colcon.colcon_core.package_identification:_identify(src) by extension 'ignore_ament_install'
[0.246s] Level 1:colcon.colcon_core.package_identification:_identify(src) by extensions ['colcon_pkg']
[0.246s] Level 1:colcon.colcon_core.package_identification:_identify(src) by extension 'colcon_pkg'
[0.246s] Level 1:colcon.colcon_core.package_identification:_identify(src) by extensions ['colcon_meta']
[0.246s] Level 1:colcon.colcon_core.package_identification:_identify(src) by extension 'colcon_meta'
[0.246s] Level 1:colcon.colcon_core.package_identification:_identify(src) by extensions ['ros']
[0.246s] Level 1:colcon.colcon_core.package_identification:_identify(src) by extension 'ros'
[0.247s] Level 1:colcon.colcon_core.package_identification:_identify(src) by extensions ['cmake', 'python']
[0.247s] Level 1:colcon.colcon_core.package_identification:_identify(src) by extension 'cmake'
[0.247s] Level 1:colcon.colcon_core.package_identification:_identify(src) by extension 'python'
[0.247s] Level 1:colcon.colcon_core.package_identification:_identify(src) by extensions ['python_setup_py']
[0.247s] Level 1:colcon.colcon_core.package_identification:_identify(src) by extension 'python_setup_py'
[0.247s] Level 1:colcon.colcon_core.package_identification:_identify(src/dclaw) by extensions ['ignore', 'ignore_ament_install']
[0.247s] Level 1:colcon.colcon_core.package_identification:_identify(src/dclaw) by extension 'ignore'
[0.247s] Level 1:colcon.colcon_core.package_identification:_identify(src/dclaw) by extension 'ignore_ament_install'
[0.247s] Level 1:colcon.colcon_core.package_identification:_identify(src/dclaw) by extensions ['colcon_pkg']
[0.247s] Level 1:colcon.colcon_core.package_identification:_identify(src/dclaw) by extension 'colcon_pkg'
[0.247s] Level 1:colcon.colcon_core.package_identification:_identify(src/dclaw) by extensions ['colcon_meta']
[0.247s] Level 1:colcon.colcon_core.package_identification:_identify(src/dclaw) by extension 'colcon_meta'
[0.247s] Level 1:colcon.colcon_core.package_identification:_identify(src/dclaw) by extensions ['ros']
[0.247s] Level 1:colcon.colcon_core.package_identification:_identify(src/dclaw) by extension 'ros'
[0.249s] DEBUG:colcon.colcon_core.package_identification:Package 'src/dclaw' with type 'ros.ament_python' and name 'dclaw'
[0.249s] Level 1:colcon.colcon_core.package_identification:_identify(src/dclaw_interfaces) by extensions ['ignore', 'ignore_ament_install']
[0.249s] Level 1:colcon.colcon_core.package_identification:_identify(src/dclaw_interfaces) by extension 'ignore'
[0.249s] Level 1:colcon.colcon_core.package_identification:_identify(src/dclaw_interfaces) by extension 'ignore_ament_install'
[0.249s] Level 1:colcon.colcon_core.package_identification:_identify(src/dclaw_interfaces) by extensions ['colcon_pkg']
[0.249s] Level 1:colcon.colcon_core.package_identification:_identify(src/dclaw_interfaces) by extension 'colcon_pkg'
[0.249s] Level 1:colcon.colcon_core.package_identification:_identify(src/dclaw_interfaces) by extensions ['colcon_meta']
[0.249s] Level 1:colcon.colcon_core.package_identification:_identify(src/dclaw_interfaces) by extension 'colcon_meta'
[0.249s] Level 1:colcon.colcon_core.package_identification:_identify(src/dclaw_interfaces) by extensions ['ros']
[0.249s] Level 1:colcon.colcon_core.package_identification:_identify(src/dclaw_interfaces) by extension 'ros'
[0.249s] DEBUG:colcon.colcon_core.package_identification:Package 'src/dclaw_interfaces' with type 'ros.ament_cmake' and name 'dclaw_interfaces'
[0.249s] Level 1:colcon.colcon_core.package_identification:_identify(src/test) by extensions ['ignore', 'ignore_ament_install']
[0.249s] Level 1:colcon.colcon_core.package_identification:_identify(src/test) by extension 'ignore'
[0.250s] Level 1:colcon.colcon_core.package_identification:_identify(src/test) by extension 'ignore_ament_install'
[0.250s] Level 1:colcon.colcon_core.package_identification:_identify(src/test) by extensions ['colcon_pkg']
[0.250s] Level 1:colcon.colcon_core.package_identification:_identify(src/test) by extension 'colcon_pkg'
[0.250s] Level 1:colcon.colcon_core.package_identification:_identify(src/test) by extensions ['colcon_meta']
[0.250s] Level 1:colcon.colcon_core.package_identification:_identify(src/test) by extension 'colcon_meta'
[0.250s] Level 1:colcon.colcon_core.package_identification:_identify(src/test) by extensions ['ros']
[0.250s] Level 1:colcon.colcon_core.package_identification:_identify(src/test) by extension 'ros'
[0.250s] DEBUG:colcon.colcon_core.package_identification:Package 'src/test' with type 'ros.ament_cmake' and name 'test'
[0.250s] Level 1:colcon.colcon_core.package_discovery:discover_packages(recursive) using defaults
[0.250s] Level 1:colcon.colcon_core.package_discovery:discover_packages(ignore) discover
[0.250s] Level 1:colcon.colcon_core.package_discovery:discover_packages(ignore) using defaults
[0.250s] Level 1:colcon.colcon_core.package_discovery:discover_packages(path) discover
[0.250s] Level 1:colcon.colcon_core.package_discovery:discover_packages(path) using defaults
[0.264s] Level 1:colcon.colcon_core.package_discovery:discover_packages(prefix_path) check parameters
[0.264s] Level 1:colcon.colcon_core.package_discovery:discover_packages(prefix_path) discover
[0.266s] DEBUG:colcon.colcon_installed_package_information.package_discovery:Found 5 installed packages in /home/songwoo/colcon_ws/install
[0.267s] DEBUG:colcon.colcon_installed_package_information.package_discovery:Found 257 installed packages in /opt/ros/foxy
[0.268s] Level 1:colcon.colcon_core.package_discovery:discover_packages(prefix_path) using defaults
[0.314s] Level 5:colcon.colcon_core.verb:set package 'dclaw_interfaces' build argument 'cmake_args' from command line to 'None'
[0.314s] Level 5:colcon.colcon_core.verb:set package 'dclaw_interfaces' build argument 'cmake_target' from command line to 'None'
[0.314s] Level 5:colcon.colcon_core.verb:set package 'dclaw_interfaces' build argument 'cmake_target_skip_unavailable' from command line to 'False'
[0.314s] Level 5:colcon.colcon_core.verb:set package 'dclaw_interfaces' build argument 'cmake_clean_cache' from command line to 'False'
[0.314s] Level 5:colcon.colcon_core.verb:set package 'dclaw_interfaces' build argument 'cmake_clean_first' from command line to 'False'
[0.314s] Level 5:colcon.colcon_core.verb:set package 'dclaw_interfaces' build argument 'cmake_force_configure' from command line to 'False'
[0.314s] Level 5:colcon.colcon_core.verb:set package 'dclaw_interfaces' build argument 'ament_cmake_args' from command line to 'None'
[0.314s] Level 5:colcon.colcon_core.verb:set package 'dclaw_interfaces' build argument 'catkin_cmake_args' from command line to 'None'
[0.314s] Level 5:colcon.colcon_core.verb:set package 'dclaw_interfaces' build argument 'catkin_skip_building_tests' from command line to 'False'
[0.314s] DEBUG:colcon.colcon_core.verb:Building package 'dclaw_interfaces' with the following arguments: {'ament_cmake_args': None, 'build_base': '/home/songwoo/colcon_ws/build/dclaw_interfaces', 'catkin_cmake_args': None, 'catkin_skip_building_tests': False, 'cmake_args': None, 'cmake_clean_cache': False, 'cmake_clean_first': False, 'cmake_force_configure': False, 'cmake_target': None, 'cmake_target_skip_unavailable': False, 'install_base': '/home/songwoo/colcon_ws/install/dclaw_interfaces', 'merge_install': False, 'path': '/home/songwoo/colcon_ws/src/dclaw_interfaces', 'symlink_install': True, 'test_result_base': None}
[0.315s] Level 5:colcon.colcon_core.verb:set package 'test' build argument 'cmake_args' from command line to 'None'
[0.315s] Level 5:colcon.colcon_core.verb:set package 'test' build argument 'cmake_target' from command line to 'None'
[0.315s] Level 5:colcon.colcon_core.verb:set package 'test' build argument 'cmake_target_skip_unavailable' from command line to 'False'
[0.315s] Level 5:colcon.colcon_core.verb:set package 'test' build argument 'cmake_clean_cache' from command line to 'False'
[0.315s] Level 5:colcon.colcon_core.verb:set package 'test' build argument 'cmake_clean_first' from command line to 'False'
[0.315s] Level 5:colcon.colcon_core.verb:set package 'test' build argument 'cmake_force_configure' from command line to 'False'
[0.315s] Level 5:colcon.colcon_core.verb:set package 'test' build argument 'ament_cmake_args' from command line to 'None'
[0.315s] Level 5:colcon.colcon_core.verb:set package 'test' build argument 'catkin_cmake_args' from command line to 'None'
[0.315s] Level 5:colcon.colcon_core.verb:set package 'test' build argument 'catkin_skip_building_tests' from command line to 'False'
[0.315s] DEBUG:colcon.colcon_core.verb:Building package 'test' with the following arguments: {'ament_cmake_args': None, 'build_base': '/home/songwoo/colcon_ws/build/test', 'catkin_cmake_args': None, 'catkin_skip_building_tests': False, 'cmake_args': None, 'cmake_clean_cache': False, 'cmake_clean_first': False, 'cmake_force_configure': False, 'cmake_target': None, 'cmake_target_skip_unavailable': False, 'install_base': '/home/songwoo/colcon_ws/install/test', 'merge_install': False, 'path': '/home/songwoo/colcon_ws/src/test', 'symlink_install': True, 'test_result_base': None}
[0.316s] Level 5:colcon.colcon_core.verb:set package 'dclaw' build argument 'cmake_args' from command line to 'None'
[0.316s] Level 5:colcon.colcon_core.verb:set package 'dclaw' build argument 'cmake_target' from command line to 'None'
[0.316s] Level 5:colcon.colcon_core.verb:set package 'dclaw' build argument 'cmake_target_skip_unavailable' from command line to 'False'
[0.316s] Level 5:colcon.colcon_core.verb:set package 'dclaw' build argument 'cmake_clean_cache' from command line to 'False'
[0.316s] Level 5:colcon.colcon_core.verb:set package 'dclaw' build argument 'cmake_clean_first' from command line to 'False'
[0.316s] Level 5:colcon.colcon_core.verb:set package 'dclaw' build argument 'cmake_force_configure' from command line to 'False'
[0.316s] Level 5:colcon.colcon_core.verb:set package 'dclaw' build argument 'ament_cmake_args' from command line to 'None'
[0.316s] Level 5:colcon.colcon_core.verb:set package 'dclaw' build argument 'catkin_cmake_args' from command line to 'None'
[0.316s] Level 5:colcon.colcon_core.verb:set package 'dclaw' build argument 'catkin_skip_building_tests' from command line to 'False'
[0.316s] DEBUG:colcon.colcon_core.verb:Building package 'dclaw' with the following arguments: {'ament_cmake_args': None, 'build_base': '/home/songwoo/colcon_ws/build/dclaw', 'catkin_cmake_args': None, 'catkin_skip_building_tests': False, 'cmake_args': None, 'cmake_clean_cache': False, 'cmake_clean_first': False, 'cmake_force_configure': False, 'cmake_target': None, 'cmake_target_skip_unavailable': False, 'install_base': '/home/songwoo/colcon_ws/install/dclaw', 'merge_install': False, 'path': '/home/songwoo/colcon_ws/src/dclaw', 'symlink_install': True, 'test_result_base': None}
[0.317s] INFO:colcon.colcon_core.executor:Executing jobs using 'parallel' executor
[0.319s] DEBUG:colcon.colcon_parallel_executor.executor.parallel:run_until_complete
[0.319s] INFO:colcon.colcon_ros.task.ament_cmake.build:Building ROS package in '/home/songwoo/colcon_ws/src/dclaw_interfaces' with build type 'ament_cmake'
[0.320s] INFO:colcon.colcon_cmake.task.cmake.build:Building CMake package in '/home/songwoo/colcon_ws/src/dclaw_interfaces'
[0.322s] INFO:colcon.colcon_core.plugin_system:Skipping extension 'colcon_core.shell.bat': Not used on non-Windows systems
[0.322s] INFO:colcon.colcon_core.shell:Skip shell extension 'powershell' for command environment: Not usable outside of PowerShell
[0.322s] DEBUG:colcon.colcon_core.shell:Skip shell extension 'dsv' for command environment
[0.326s] INFO:colcon.colcon_ros.task.ament_cmake.build:Building ROS package in '/home/songwoo/colcon_ws/src/test' with build type 'ament_cmake'
[0.327s] INFO:colcon.colcon_cmake.task.cmake.build:Building CMake package in '/home/songwoo/colcon_ws/src/test'
[0.328s] INFO:colcon.colcon_core.shell:Skip shell extension 'powershell' for command environment: Not usable outside of PowerShell
[0.328s] DEBUG:colcon.colcon_core.shell:Skip shell extension 'dsv' for command environment
[0.336s] DEBUG:colcon.colcon_core.event_handler.log_command:Invoking command in '/home/songwoo/colcon_ws/build/dclaw_interfaces': CMAKE_PREFIX_PATH=${CMAKE_PREFIX_PATH}:/home/songwoo/colcon_ws/install/dclaw:/opt/ros/foxy /usr/bin/cmake --build /home/songwoo/colcon_ws/build/dclaw_interfaces -- -j8 -l8
[0.341s] DEBUG:colcon.colcon_core.event_handler.log_command:Invoking command in '/home/songwoo/colcon_ws/build/test': CMAKE_PREFIX_PATH=${CMAKE_PREFIX_PATH}:/home/songwoo/colcon_ws/install/dclaw:/opt/ros/foxy /usr/bin/cmake --build /home/songwoo/colcon_ws/build/test -- -j8 -l8
[0.366s] DEBUG:colcon.colcon_core.event_handler.log_command:Invoked command in '/home/songwoo/colcon_ws/build/test' returned '0': CMAKE_PREFIX_PATH=${CMAKE_PREFIX_PATH}:/home/songwoo/colcon_ws/install/dclaw:/opt/ros/foxy /usr/bin/cmake --build /home/songwoo/colcon_ws/build/test -- -j8 -l8
[0.388s] DEBUG:colcon.colcon_core.event_handler.log_command:Invoking command in '/home/songwoo/colcon_ws/build/test': CMAKE_PREFIX_PATH=${CMAKE_PREFIX_PATH}:/home/songwoo/colcon_ws/install/dclaw:/opt/ros/foxy /usr/bin/cmake --install /home/songwoo/colcon_ws/build/test
[0.403s] Level 1:colcon.colcon_core.environment:create_environment_scripts_only(test)
[0.404s] DEBUG:colcon.colcon_core.event_handler.log_command:Invoked command in '/home/songwoo/colcon_ws/build/test' returned '0': CMAKE_PREFIX_PATH=${CMAKE_PREFIX_PATH}:/home/songwoo/colcon_ws/install/dclaw:/opt/ros/foxy /usr/bin/cmake --install /home/songwoo/colcon_ws/build/test
[0.408s] Level 1:colcon.colcon_core.environment:checking '/home/songwoo/colcon_ws/install/test' for CMake module files
[0.408s] Level 1:colcon.colcon_core.environment:checking '/home/songwoo/colcon_ws/install/test' for CMake config files
[0.408s] Level 1:colcon.colcon_core.shell:create_environment_hook('test', 'cmake_prefix_path')
[0.409s] INFO:colcon.colcon_core.shell:Creating environment hook '/home/songwoo/colcon_ws/install/test/share/test/hook/cmake_prefix_path.ps1'
[0.410s] INFO:colcon.colcon_core.shell:Creating environment descriptor '/home/songwoo/colcon_ws/install/test/share/test/hook/cmake_prefix_path.dsv'
[0.410s] INFO:colcon.colcon_core.shell:Creating environment hook '/home/songwoo/colcon_ws/install/test/share/test/hook/cmake_prefix_path.sh'
[0.411s] Level 1:colcon.colcon_core.environment:checking '/home/songwoo/colcon_ws/install/test/bin'
[0.411s] Level 1:colcon.colcon_core.environment:checking '/home/songwoo/colcon_ws/install/test/lib/pkgconfig/test.pc'
[0.411s] Level 1:colcon.colcon_core.environment:checking '/home/songwoo/colcon_ws/install/test/lib/python3.8/site-packages'
[0.411s] Level 1:colcon.colcon_core.environment:checking '/home/songwoo/colcon_ws/install/test/bin'
[0.412s] INFO:colcon.colcon_core.shell:Creating package script '/home/songwoo/colcon_ws/install/test/share/test/package.ps1'
[0.412s] INFO:colcon.colcon_core.shell:Creating package descriptor '/home/songwoo/colcon_ws/install/test/share/test/package.dsv'
[0.413s] INFO:colcon.colcon_core.shell:Creating package script '/home/songwoo/colcon_ws/install/test/share/test/package.sh'
[0.413s] INFO:colcon.colcon_core.shell:Creating package script '/home/songwoo/colcon_ws/install/test/share/test/package.bash'
[0.414s] INFO:colcon.colcon_core.shell:Creating package script '/home/songwoo/colcon_ws/install/test/share/test/package.zsh'
[0.414s] Level 1:colcon.colcon_core.environment:create_file_with_runtime_dependencies(/home/songwoo/colcon_ws/install/test/share/colcon-core/packages/test)
[0.428s] Level 1:colcon.colcon_core.environment:create_environment_scripts_only(test)
[0.430s] Level 1:colcon.colcon_core.environment:checking '/home/songwoo/colcon_ws/install/test' for CMake module files
[0.430s] Level 1:colcon.colcon_core.environment:checking '/home/songwoo/colcon_ws/install/test' for CMake config files
[0.430s] Level 1:colcon.colcon_core.shell:create_environment_hook('test', 'cmake_prefix_path')
[0.431s] INFO:colcon.colcon_core.shell:Creating environment hook '/home/songwoo/colcon_ws/install/test/share/test/hook/cmake_prefix_path.ps1'
[0.432s] INFO:colcon.colcon_core.shell:Creating environment descriptor '/home/songwoo/colcon_ws/install/test/share/test/hook/cmake_prefix_path.dsv'
[0.432s] INFO:colcon.colcon_core.shell:Creating environment hook '/home/songwoo/colcon_ws/install/test/share/test/hook/cmake_prefix_path.sh'
[0.432s] Level 1:colcon.colcon_core.environment:checking '/home/songwoo/colcon_ws/install/test/bin'
[0.432s] Level 1:colcon.colcon_core.environment:checking '/home/songwoo/colcon_ws/install/test/lib/pkgconfig/test.pc'
[0.432s] Level 1:colcon.colcon_core.environment:checking '/home/songwoo/colcon_ws/install/test/lib/python3.8/site-packages'
[0.433s] Level 1:colcon.colcon_core.environment:checking '/home/songwoo/colcon_ws/install/test/bin'
[0.434s] INFO:colcon.colcon_core.shell:Creating package script '/home/songwoo/colcon_ws/install/test/share/test/package.ps1'
[0.434s] INFO:colcon.colcon_core.shell:Creating package descriptor '/home/songwoo/colcon_ws/install/test/share/test/package.dsv'
[0.434s] INFO:colcon.colcon_core.shell:Creating package script '/home/songwoo/colcon_ws/install/test/share/test/package.sh'
[0.435s] INFO:colcon.colcon_core.shell:Creating package script '/home/songwoo/colcon_ws/install/test/share/test/package.bash'
[0.435s] INFO:colcon.colcon_core.shell:Creating package script '/home/songwoo/colcon_ws/install/test/share/test/package.zsh'
[0.435s] Level 1:colcon.colcon_core.environment:create_file_with_runtime_dependencies(/home/songwoo/colcon_ws/install/test/share/colcon-core/packages/test)
[0.478s] DEBUG:colcon.colcon_core.event_handler.log_command:Invoked command in '/home/songwoo/colcon_ws/build/dclaw_interfaces' returned '0': CMAKE_PREFIX_PATH=${CMAKE_PREFIX_PATH}:/home/songwoo/colcon_ws/install/dclaw:/opt/ros/foxy /usr/bin/cmake --build /home/songwoo/colcon_ws/build/dclaw_interfaces -- -j8 -l8
[0.513s] DEBUG:colcon.colcon_core.event_handler.log_command:Invoking command in '/home/songwoo/colcon_ws/build/dclaw_interfaces': CMAKE_PREFIX_PATH=${CMAKE_PREFIX_PATH}:/home/songwoo/colcon_ws/install/dclaw:/opt/ros/foxy /usr/bin/cmake --install /home/songwoo/colcon_ws/build/dclaw_interfaces
[0.564s] Level 1:colcon.colcon_core.environment:create_environment_scripts_only(dclaw_interfaces)
[0.565s] DEBUG:colcon.colcon_core.event_handler.log_command:Invoked command in '/home/songwoo/colcon_ws/build/dclaw_interfaces' returned '0': CMAKE_PREFIX_PATH=${CMAKE_PREFIX_PATH}:/home/songwoo/colcon_ws/install/dclaw:/opt/ros/foxy /usr/bin/cmake --install /home/songwoo/colcon_ws/build/dclaw_interfaces
[0.566s] Level 1:colcon.colcon_core.environment:checking '/home/songwoo/colcon_ws/install/dclaw_interfaces' for CMake module files
[0.567s] Level 1:colcon.colcon_core.environment:checking '/home/songwoo/colcon_ws/install/dclaw_interfaces' for CMake config files
[0.567s] Level 1:colcon.colcon_core.shell:create_environment_hook('dclaw_interfaces', 'cmake_prefix_path')
[0.568s] INFO:colcon.colcon_core.shell:Creating environment hook '/home/songwoo/colcon_ws/install/dclaw_interfaces/share/dclaw_interfaces/hook/cmake_prefix_path.ps1'
[0.568s] INFO:colcon.colcon_core.shell:Creating environment descriptor '/home/songwoo/colcon_ws/install/dclaw_interfaces/share/dclaw_interfaces/hook/cmake_prefix_path.dsv'
[0.569s] INFO:colcon.colcon_core.shell:Creating environment hook '/home/songwoo/colcon_ws/install/dclaw_interfaces/share/dclaw_interfaces/hook/cmake_prefix_path.sh'
[0.569s] Level 1:colcon.colcon_core.environment:checking '/home/songwoo/colcon_ws/install/dclaw_interfaces/lib'
[0.569s] Level 1:colcon.colcon_core.shell:create_environment_hook('dclaw_interfaces', 'ld_library_path_lib')
[0.570s] INFO:colcon.colcon_core.shell:Creating environment hook '/home/songwoo/colcon_ws/install/dclaw_interfaces/share/dclaw_interfaces/hook/ld_library_path_lib.ps1'
[0.570s] INFO:colcon.colcon_core.shell:Creating environment descriptor '/home/songwoo/colcon_ws/install/dclaw_interfaces/share/dclaw_interfaces/hook/ld_library_path_lib.dsv'
[0.570s] INFO:colcon.colcon_core.shell:Creating environment hook '/home/songwoo/colcon_ws/install/dclaw_interfaces/share/dclaw_interfaces/hook/ld_library_path_lib.sh'
[0.571s] Level 1:colcon.colcon_core.environment:checking '/home/songwoo/colcon_ws/install/dclaw_interfaces/bin'
[0.571s] Level 1:colcon.colcon_core.environment:checking '/home/songwoo/colcon_ws/install/dclaw_interfaces/lib/pkgconfig/dclaw_interfaces.pc'
[0.571s] Level 1:colcon.colcon_core.environment:checking '/home/songwoo/colcon_ws/install/dclaw_interfaces/lib/python3.8/site-packages'
[0.571s] Level 1:colcon.colcon_core.shell:create_environment_hook('dclaw_interfaces', 'pythonpath')
[0.572s] INFO:colcon.colcon_core.shell:Creating environment hook '/home/songwoo/colcon_ws/install/dclaw_interfaces/share/dclaw_interfaces/hook/pythonpath.ps1'
[0.572s] INFO:colcon.colcon_core.shell:Creating environment descriptor '/home/songwoo/colcon_ws/install/dclaw_interfaces/share/dclaw_interfaces/hook/pythonpath.dsv'
[0.572s] INFO:colcon.colcon_core.shell:Creating environment hook '/home/songwoo/colcon_ws/install/dclaw_interfaces/share/dclaw_interfaces/hook/pythonpath.sh'
[0.573s] Level 1:colcon.colcon_core.environment:checking '/home/songwoo/colcon_ws/install/dclaw_interfaces/bin'
[0.574s] INFO:colcon.colcon_core.shell:Creating package script '/home/songwoo/colcon_ws/install/dclaw_interfaces/share/dclaw_interfaces/package.ps1'
[0.574s] INFO:colcon.colcon_core.shell:Creating package descriptor '/home/songwoo/colcon_ws/install/dclaw_interfaces/share/dclaw_interfaces/package.dsv'
[0.574s] INFO:colcon.colcon_core.shell:Creating package script '/home/songwoo/colcon_ws/install/dclaw_interfaces/share/dclaw_interfaces/package.sh'
[0.575s] INFO:colcon.colcon_core.shell:Creating package script '/home/songwoo/colcon_ws/install/dclaw_interfaces/share/dclaw_interfaces/package.bash'
[0.575s] INFO:colcon.colcon_core.shell:Creating package script '/home/songwoo/colcon_ws/install/dclaw_interfaces/share/dclaw_interfaces/package.zsh'
[0.575s] Level 1:colcon.colcon_core.environment:create_file_with_runtime_dependencies(/home/songwoo/colcon_ws/install/dclaw_interfaces/share/colcon-core/packages/dclaw_interfaces)
[0.612s] Level 1:colcon.colcon_core.environment:create_environment_scripts_only(dclaw_interfaces)
[0.614s] Level 1:colcon.colcon_core.environment:checking '/home/songwoo/colcon_ws/install/dclaw_interfaces' for CMake module files
[0.614s] Level 1:colcon.colcon_core.environment:checking '/home/songwoo/colcon_ws/install/dclaw_interfaces' for CMake config files
[0.614s] Level 1:colcon.colcon_core.shell:create_environment_hook('dclaw_interfaces', 'cmake_prefix_path')
[0.615s] INFO:colcon.colcon_core.shell:Creating environment hook '/home/songwoo/colcon_ws/install/dclaw_interfaces/share/dclaw_interfaces/hook/cmake_prefix_path.ps1'
[0.616s] INFO:colcon.colcon_core.shell:Creating environment descriptor '/home/songwoo/colcon_ws/install/dclaw_interfaces/share/dclaw_interfaces/hook/cmake_prefix_path.dsv'
[0.616s] INFO:colcon.colcon_core.shell:Creating environment hook '/home/songwoo/colcon_ws/install/dclaw_interfaces/share/dclaw_interfaces/hook/cmake_prefix_path.sh'
[0.616s] Level 1:colcon.colcon_core.environment:checking '/home/songwoo/colcon_ws/install/dclaw_interfaces/lib'
[0.616s] Level 1:colcon.colcon_core.shell:create_environment_hook('dclaw_interfaces', 'ld_library_path_lib')
[0.617s] INFO:colcon.colcon_core.shell:Creating environment hook '/home/songwoo/colcon_ws/install/dclaw_interfaces/share/dclaw_interfaces/hook/ld_library_path_lib.ps1'
[0.617s] INFO:colcon.colcon_core.shell:Creating environment descriptor '/home/songwoo/colcon_ws/install/dclaw_interfaces/share/dclaw_interfaces/hook/ld_library_path_lib.dsv'
[0.618s] INFO:colcon.colcon_core.shell:Creating environment hook '/home/songwoo/colcon_ws/install/dclaw_interfaces/share/dclaw_interfaces/hook/ld_library_path_lib.sh'
[0.618s] Level 1:colcon.colcon_core.environment:checking '/home/songwoo/colcon_ws/install/dclaw_interfaces/bin'
[0.618s] Level 1:colcon.colcon_core.environment:checking '/home/songwoo/colcon_ws/install/dclaw_interfaces/lib/pkgconfig/dclaw_interfaces.pc'
[0.618s] Level 1:colcon.colcon_core.environment:checking '/home/songwoo/colcon_ws/install/dclaw_interfaces/lib/python3.8/site-packages'
[0.618s] Level 1:colcon.colcon_core.shell:create_environment_hook('dclaw_interfaces', 'pythonpath')
[0.619s] INFO:colcon.colcon_core.shell:Creating environment hook '/home/songwoo/colcon_ws/install/dclaw_interfaces/share/dclaw_interfaces/hook/pythonpath.ps1'
[0.620s] INFO:colcon.colcon_core.shell:Creating environment descriptor '/home/songwoo/colcon_ws/install/dclaw_interfaces/share/dclaw_interfaces/hook/pythonpath.dsv'
[0.620s] INFO:colcon.colcon_core.shell:Creating environment hook '/home/songwoo/colcon_ws/install/dclaw_interfaces/share/dclaw_interfaces/hook/pythonpath.sh'
[0.620s] Level 1:colcon.colcon_core.environment:checking '/home/songwoo/colcon_ws/install/dclaw_interfaces/bin'
[0.621s] INFO:colcon.colcon_core.shell:Creating package script '/home/songwoo/colcon_ws/install/dclaw_interfaces/share/dclaw_interfaces/package.ps1'
[0.621s] INFO:colcon.colcon_core.shell:Creating package descriptor '/home/songwoo/colcon_ws/install/dclaw_interfaces/share/dclaw_interfaces/package.dsv'
[0.622s] INFO:colcon.colcon_core.shell:Creating package script '/home/songwoo/colcon_ws/install/dclaw_interfaces/share/dclaw_interfaces/package.sh'
[0.622s] INFO:colcon.colcon_core.shell:Creating package script '/home/songwoo/colcon_ws/install/dclaw_interfaces/share/dclaw_interfaces/package.bash'
[0.622s] INFO:colcon.colcon_core.shell:Creating package script '/home/songwoo/colcon_ws/install/dclaw_interfaces/share/dclaw_interfaces/package.zsh'
[0.623s] Level 1:colcon.colcon_core.environment:create_file_with_runtime_dependencies(/home/songwoo/colcon_ws/install/dclaw_interfaces/share/colcon-core/packages/dclaw_interfaces)
[0.623s] INFO:colcon.colcon_ros.task.ament_python.build:Building ROS package in '/home/songwoo/colcon_ws/src/dclaw' with build type 'ament_python'
[0.623s] Level 1:colcon.colcon_core.shell:create_environment_hook('dclaw', 'ament_prefix_path')
[0.624s] INFO:colcon.colcon_core.shell:Creating environment hook '/home/songwoo/colcon_ws/install/dclaw/share/dclaw/hook/ament_prefix_path.ps1'
[0.624s] INFO:colcon.colcon_core.shell:Creating environment descriptor '/home/songwoo/colcon_ws/install/dclaw/share/dclaw/hook/ament_prefix_path.dsv'
[0.625s] INFO:colcon.colcon_core.shell:Creating environment hook '/home/songwoo/colcon_ws/install/dclaw/share/dclaw/hook/ament_prefix_path.sh'
[0.626s] INFO:colcon.colcon_core.shell:Skip shell extension 'powershell' for command environment: Not usable outside of PowerShell
[0.626s] DEBUG:colcon.colcon_core.shell:Skip shell extension 'dsv' for command environment
[0.786s] INFO:colcon.colcon_core.task.python.build:Building Python package in '/home/songwoo/colcon_ws/src/dclaw'
[0.787s] INFO:colcon.colcon_core.shell:Skip shell extension 'powershell' for command environment: Not usable outside of PowerShell
[0.787s] DEBUG:colcon.colcon_core.shell:Skip shell extension 'dsv' for command environment
[1.045s] DEBUG:colcon.colcon_core.event_handler.log_command:Invoking command in '/home/songwoo/colcon_ws/build/dclaw': CMAKE_PREFIX_PATH=/home/songwoo/colcon_ws/install/dclaw_interfaces:/home/songwoo/colcon_ws/install/test:/home/songwoo/colcon_ws/install/dclaw_ros LD_LIBRARY_PATH=/home/songwoo/colcon_ws/install/dclaw_interfaces/lib:/opt/ros/foxy/opt/yaml_cpp_vendor/lib:/opt/ros/foxy/opt/rviz_ogre_vendor/lib:/opt/ros/foxy/lib/x86_64-linux-gnu:/opt/ros/foxy/lib:/home/songwoo/.mujoco/mujoco200/bin:/home/songwoo/.mujoco/mujoco200/bin PYTHONPATH=/home/songwoo/colcon_ws/build/dclaw/prefix_override:/home/songwoo/colcon_ws/install/dclaw/lib/python3.8/site-packages:/home/songwoo/colcon_ws/install/dclaw_interfaces/lib/python3.8/site-packages:/home/songwoo/colcon_ws/build/dclaw:/home/songwoo/colcon_ws/install/dclaw/lib/python3.8/site-packages:/opt/ros/foxy/lib/python3.8/site-packages /usr/bin/python3 setup.py develop --editable --build-directory /home/songwoo/colcon_ws/build/dclaw/build --no-deps install_data
[1.361s] Level 1:colcon.colcon_core.shell:create_environment_hook('dclaw', 'pythonpath_develop')
[1.363s] INFO:colcon.colcon_core.shell:Creating environment hook '/home/songwoo/colcon_ws/build/dclaw/share/dclaw/hook/pythonpath_develop.ps1'
[1.363s] DEBUG:colcon.colcon_core.event_handler.log_command:Invoked command in '/home/songwoo/colcon_ws/build/dclaw' returned '0': CMAKE_PREFIX_PATH=/home/songwoo/colcon_ws/install/dclaw_interfaces:/home/songwoo/colcon_ws/install/test:/home/songwoo/colcon_ws/install/dclaw_ros LD_LIBRARY_PATH=/home/songwoo/colcon_ws/install/dclaw_interfaces/lib:/opt/ros/foxy/opt/yaml_cpp_vendor/lib:/opt/ros/foxy/opt/rviz_ogre_vendor/lib:/opt/ros/foxy/lib/x86_64-linux-gnu:/opt/ros/foxy/lib:/home/songwoo/.mujoco/mujoco200/bin:/home/songwoo/.mujoco/mujoco200/bin PYTHONPATH=/home/songwoo/colcon_ws/build/dclaw/prefix_override:/home/songwoo/colcon_ws/install/dclaw/lib/python3.8/site-packages:/home/songwoo/colcon_ws/install/dclaw_interfaces/lib/python3.8/site-packages:/home/songwoo/colcon_ws/build/dclaw:/home/songwoo/colcon_ws/install/dclaw/lib/python3.8/site-packages:/opt/ros/foxy/lib/python3.8/site-packages /usr/bin/python3 setup.py develop --editable --build-directory /home/songwoo/colcon_ws/build/dclaw/build --no-deps install_data
[1.363s] INFO:colcon.colcon_core.shell:Creating environment descriptor '/home/songwoo/colcon_ws/build/dclaw/share/dclaw/hook/pythonpath_develop.dsv'
[1.363s] INFO:colcon.colcon_core.shell:Creating environment hook '/home/songwoo/colcon_ws/build/dclaw/share/dclaw/hook/pythonpath_develop.sh'
[1.365s] Level 1:colcon.colcon_core.environment:checking '/home/songwoo/colcon_ws/install/dclaw' for CMake module files
[1.365s] Level 1:colcon.colcon_core.environment:checking '/home/songwoo/colcon_ws/install/dclaw' for CMake config files
[1.366s] Level 1:colcon.colcon_core.environment:checking '/home/songwoo/colcon_ws/install/dclaw/lib'
[1.366s] Level 1:colcon.colcon_core.environment:checking '/home/songwoo/colcon_ws/install/dclaw/bin'
[1.366s] Level 1:colcon.colcon_core.environment:checking '/home/songwoo/colcon_ws/install/dclaw/lib/pkgconfig/dclaw.pc'
[1.366s] Level 1:colcon.colcon_core.environment:checking '/home/songwoo/colcon_ws/install/dclaw/lib/python3.8/site-packages'
[1.366s] Level 1:colcon.colcon_core.shell:create_environment_hook('dclaw', 'pythonpath')
[1.367s] INFO:colcon.colcon_core.shell:Creating environment hook '/home/songwoo/colcon_ws/install/dclaw/share/dclaw/hook/pythonpath.ps1'
[1.367s] INFO:colcon.colcon_core.shell:Creating environment descriptor '/home/songwoo/colcon_ws/install/dclaw/share/dclaw/hook/pythonpath.dsv'
[1.367s] INFO:colcon.colcon_core.shell:Creating environment hook '/home/songwoo/colcon_ws/install/dclaw/share/dclaw/hook/pythonpath.sh'
[1.368s] Level 1:colcon.colcon_core.environment:checking '/home/songwoo/colcon_ws/install/dclaw/bin'
[1.368s] Level 1:colcon.colcon_core.environment:create_environment_scripts_only(dclaw)
[1.369s] INFO:colcon.colcon_core.shell:Creating package script '/home/songwoo/colcon_ws/install/dclaw/share/dclaw/package.ps1'
[1.369s] INFO:colcon.colcon_core.shell:Creating package descriptor '/home/songwoo/colcon_ws/install/dclaw/share/dclaw/package.dsv'
[1.369s] INFO:colcon.colcon_core.shell:Creating package script '/home/songwoo/colcon_ws/install/dclaw/share/dclaw/package.sh'
[1.369s] INFO:colcon.colcon_core.shell:Creating package script '/home/songwoo/colcon_ws/install/dclaw/share/dclaw/package.bash'
[1.370s] INFO:colcon.colcon_core.shell:Creating package script '/home/songwoo/colcon_ws/install/dclaw/share/dclaw/package.zsh'
[1.370s] Level 1:colcon.colcon_core.environment:create_file_with_runtime_dependencies(/home/songwoo/colcon_ws/install/dclaw/share/colcon-core/packages/dclaw)
[1.370s] DEBUG:colcon.colcon_parallel_executor.executor.parallel:closing loop
[1.370s] DEBUG:colcon.colcon_parallel_executor.executor.parallel:loop closed
[1.370s] DEBUG:colcon.colcon_parallel_executor.executor.parallel:run_until_complete finished with '0'
[1.370s] DEBUG:colcon.colcon_core.event_reactor:joining thread
[1.374s] INFO:colcon.colcon_core.plugin_system:Skipping extension 'colcon_notification.desktop_notification.terminal_notifier': Not used on non-Darwin systems
[1.375s] INFO:colcon.colcon_core.plugin_system:Skipping extension 'colcon_notification.desktop_notification.win32': Not used on non-Windows systems
[1.375s] INFO:colcon.colcon_notification.desktop_notification:Sending desktop notification using 'notify2'
[1.383s] DEBUG:colcon.colcon_core.event_reactor:joined thread
[1.384s] INFO:colcon.colcon_core.shell:Creating prefix script '/home/songwoo/colcon_ws/install/local_setup.ps1'
[1.385s] INFO:colcon.colcon_core.shell:Creating prefix util module '/home/songwoo/colcon_ws/install/_local_setup_util_ps1.py'
[1.386s] INFO:colcon.colcon_core.shell:Creating prefix chain script '/home/songwoo/colcon_ws/install/setup.ps1'
[1.387s] INFO:colcon.colcon_core.shell:Creating prefix script '/home/songwoo/colcon_ws/install/local_setup.sh'
[1.387s] INFO:colcon.colcon_core.shell:Creating prefix util module '/home/songwoo/colcon_ws/install/_local_setup_util_sh.py'
[1.387s] INFO:colcon.colcon_core.shell:Creating prefix chain script '/home/songwoo/colcon_ws/install/setup.sh'
[1.388s] INFO:colcon.colcon_core.shell:Creating prefix script '/home/songwoo/colcon_ws/install/local_setup.bash'
[1.389s] INFO:colcon.colcon_core.shell:Creating prefix chain script '/home/songwoo/colcon_ws/install/setup.bash'
[1.389s] INFO:colcon.colcon_core.shell:Creating prefix script '/home/songwoo/colcon_ws/install/local_setup.zsh'
[1.390s] INFO:colcon.colcon_core.shell:Creating prefix chain script '/home/songwoo/colcon_ws/install/setup.zsh'
