[0.023s] Invoking command in '/home/songwoo/colcon_ws/build/dclaw_ros': CMAKE_PREFIX_PATH=${CMAKE_PREFIX_PATH}:/opt/ros/foxy /usr/bin/cmake /home/songwoo/colcon_ws/src/dclaw_ros -DAMENT_CMAKE_SYMLINK_INSTALL=1 -DCMAKE_INSTALL_PREFIX=/home/songwoo/colcon_ws/install/dclaw_ros
[0.061s] -- The C compiler identification is GNU 9.4.0
[0.096s] -- The CXX compiler identification is GNU 9.4.0
[0.100s] -- Check for working C compiler: /usr/bin/cc
[0.144s] -- Check for working C compiler: /usr/bin/cc -- works
[0.144s] -- Detecting C compiler ABI info
[0.188s] -- Detecting C compiler ABI info - done
[0.197s] -- Detecting C compile features
[0.197s] -- Detecting C compile features - done
[0.199s] -- Check for working CXX compiler: /usr/bin/c++
[0.276s] -- Check for working CXX compiler: /usr/bin/c++ -- works
[0.277s] -- Detecting CXX compiler ABI info
[0.328s] -- Detecting CXX compiler ABI info - done
[0.337s] -- Detecting CXX compile features
[0.337s] -- Detecting CXX compile features - done
[0.338s] -- Found ament_cmake: 0.9.11 (/opt/ros/foxy/share/ament_cmake/cmake)
[0.354s] -- Found PythonInterp: /usr/bin/python3 (found suitable version "3.8.10", minimum required is "3") 
[0.355s] -- Using PYTHON_EXECUTABLE: /usr/bin/python3
[0.478s] -- Override CMake install command with custom implementation using symlinks instead of copying resources
[0.491s] -- Found ament_lint_auto: 0.9.8 (/opt/ros/foxy/share/ament_lint_auto/cmake)
[0.541s] -- Added test 'copyright' to check source files copyright and LICENSE
[0.542s] -- Added test 'flake8' to check Python code syntax and style conventions
[0.542s] -- Added test 'lint_cmake' to check CMake code style
[0.543s] -- Added test 'pep257' to check Python code against some of the style conventions in PEP 257
[0.543s] -- Added test 'xmllint' to check XML markup files
[0.544s] -- Configuring done
[0.546s] -- Generating done
[0.546s] -- Build files have been written to: /home/songwoo/colcon_ws/build/dclaw_ros
[0.549s] Invoked command in '/home/songwoo/colcon_ws/build/dclaw_ros' returned '0': CMAKE_PREFIX_PATH=${CMAKE_PREFIX_PATH}:/opt/ros/foxy /usr/bin/cmake /home/songwoo/colcon_ws/src/dclaw_ros -DAMENT_CMAKE_SYMLINK_INSTALL=1 -DCMAKE_INSTALL_PREFIX=/home/songwoo/colcon_ws/install/dclaw_ros
[0.550s] Invoking command in '/home/songwoo/colcon_ws/build/dclaw_ros': CMAKE_PREFIX_PATH=${CMAKE_PREFIX_PATH}:/opt/ros/foxy /usr/bin/cmake --build /home/songwoo/colcon_ws/build/dclaw_ros -- -j8 -l8
[0.577s] Invoked command in '/home/songwoo/colcon_ws/build/dclaw_ros' returned '0': CMAKE_PREFIX_PATH=${CMAKE_PREFIX_PATH}:/opt/ros/foxy /usr/bin/cmake --build /home/songwoo/colcon_ws/build/dclaw_ros -- -j8 -l8
[0.591s] Invoking command in '/home/songwoo/colcon_ws/build/dclaw_ros': CMAKE_PREFIX_PATH=${CMAKE_PREFIX_PATH}:/opt/ros/foxy /usr/bin/cmake --install /home/songwoo/colcon_ws/build/dclaw_ros
[0.596s] -- Install configuration: ""
[0.596s] -- Execute custom install script
[0.597s] -- Symlinking: /home/songwoo/colcon_ws/install/dclaw_ros/share/ament_index/resource_index/package_run_dependencies/dclaw_ros
[0.602s] -- Symlinking: /home/songwoo/colcon_ws/install/dclaw_ros/share/ament_index/resource_index/parent_prefix_path/dclaw_ros
[0.607s] -- Symlinking: /home/songwoo/colcon_ws/install/dclaw_ros/share/dclaw_ros/environment/ament_prefix_path.sh
[0.613s] -- Symlinking: /home/songwoo/colcon_ws/install/dclaw_ros/share/dclaw_ros/environment/ament_prefix_path.dsv
[0.618s] -- Symlinking: /home/songwoo/colcon_ws/install/dclaw_ros/share/dclaw_ros/environment/path.sh
[0.624s] -- Symlinking: /home/songwoo/colcon_ws/install/dclaw_ros/share/dclaw_ros/environment/path.dsv
[0.631s] -- Symlinking: /home/songwoo/colcon_ws/install/dclaw_ros/share/dclaw_ros/local_setup.bash
[0.637s] -- Symlinking: /home/songwoo/colcon_ws/install/dclaw_ros/share/dclaw_ros/local_setup.sh
[0.643s] -- Symlinking: /home/songwoo/colcon_ws/install/dclaw_ros/share/dclaw_ros/local_setup.zsh
[0.649s] -- Symlinking: /home/songwoo/colcon_ws/install/dclaw_ros/share/dclaw_ros/local_setup.dsv
[0.655s] -- Symlinking: /home/songwoo/colcon_ws/install/dclaw_ros/share/dclaw_ros/package.dsv
[0.661s] -- Symlinking: /home/songwoo/colcon_ws/install/dclaw_ros/share/ament_index/resource_index/packages/dclaw_ros
[0.666s] -- Symlinking: /home/songwoo/colcon_ws/install/dclaw_ros/share/dclaw_ros/cmake/dclaw_rosConfig.cmake
[0.672s] -- Symlinking: /home/songwoo/colcon_ws/install/dclaw_ros/share/dclaw_ros/cmake/dclaw_rosConfig-version.cmake
[0.680s] -- Symlinking: /home/songwoo/colcon_ws/install/dclaw_ros/share/dclaw_ros/package.xml
[0.689s] Invoked command in '/home/songwoo/colcon_ws/build/dclaw_ros' returned '0': CMAKE_PREFIX_PATH=${CMAKE_PREFIX_PATH}:/opt/ros/foxy /usr/bin/cmake --install /home/songwoo/colcon_ws/build/dclaw_ros
